Removed Pin From Net: NetName=VDD_IN Pin=P8-1
Removed Pin From Net: NetName=NetC27_2 Pin=P?-1
Removed Pin From Net: NetName=VDD_12V Pin=P?-2
Removed Member From Class: ClassName=schema Member=P?
Change Component Footprint: Designator=P7 Old Footprint=SAMTEC-TSW-102-07-X-S New Footprint=61300311121
Change Component Footprint: Designator=P8 Old Footprint=SAMTEC-TSW-102-07-X-S New Footprint=61300311121
Change Component Comment : Designator=P7 Old Comment=SAMTEC_TSW-102-07-F-S New Comment=WÜRTH_61300311121
Change Component Comment : Designator=P8 Old Comment=SAMTEC_TSW-102-07-F-S New Comment=WÜRTH_61300311121
Change Managed Component Library Link : Designator=P7 Old VaultGUID=f058435f-3505-4789-a57d-e907864b6171 New VaultGUID=f058435f-3505-4789-a57d-e907864b6171 Old ItemGUID=27da577b-6daa-4dac-9040-17e1fd188e2b New ItemGUID=018f1b6f-f955-4877-879f-2d93252f1a2f Old RevisionGUID=ad9d816a-aade-468c-9737-51032e1ca5a2 New RevisionGUID=4e85c993-75b6-495d-a171-f6b60273e0bb
Change Managed Component Library Link : Designator=P8 Old VaultGUID=f058435f-3505-4789-a57d-e907864b6171 New VaultGUID=f058435f-3505-4789-a57d-e907864b6171 Old ItemGUID=27da577b-6daa-4dac-9040-17e1fd188e2b New ItemGUID=018f1b6f-f955-4877-879f-2d93252f1a2f Old RevisionGUID=ad9d816a-aade-468c-9737-51032e1ca5a2 New RevisionGUID=4e85c993-75b6-495d-a171-f6b60273e0bb
Change component parameters: Designator = "P7" ("P7"); Footprint = "SAMTEC-TSW-102-07-X-S"; UniqueID = "\PHCLHGJU" ("\PHCLHGJU")
Change component parameters (AddParameter): Name = "Datasheet"; Value = ""; VariantName = "[No Variations]"
Change component parameters (AddParameter): Name = "Manufacturer 1"; Value = "Würth"; VariantName = "[No Variations]"
Change component parameters (AddParameter): Name = "Manufacturer Part Number 1"; Value = "61300311121"; VariantName = "[No Variations]"
Change component parameters (AddParameter): Name = "Operating Temperature (°C)"; Value = "-40 to +125"; VariantName = "[No Variations]"
Change component parameters (AddParameter): Name = "Package"; Value = ""; VariantName = "[No Variations]"
Change component parameters (AddParameter): Name = "TC Alternative 1"; Value = ""; VariantName = "[No Variations]"
Change component parameters (AddParameter): Name = "TC ID"; Value = ""; VariantName = "[No Variations]"
Change component parameters: Designator = "P8" ("P8"); Footprint = "SAMTEC-TSW-102-07-X-S"; UniqueID = "\VUKPDLJP" ("\VUKPDLJP")
Change component parameters (AddParameter): Name = "Datasheet"; Value = ""; VariantName = "[No Variations]"
Change component parameters (AddParameter): Name = "Manufacturer 1"; Value = "Würth"; VariantName = "[No Variations]"
Change component parameters (AddParameter): Name = "Manufacturer Part Number 1"; Value = "61300311121"; VariantName = "[No Variations]"
Change component parameters (AddParameter): Name = "Operating Temperature (°C)"; Value = "-40 to +125"; VariantName = "[No Variations]"
Change component parameters (AddParameter): Name = "Package"; Value = ""; VariantName = "[No Variations]"
Change component parameters (AddParameter): Name = "TC Alternative 1"; Value = ""; VariantName = "[No Variations]"
Change component parameters (AddParameter): Name = "TC ID"; Value = ""; VariantName = "[No Variations]"
Added Pin To Net: NetName=NetC27_2 Pin=P7-3
Added Pin To Net: NetName=NetC27_2 Pin=P8-1
Added Pin To Net: NetName=VDD_IN Pin=P8-3
