Change component parameters: Designator = "C28" ("C28"); Footprint = "C0805N"; UniqueID = "\DNCMJMOH" ("\DNCMJMOH")
Change component parameters (AddParameter): Name = "Component Tolerance"; Value = "10%"; VariantName = "[No Variations]"
Change component parameters (AddParameter): Name = "Component Value"; Value = "10uF"; VariantName = "[No Variations]"
Change component parameters (AddParameter): Name = "Dielectric"; Value = "X5R"; VariantName = "[No Variations]"
Change component parameters (AddParameter): Name = "Manufacturer 1"; Value = ""; VariantName = "[No Variations]"
Change component parameters (AddParameter): Name = "Manufacturer Part Number 1"; Value = ""; VariantName = "[No Variations]"
Change component parameters (AddParameter): Name = "Operating Temperature (°C)"; Value = "-55 to +85"; VariantName = "[No Variations]"
Change component parameters (AddParameter): Name = "Package"; Value = "0805"; VariantName = "[No Variations]"
Change component parameters (AddParameter): Name = "TC Alternative 1"; Value = ""; VariantName = "[No Variations]"
Change component parameters (AddParameter): Name = "TC ID"; Value = "50024017"; VariantName = "[No Variations]"
Change component parameters (AddParameter): Name = "Voltage Rating"; Value = "10V"; VariantName = "[No Variations]"
Change component parameters: Designator = "C29" ("C29"); Footprint = "C0805N"; UniqueID = "\ETPPPYDR" ("\ETPPPYDR")
Change component parameters (AddParameter): Name = "Component Tolerance"; Value = "10%"; VariantName = "[No Variations]"
Change component parameters (AddParameter): Name = "Component Value"; Value = "10uF"; VariantName = "[No Variations]"
Change component parameters (AddParameter): Name = "Dielectric"; Value = "X5R"; VariantName = "[No Variations]"
Change component parameters (AddParameter): Name = "Manufacturer 1"; Value = ""; VariantName = "[No Variations]"
Change component parameters (AddParameter): Name = "Manufacturer Part Number 1"; Value = ""; VariantName = "[No Variations]"
Change component parameters (AddParameter): Name = "Operating Temperature (°C)"; Value = "-55 to +85"; VariantName = "[No Variations]"
Change component parameters (AddParameter): Name = "Package"; Value = "0805"; VariantName = "[No Variations]"
Change component parameters (AddParameter): Name = "TC Alternative 1"; Value = ""; VariantName = "[No Variations]"
Change component parameters (AddParameter): Name = "TC ID"; Value = "50024017"; VariantName = "[No Variations]"
Change component parameters (AddParameter): Name = "Voltage Rating"; Value = "10V"; VariantName = "[No Variations]"
Added Component: Designator=C33(C0805N)
Add component (AddParameter): Name = "Component Tolerance"; Value = "10%"; VariantName = "[No Variations]"
Add component (AddParameter): Name = "Component Value"; Value = "10uF"; VariantName = "[No Variations]"
Add component (AddParameter): Name = "Dielectric"; Value = "X5R"; VariantName = "[No Variations]"
Add component (AddParameter): Name = "Manufacturer 1"; Value = ""; VariantName = "[No Variations]"
Add component (AddParameter): Name = "Manufacturer Part Number 1"; Value = ""; VariantName = "[No Variations]"
Add component (AddParameter): Name = "Operating Temperature (°C)"; Value = "-55 to +85"; VariantName = "[No Variations]"
Add component (AddParameter): Name = "Package"; Value = "0805"; VariantName = "[No Variations]"
Add component (AddParameter): Name = "TC Alternative 1"; Value = ""; VariantName = "[No Variations]"
Add component (AddParameter): Name = "TC ID"; Value = "50024017"; VariantName = "[No Variations]"
Add component (AddParameter): Name = "Voltage Rating"; Value = "10V"; VariantName = "[No Variations]"
Added Component: Designator=C34(C0805N)
Add component (AddParameter): Name = "Component Tolerance"; Value = "10%"; VariantName = "[No Variations]"
Add component (AddParameter): Name = "Component Value"; Value = "10uF"; VariantName = "[No Variations]"
Add component (AddParameter): Name = "Dielectric"; Value = "X5R"; VariantName = "[No Variations]"
Add component (AddParameter): Name = "Manufacturer 1"; Value = ""; VariantName = "[No Variations]"
Add component (AddParameter): Name = "Manufacturer Part Number 1"; Value = ""; VariantName = "[No Variations]"
Add component (AddParameter): Name = "Operating Temperature (°C)"; Value = "-55 to +85"; VariantName = "[No Variations]"
Add component (AddParameter): Name = "Package"; Value = "0805"; VariantName = "[No Variations]"
Add component (AddParameter): Name = "TC Alternative 1"; Value = ""; VariantName = "[No Variations]"
Add component (AddParameter): Name = "TC ID"; Value = "50024017"; VariantName = "[No Variations]"
Add component (AddParameter): Name = "Voltage Rating"; Value = "10V"; VariantName = "[No Variations]"
Added Pin To Net: NetName=GND Pin=C33-1
Added Pin To Net: NetName=NetC27_2 Pin=C33-2
Added Pin To Net: NetName=GND Pin=C34-1
Added Pin To Net: NetName=NetC27_2 Pin=C34-2
Added Member To Class: ClassName=schema Member=Component C33 CAP MLCC 22uF 0805 10% 10V X5R
Added Member To Class: ClassName=schema Member=Component C34 CAP MLCC 22uF 0805 10% 10V X5R
