Removed Pin From Net: NetName=VDD_12V Pin=C27-2
Removed Pin From Net: NetName=VDD_12V Pin=C28-2
Removed Pin From Net: NetName=VDD_12V Pin=C29-2
Removed Pin From Net: NetName=VDD_12V Pin=L3-2
Removed Pin From Net: NetName=VDD_12V Pin=R7-2
Change component parameters: Designator = "R9" ("R9"); Footprint = "R0402N"; UniqueID = "\VWTZRMLQ" ("\VWTZRMLQ")
Change component parameters (AddParameter): Name = "Component Tolerance"; Value = "1%"; VariantName = "[No Variations]"
Change component parameters (AddParameter): Name = "Component Value"; Value = "9.09k"; VariantName = "[No Variations]"
Change component parameters (AddParameter): Name = "Manufacturer 1"; Value = ""; VariantName = "[No Variations]"
Change component parameters (AddParameter): Name = "Manufacturer Part Number 1"; Value = ""; VariantName = "[No Variations]"
Change component parameters (AddParameter): Name = "Operating Temperature (°C)"; Value = "-55 to +125"; VariantName = "[No Variations]"
Change component parameters (AddParameter): Name = "Package"; Value = "0402"; VariantName = "[No Variations]"
Change component parameters (AddParameter): Name = "Power Rating"; Value = "63mW"; VariantName = "[No Variations]"
Change component parameters (AddParameter): Name = "TC Alternative 1"; Value = ""; VariantName = "[No Variations]"
Change component parameters (AddParameter): Name = "TC ID"; Value = "50020637"; VariantName = "[No Variations]"
Change component parameters (AddParameter): Name = "Voltage Rating"; Value = ""; VariantName = "[No Variations]"
Change component parameters: Designator = "L3" ("L3"); Footprint = "INDC2016X10N"; UniqueID = "\BZJUXKJQ" ("\BZJUXKJQ")
Change component parameters (AddParameter): Name = "Code_IEC"; Value = "1005"; VariantName = "[No Variations]"
Change component parameters (AddParameter): Name = "Code_JEITA"; Value = "0402"; VariantName = "[No Variations]"
Change component parameters (AddParameter): Name = "LatestRevisionDate"; Value = "29-May-2009"; VariantName = "[No Variations]"
Change component parameters (AddParameter): Name = "LatestRevisionNote"; Value = "IPC-7351 Footprint Added."; VariantName = "[No Variations]"
Change component parameters (AddParameter): Name = "PackageDescription"; Value = "Chip Inductor"; VariantName = "[No Variations]"
Change component parameters (AddParameter): Name = "PackageReference"; Value = "0402-A"; VariantName = "[No Variations]"
Change component parameters (AddParameter): Name = "Published"; Value = "8-Jun-2000"; VariantName = "[No Variations]"
Change component parameters (AddParameter): Name = "Publisher"; Value = "Altium Limited"; VariantName = "[No Variations]"
Change component parameters (AddParameter): Name = "Value"; Value = "3.3uH"; VariantName = "[No Variations]"
Added Component: Designator=P18(SAMTEC-TSW-102-07-X-S)
Add component (AddParameter): Name = "Datasheet"; Value = "http://suddendocs.samtec.com/catalog_english/tsw_th.pdf"; VariantName = "[No Variations]"
Add component (AddParameter): Name = "Manufacturer 1"; Value = "Samtec Inc."; VariantName = "[No Variations]"
Add component (AddParameter): Name = "Manufacturer Part Number 1"; Value = "TSW-102-07-F-S"; VariantName = "[No Variations]"
Add component (AddParameter): Name = "Operating Temperature (°C)"; Value = "-55 to +125"; VariantName = "[No Variations]"
Add component (AddParameter): Name = "Package"; Value = ""; VariantName = "[No Variations]"
Add component (AddParameter): Name = "TC Alternative 1"; Value = ""; VariantName = "[No Variations]"
Add component (AddParameter): Name = "TC ID"; Value = "50025272"; VariantName = "[No Variations]"
Added Component: Designator=P19(SAMTEC-TSW-102-07-X-S)
Add component (AddParameter): Name = "Datasheet"; Value = "http://suddendocs.samtec.com/catalog_english/tsw_th.pdf"; VariantName = "[No Variations]"
Add component (AddParameter): Name = "Manufacturer 1"; Value = "Samtec Inc."; VariantName = "[No Variations]"
Add component (AddParameter): Name = "Manufacturer Part Number 1"; Value = "TSW-102-07-F-S"; VariantName = "[No Variations]"
Add component (AddParameter): Name = "Operating Temperature (°C)"; Value = "-55 to +125"; VariantName = "[No Variations]"
Add component (AddParameter): Name = "Package"; Value = ""; VariantName = "[No Variations]"
Add component (AddParameter): Name = "TC Alternative 1"; Value = ""; VariantName = "[No Variations]"
Add component (AddParameter): Name = "TC ID"; Value = "50025272"; VariantName = "[No Variations]"
Added Pin To Net: NetName=VDD_12V Pin=P18-1
Added Pin To Net: NetName=VDD_12V Pin=P19-2
Added Pin To Net: NetName=NetC27_2 Pin=C27-2
Added Pin To Net: NetName=NetC27_2 Pin=C28-2
Added Pin To Net: NetName=NetC27_2 Pin=C29-2
Added Pin To Net: NetName=NetC27_2 Pin=L3-2
Added Pin To Net: NetName=NetC27_2 Pin=P18-2
Added Pin To Net: NetName=NetC27_2 Pin=P19-1
Added Pin To Net: NetName=NetC27_2 Pin=R7-2
Added Net: Name=NetC27_2
Added Member To Class: ClassName=schema Member=Component P18 SAMTEC_TSW-102-07-F-S
Added Member To Class: ClassName=schema Member=Component P19 SAMTEC_TSW-102-07-F-S
