Added Component: Designator=U1(RNX12)
Add component (AddParameter): Name = "Manufacturer"; Value = "Texas Instruments"; VariantName = "[No Variations]"
Add component (AddParameter): Name = "PartNumber"; Value = "LMR33620ARNXR"; VariantName = "[No Variations]"
Add component (AddParameter): Name = "RefDes"; Value = "RefDes"; VariantName = "[No Variations]"
Add component (AddParameter): Name = "TYPE"; Value = "TYPE"; VariantName = "[No Variations]"
Add component (AddParameter): Name = "Value"; Value = "Value"; VariantName = "[No Variations]"
Added Component: Designator=U2(RNX12)
Add component (AddParameter): Name = "Manufacturer"; Value = "Texas Instruments"; VariantName = "[No Variations]"
Add component (AddParameter): Name = "PartNumber"; Value = "LMR33620ARNXR"; VariantName = "[No Variations]"
Add component (AddParameter): Name = "RefDes"; Value = "RefDes"; VariantName = "[No Variations]"
Add component (AddParameter): Name = "TYPE"; Value = "TYPE"; VariantName = "[No Variations]"
Add component (AddParameter): Name = "Value"; Value = "Value"; VariantName = "[No Variations]"
Added Component: Designator=U3(RNX12)
Add component (AddParameter): Name = "Manufacturer"; Value = "Texas Instruments"; VariantName = "[No Variations]"
Add component (AddParameter): Name = "PartNumber"; Value = "LMR33620ARNXR"; VariantName = "[No Variations]"
Add component (AddParameter): Name = "RefDes"; Value = "RefDes"; VariantName = "[No Variations]"
Add component (AddParameter): Name = "TYPE"; Value = "TYPE"; VariantName = "[No Variations]"
Add component (AddParameter): Name = "Value"; Value = "Value"; VariantName = "[No Variations]"
Added Pin To Net: NetName=GND Pin=U1-1
Added Pin To Net: NetName=VDD_IN Pin=U1-2
Added Pin To Net: NetName=NetC1_1 Pin=U1-3
Added Pin To Net: NetName=NetC1_2 Pin=U1-4
Added Pin To Net: NetName=NetC9_2 Pin=U1-5
Added Pin To Net: NetName=GND Pin=U1-6
Added Pin To Net: NetName=NetC6_1 Pin=U1-7
Added Pin To Net: NetName=VDD_IN Pin=U1-9
Added Pin To Net: NetName=VDD_IN Pin=U1-10
Added Pin To Net: NetName=GND Pin=U1-11
Added Pin To Net: NetName=NetC1_1 Pin=U1-12
Added Pin To Net: NetName=GND Pin=U2-1
Added Pin To Net: NetName=VDD_IN Pin=U2-2
Added Pin To Net: NetName=NetC13_1 Pin=U2-3
Added Pin To Net: NetName=NetC13_2 Pin=U2-4
Added Pin To Net: NetName=NetC21_2 Pin=U2-5
Added Pin To Net: NetName=GND Pin=U2-6
Added Pin To Net: NetName=NetC18_1 Pin=U2-7
Added Pin To Net: NetName=VDD_IN Pin=U2-9
Added Pin To Net: NetName=VDD_IN Pin=U2-10
Added Pin To Net: NetName=GND Pin=U2-11
Added Pin To Net: NetName=NetC13_1 Pin=U2-12
Added Pin To Net: NetName=GND Pin=U3-1
Added Pin To Net: NetName=VDD_IN Pin=U3-2
Added Pin To Net: NetName=NetC22_1 Pin=U3-3
Added Pin To Net: NetName=NetC22_2 Pin=U3-4
Added Pin To Net: NetName=NetC30_2 Pin=U3-5
Added Pin To Net: NetName=GND Pin=U3-6
Added Pin To Net: NetName=NetC27_1 Pin=U3-7
Added Pin To Net: NetName=VDD_IN Pin=U3-9
Added Pin To Net: NetName=VDD_IN Pin=U3-10
Added Pin To Net: NetName=GND Pin=U3-11
Added Pin To Net: NetName=NetC22_1 Pin=U3-12
Added Member To Class: ClassName=schema Member=Component U1 Part Number: LMR33620ARNXR
Added Member To Class: ClassName=schema Member=Component U2 Part Number: LMR33620ARNXR
Added Member To Class: ClassName=schema Member=Component U3 Part Number: LMR33620ARNXR
Added Room: Name=schema
