Added Component: Designator=C1(C0402N)
Add component (AddParameter): Name = "Component Tolerance"; Value = "10%"; VariantName = "[No Variations]"
Add component (AddParameter): Name = "Component Value"; Value = "100nF"; VariantName = "[No Variations]"
Add component (AddParameter): Name = "Dielectric"; Value = "X5R"; VariantName = "[No Variations]"
Add component (AddParameter): Name = "Manufacturer 1"; Value = ""; VariantName = "[No Variations]"
Add component (AddParameter): Name = "Manufacturer Part Number 1"; Value = ""; VariantName = "[No Variations]"
Add component (AddParameter): Name = "Operating Temperature (°C)"; Value = "-55 to +85"; VariantName = "[No Variations]"
Add component (AddParameter): Name = "Package"; Value = "0402"; VariantName = "[No Variations]"
Add component (AddParameter): Name = "TC Alternative 1"; Value = ""; VariantName = "[No Variations]"
Add component (AddParameter): Name = "TC ID"; Value = "50021748"; VariantName = "[No Variations]"
Add component (AddParameter): Name = "Voltage Rating"; Value = "50V"; VariantName = "[No Variations]"
Added Component: Designator=C2(C0805N)
Add component (AddParameter): Name = "Component Tolerance"; Value = "10%"; VariantName = "[No Variations]"
Add component (AddParameter): Name = "Component Value"; Value = "10µF"; VariantName = "[No Variations]"
Add component (AddParameter): Name = "Dielectric"; Value = "X5R"; VariantName = "[No Variations]"
Add component (AddParameter): Name = "Manufacturer 1"; Value = ""; VariantName = "[No Variations]"
Add component (AddParameter): Name = "Manufacturer Part Number 1"; Value = ""; VariantName = "[No Variations]"
Add component (AddParameter): Name = "Operating Temperature (°C)"; Value = "-55 to +85"; VariantName = "[No Variations]"
Add component (AddParameter): Name = "Package"; Value = "0805"; VariantName = "[No Variations]"
Add component (AddParameter): Name = "TC Alternative 1"; Value = ""; VariantName = "[No Variations]"
Add component (AddParameter): Name = "TC ID"; Value = "50016549"; VariantName = "[No Variations]"
Add component (AddParameter): Name = "Voltage Rating"; Value = "25V"; VariantName = "[No Variations]"
Added Component: Designator=C3(C0402N)
Add component (AddParameter): Name = "Component Tolerance"; Value = "10%"; VariantName = "[No Variations]"
Add component (AddParameter): Name = "Component Value"; Value = "220nF"; VariantName = "[No Variations]"
Add component (AddParameter): Name = "Dielectric"; Value = "X5R"; VariantName = "[No Variations]"
Add component (AddParameter): Name = "Manufacturer 1"; Value = ""; VariantName = "[No Variations]"
Add component (AddParameter): Name = "Manufacturer Part Number 1"; Value = ""; VariantName = "[No Variations]"
Add component (AddParameter): Name = "Operating Temperature (°C)"; Value = "-55 to +85"; VariantName = "[No Variations]"
Add component (AddParameter): Name = "Package"; Value = "0402"; VariantName = "[No Variations]"
Add component (AddParameter): Name = "TC Alternative 1"; Value = ""; VariantName = "[No Variations]"
Add component (AddParameter): Name = "TC ID"; Value = "50021748"; VariantName = "[No Variations]"
Add component (AddParameter): Name = "Voltage Rating"; Value = "50V"; VariantName = "[No Variations]"
Added Component: Designator=C4(C0805N)
Add component (AddParameter): Name = "Component Tolerance"; Value = "10%"; VariantName = "[No Variations]"
Add component (AddParameter): Name = "Component Value"; Value = "10µF"; VariantName = "[No Variations]"
Add component (AddParameter): Name = "Dielectric"; Value = "X5R"; VariantName = "[No Variations]"
Add component (AddParameter): Name = "Manufacturer 1"; Value = ""; VariantName = "[No Variations]"
Add component (AddParameter): Name = "Manufacturer Part Number 1"; Value = ""; VariantName = "[No Variations]"
Add component (AddParameter): Name = "Operating Temperature (°C)"; Value = "-55 to +85"; VariantName = "[No Variations]"
Add component (AddParameter): Name = "Package"; Value = "0805"; VariantName = "[No Variations]"
Add component (AddParameter): Name = "TC Alternative 1"; Value = ""; VariantName = "[No Variations]"
Add component (AddParameter): Name = "TC ID"; Value = "50016549"; VariantName = "[No Variations]"
Add component (AddParameter): Name = "Voltage Rating"; Value = "25V"; VariantName = "[No Variations]"
Added Component: Designator=C5(C0402N)
Add component (AddParameter): Name = "Component Tolerance"; Value = "10%"; VariantName = "[No Variations]"
Add component (AddParameter): Name = "Component Value"; Value = "220nF"; VariantName = "[No Variations]"
Add component (AddParameter): Name = "Dielectric"; Value = "X5R"; VariantName = "[No Variations]"
Add component (AddParameter): Name = "Manufacturer 1"; Value = ""; VariantName = "[No Variations]"
Add component (AddParameter): Name = "Manufacturer Part Number 1"; Value = ""; VariantName = "[No Variations]"
Add component (AddParameter): Name = "Operating Temperature (°C)"; Value = "-55 to +85"; VariantName = "[No Variations]"
Add component (AddParameter): Name = "Package"; Value = "0402"; VariantName = "[No Variations]"
Add component (AddParameter): Name = "TC Alternative 1"; Value = ""; VariantName = "[No Variations]"
Add component (AddParameter): Name = "TC ID"; Value = "50021748"; VariantName = "[No Variations]"
Add component (AddParameter): Name = "Voltage Rating"; Value = "50V"; VariantName = "[No Variations]"
Added Component: Designator=C6(C0402N)
Add component (AddParameter): Name = "Component Tolerance"; Value = "10%"; VariantName = "[No Variations]"
Add component (AddParameter): Name = "Component Value"; Value = "100nF"; VariantName = "[No Variations]"
Add component (AddParameter): Name = "Dielectric"; Value = "X5R"; VariantName = "[No Variations]"
Add component (AddParameter): Name = "Manufacturer 1"; Value = ""; VariantName = "[No Variations]"
Add component (AddParameter): Name = "Manufacturer Part Number 1"; Value = ""; VariantName = "[No Variations]"
Add component (AddParameter): Name = "Operating Temperature (°C)"; Value = "-55 to +85"; VariantName = "[No Variations]"
Add component (AddParameter): Name = "Package"; Value = "0402"; VariantName = "[No Variations]"
Add component (AddParameter): Name = "TC Alternative 1"; Value = ""; VariantName = "[No Variations]"
Add component (AddParameter): Name = "TC ID"; Value = "50021748"; VariantName = "[No Variations]"
Add component (AddParameter): Name = "Voltage Rating"; Value = "50V"; VariantName = "[No Variations]"
Added Component: Designator=C7(C0805N)
Add component (AddParameter): Name = "Component Tolerance"; Value = "10%"; VariantName = "[No Variations]"
Add component (AddParameter): Name = "Component Value"; Value = "22µF"; VariantName = "[No Variations]"
Add component (AddParameter): Name = "Dielectric"; Value = "X5R"; VariantName = "[No Variations]"
Add component (AddParameter): Name = "Manufacturer 1"; Value = ""; VariantName = "[No Variations]"
Add component (AddParameter): Name = "Manufacturer Part Number 1"; Value = ""; VariantName = "[No Variations]"
Add component (AddParameter): Name = "Operating Temperature (°C)"; Value = "-55 to +85"; VariantName = "[No Variations]"
Add component (AddParameter): Name = "Package"; Value = "0805"; VariantName = "[No Variations]"
Add component (AddParameter): Name = "TC Alternative 1"; Value = ""; VariantName = "[No Variations]"
Add component (AddParameter): Name = "TC ID"; Value = "50024017"; VariantName = "[No Variations]"
Add component (AddParameter): Name = "Voltage Rating"; Value = "10V"; VariantName = "[No Variations]"
Added Component: Designator=C8(C0805N)
Add component (AddParameter): Name = "Component Tolerance"; Value = "10%"; VariantName = "[No Variations]"
Add component (AddParameter): Name = "Component Value"; Value = "22µF"; VariantName = "[No Variations]"
Add component (AddParameter): Name = "Dielectric"; Value = "X5R"; VariantName = "[No Variations]"
Add component (AddParameter): Name = "Manufacturer 1"; Value = ""; VariantName = "[No Variations]"
Add component (AddParameter): Name = "Manufacturer Part Number 1"; Value = ""; VariantName = "[No Variations]"
Add component (AddParameter): Name = "Operating Temperature (°C)"; Value = "-55 to +85"; VariantName = "[No Variations]"
Add component (AddParameter): Name = "Package"; Value = "0805"; VariantName = "[No Variations]"
Add component (AddParameter): Name = "TC Alternative 1"; Value = ""; VariantName = "[No Variations]"
Add component (AddParameter): Name = "TC ID"; Value = "50024017"; VariantName = "[No Variations]"
Add component (AddParameter): Name = "Voltage Rating"; Value = "10V"; VariantName = "[No Variations]"
Added Component: Designator=C9(C0402N)
Add component (AddParameter): Name = "Component Tolerance"; Value = "10%"; VariantName = "[No Variations]"
Add component (AddParameter): Name = "Component Value"; Value = "1µF"; VariantName = "[No Variations]"
Add component (AddParameter): Name = "Dielectric"; Value = "X5R"; VariantName = "[No Variations]"
Add component (AddParameter): Name = "Manufacturer 1"; Value = ""; VariantName = "[No Variations]"
Add component (AddParameter): Name = "Manufacturer Part Number 1"; Value = ""; VariantName = "[No Variations]"
Add component (AddParameter): Name = "Operating Temperature (°C)"; Value = "-55 to +125"; VariantName = "[No Variations]"
Add component (AddParameter): Name = "Package"; Value = "0402"; VariantName = "[No Variations]"
Add component (AddParameter): Name = "TC Alternative 1"; Value = ""; VariantName = "[No Variations]"
Add component (AddParameter): Name = "TC ID"; Value = "50021750"; VariantName = "[No Variations]"
Add component (AddParameter): Name = "Voltage Rating"; Value = "16V"; VariantName = "[No Variations]"
Added Component: Designator=C10(New footprint 1)
Add component (AddParameter): Name = "Component Tolerance"; Value = "20%"; VariantName = "[No Variations]"
Add component (AddParameter): Name = "Component Value"; Value = "100µF"; VariantName = "[No Variations]"
Add component (AddParameter): Name = "Datasheet"; Value = "http://www.rubycon.co.jp/en/catalog/e_pdfs/aluminum/e_TRV.pdf"; VariantName = "[No Variations]"
Add component (AddParameter): Name = "Dielectric"; Value = ""; VariantName = "[No Variations]"
Add component (AddParameter): Name = "Manufacturer 1"; Value = "Rubycon"; VariantName = "[No Variations]"
Add component (AddParameter): Name = "Manufacturer Part Number 1"; Value = "25TRV100M6.3X8"; VariantName = "[No Variations]"
Add component (AddParameter): Name = "Operating Temperature (°C)"; Value = "-40 to +105"; VariantName = "[No Variations]"
Add component (AddParameter): Name = "TC Alternative 1"; Value = ""; VariantName = "[No Variations]"
Add component (AddParameter): Name = "TC ID"; Value = "50020370"; VariantName = "[No Variations]"
Add component (AddParameter): Name = "Voltage Rating"; Value = "25V"; VariantName = "[No Variations]"
Added Component: Designator=C11(New footprint 1)
Add component (AddParameter): Name = "Component Tolerance"; Value = "20%"; VariantName = "[No Variations]"
Add component (AddParameter): Name = "Component Value"; Value = "100µF"; VariantName = "[No Variations]"
Add component (AddParameter): Name = "Datasheet"; Value = "http://www.rubycon.co.jp/en/catalog/e_pdfs/aluminum/e_TRV.pdf"; VariantName = "[No Variations]"
Add component (AddParameter): Name = "Dielectric"; Value = ""; VariantName = "[No Variations]"
Add component (AddParameter): Name = "Manufacturer 1"; Value = "Rubycon"; VariantName = "[No Variations]"
Add component (AddParameter): Name = "Manufacturer Part Number 1"; Value = "25TRV100M6.3X8"; VariantName = "[No Variations]"
Add component (AddParameter): Name = "Operating Temperature (°C)"; Value = "-40 to +105"; VariantName = "[No Variations]"
Add component (AddParameter): Name = "TC Alternative 1"; Value = ""; VariantName = "[No Variations]"
Add component (AddParameter): Name = "TC ID"; Value = "50020370"; VariantName = "[No Variations]"
Add component (AddParameter): Name = "Voltage Rating"; Value = "25V"; VariantName = "[No Variations]"
Added Component: Designator=C12(New footprint 1)
Add component (AddParameter): Name = "Component Tolerance"; Value = "20%"; VariantName = "[No Variations]"
Add component (AddParameter): Name = "Component Value"; Value = "100µF"; VariantName = "[No Variations]"
Add component (AddParameter): Name = "Datasheet"; Value = "http://www.rubycon.co.jp/en/catalog/e_pdfs/aluminum/e_TRV.pdf"; VariantName = "[No Variations]"
Add component (AddParameter): Name = "Dielectric"; Value = ""; VariantName = "[No Variations]"
Add component (AddParameter): Name = "Manufacturer 1"; Value = "Rubycon"; VariantName = "[No Variations]"
Add component (AddParameter): Name = "Manufacturer Part Number 1"; Value = "25TRV100M6.3X8"; VariantName = "[No Variations]"
Add component (AddParameter): Name = "Operating Temperature (°C)"; Value = "-40 to +105"; VariantName = "[No Variations]"
Add component (AddParameter): Name = "TC Alternative 1"; Value = ""; VariantName = "[No Variations]"
Add component (AddParameter): Name = "TC ID"; Value = "50020370"; VariantName = "[No Variations]"
Add component (AddParameter): Name = "Voltage Rating"; Value = "25V"; VariantName = "[No Variations]"
Added Component: Designator=C13(C0402N)
Add component (AddParameter): Name = "Component Tolerance"; Value = "10%"; VariantName = "[No Variations]"
Add component (AddParameter): Name = "Component Value"; Value = "100nF"; VariantName = "[No Variations]"
Add component (AddParameter): Name = "Dielectric"; Value = "X5R"; VariantName = "[No Variations]"
Add component (AddParameter): Name = "Manufacturer 1"; Value = ""; VariantName = "[No Variations]"
Add component (AddParameter): Name = "Manufacturer Part Number 1"; Value = ""; VariantName = "[No Variations]"
Add component (AddParameter): Name = "Operating Temperature (°C)"; Value = "-55 to +85"; VariantName = "[No Variations]"
Add component (AddParameter): Name = "Package"; Value = "0402"; VariantName = "[No Variations]"
Add component (AddParameter): Name = "TC Alternative 1"; Value = ""; VariantName = "[No Variations]"
Add component (AddParameter): Name = "TC ID"; Value = "50021748"; VariantName = "[No Variations]"
Add component (AddParameter): Name = "Voltage Rating"; Value = "50V"; VariantName = "[No Variations]"
Added Component: Designator=C14(C0805N)
Add component (AddParameter): Name = "Component Tolerance"; Value = "10%"; VariantName = "[No Variations]"
Add component (AddParameter): Name = "Component Value"; Value = "10µF"; VariantName = "[No Variations]"
Add component (AddParameter): Name = "Dielectric"; Value = "X5R"; VariantName = "[No Variations]"
Add component (AddParameter): Name = "Manufacturer 1"; Value = ""; VariantName = "[No Variations]"
Add component (AddParameter): Name = "Manufacturer Part Number 1"; Value = ""; VariantName = "[No Variations]"
Add component (AddParameter): Name = "Operating Temperature (°C)"; Value = "-55 to +85"; VariantName = "[No Variations]"
Add component (AddParameter): Name = "Package"; Value = "0805"; VariantName = "[No Variations]"
Add component (AddParameter): Name = "TC Alternative 1"; Value = ""; VariantName = "[No Variations]"
Add component (AddParameter): Name = "TC ID"; Value = "50016549"; VariantName = "[No Variations]"
Add component (AddParameter): Name = "Voltage Rating"; Value = "25V"; VariantName = "[No Variations]"
Added Component: Designator=C15(C0402N)
Add component (AddParameter): Name = "Component Tolerance"; Value = "10%"; VariantName = "[No Variations]"
Add component (AddParameter): Name = "Component Value"; Value = "220nF"; VariantName = "[No Variations]"
Add component (AddParameter): Name = "Dielectric"; Value = "X5R"; VariantName = "[No Variations]"
Add component (AddParameter): Name = "Manufacturer 1"; Value = ""; VariantName = "[No Variations]"
Add component (AddParameter): Name = "Manufacturer Part Number 1"; Value = ""; VariantName = "[No Variations]"
Add component (AddParameter): Name = "Operating Temperature (°C)"; Value = "-55 to +85"; VariantName = "[No Variations]"
Add component (AddParameter): Name = "Package"; Value = "0402"; VariantName = "[No Variations]"
Add component (AddParameter): Name = "TC Alternative 1"; Value = ""; VariantName = "[No Variations]"
Add component (AddParameter): Name = "TC ID"; Value = "50021748"; VariantName = "[No Variations]"
Add component (AddParameter): Name = "Voltage Rating"; Value = "50V"; VariantName = "[No Variations]"
Added Component: Designator=C16(C0805N)
Add component (AddParameter): Name = "Component Tolerance"; Value = "10%"; VariantName = "[No Variations]"
Add component (AddParameter): Name = "Component Value"; Value = "10µF"; VariantName = "[No Variations]"
Add component (AddParameter): Name = "Dielectric"; Value = "X5R"; VariantName = "[No Variations]"
Add component (AddParameter): Name = "Manufacturer 1"; Value = ""; VariantName = "[No Variations]"
Add component (AddParameter): Name = "Manufacturer Part Number 1"; Value = ""; VariantName = "[No Variations]"
Add component (AddParameter): Name = "Operating Temperature (°C)"; Value = "-55 to +85"; VariantName = "[No Variations]"
Add component (AddParameter): Name = "Package"; Value = "0805"; VariantName = "[No Variations]"
Add component (AddParameter): Name = "TC Alternative 1"; Value = ""; VariantName = "[No Variations]"
Add component (AddParameter): Name = "TC ID"; Value = "50016549"; VariantName = "[No Variations]"
Add component (AddParameter): Name = "Voltage Rating"; Value = "25V"; VariantName = "[No Variations]"
Added Component: Designator=C17(C0402N)
Add component (AddParameter): Name = "Component Tolerance"; Value = "10%"; VariantName = "[No Variations]"
Add component (AddParameter): Name = "Component Value"; Value = "220nF"; VariantName = "[No Variations]"
Add component (AddParameter): Name = "Dielectric"; Value = "X5R"; VariantName = "[No Variations]"
Add component (AddParameter): Name = "Manufacturer 1"; Value = ""; VariantName = "[No Variations]"
Add component (AddParameter): Name = "Manufacturer Part Number 1"; Value = ""; VariantName = "[No Variations]"
Add component (AddParameter): Name = "Operating Temperature (°C)"; Value = "-55 to +85"; VariantName = "[No Variations]"
Add component (AddParameter): Name = "Package"; Value = "0402"; VariantName = "[No Variations]"
Add component (AddParameter): Name = "TC Alternative 1"; Value = ""; VariantName = "[No Variations]"
Add component (AddParameter): Name = "TC ID"; Value = "50021748"; VariantName = "[No Variations]"
Add component (AddParameter): Name = "Voltage Rating"; Value = "50V"; VariantName = "[No Variations]"
Added Component: Designator=C18(C0402N)
Add component (AddParameter): Name = "Component Tolerance"; Value = "10%"; VariantName = "[No Variations]"
Add component (AddParameter): Name = "Component Value"; Value = "100nF"; VariantName = "[No Variations]"
Add component (AddParameter): Name = "Dielectric"; Value = "X5R"; VariantName = "[No Variations]"
Add component (AddParameter): Name = "Manufacturer 1"; Value = ""; VariantName = "[No Variations]"
Add component (AddParameter): Name = "Manufacturer Part Number 1"; Value = ""; VariantName = "[No Variations]"
Add component (AddParameter): Name = "Operating Temperature (°C)"; Value = "-55 to +85"; VariantName = "[No Variations]"
Add component (AddParameter): Name = "Package"; Value = "0402"; VariantName = "[No Variations]"
Add component (AddParameter): Name = "TC Alternative 1"; Value = ""; VariantName = "[No Variations]"
Add component (AddParameter): Name = "TC ID"; Value = "50021748"; VariantName = "[No Variations]"
Add component (AddParameter): Name = "Voltage Rating"; Value = "50V"; VariantName = "[No Variations]"
Added Component: Designator=C19(C0805N)
Add component (AddParameter): Name = "Component Tolerance"; Value = "10%"; VariantName = "[No Variations]"
Add component (AddParameter): Name = "Component Value"; Value = "22µF"; VariantName = "[No Variations]"
Add component (AddParameter): Name = "Dielectric"; Value = "X5R"; VariantName = "[No Variations]"
Add component (AddParameter): Name = "Manufacturer 1"; Value = ""; VariantName = "[No Variations]"
Add component (AddParameter): Name = "Manufacturer Part Number 1"; Value = ""; VariantName = "[No Variations]"
Add component (AddParameter): Name = "Operating Temperature (°C)"; Value = "-55 to +85"; VariantName = "[No Variations]"
Add component (AddParameter): Name = "Package"; Value = "0805"; VariantName = "[No Variations]"
Add component (AddParameter): Name = "TC Alternative 1"; Value = ""; VariantName = "[No Variations]"
Add component (AddParameter): Name = "TC ID"; Value = "50024017"; VariantName = "[No Variations]"
Add component (AddParameter): Name = "Voltage Rating"; Value = "10V"; VariantName = "[No Variations]"
Added Component: Designator=C20(C0805N)
Add component (AddParameter): Name = "Component Tolerance"; Value = "10%"; VariantName = "[No Variations]"
Add component (AddParameter): Name = "Component Value"; Value = "22µF"; VariantName = "[No Variations]"
Add component (AddParameter): Name = "Dielectric"; Value = "X5R"; VariantName = "[No Variations]"
Add component (AddParameter): Name = "Manufacturer 1"; Value = ""; VariantName = "[No Variations]"
Add component (AddParameter): Name = "Manufacturer Part Number 1"; Value = ""; VariantName = "[No Variations]"
Add component (AddParameter): Name = "Operating Temperature (°C)"; Value = "-55 to +85"; VariantName = "[No Variations]"
Add component (AddParameter): Name = "Package"; Value = "0805"; VariantName = "[No Variations]"
Add component (AddParameter): Name = "TC Alternative 1"; Value = ""; VariantName = "[No Variations]"
Add component (AddParameter): Name = "TC ID"; Value = "50024017"; VariantName = "[No Variations]"
Add component (AddParameter): Name = "Voltage Rating"; Value = "10V"; VariantName = "[No Variations]"
Added Component: Designator=C21(C0402N)
Add component (AddParameter): Name = "Component Tolerance"; Value = "10%"; VariantName = "[No Variations]"
Add component (AddParameter): Name = "Component Value"; Value = "1µF"; VariantName = "[No Variations]"
Add component (AddParameter): Name = "Dielectric"; Value = "X5R"; VariantName = "[No Variations]"
Add component (AddParameter): Name = "Manufacturer 1"; Value = ""; VariantName = "[No Variations]"
Add component (AddParameter): Name = "Manufacturer Part Number 1"; Value = ""; VariantName = "[No Variations]"
Add component (AddParameter): Name = "Operating Temperature (°C)"; Value = "-55 to +125"; VariantName = "[No Variations]"
Add component (AddParameter): Name = "Package"; Value = "0402"; VariantName = "[No Variations]"
Add component (AddParameter): Name = "TC Alternative 1"; Value = ""; VariantName = "[No Variations]"
Add component (AddParameter): Name = "TC ID"; Value = "50021750"; VariantName = "[No Variations]"
Add component (AddParameter): Name = "Voltage Rating"; Value = "16V"; VariantName = "[No Variations]"
Added Component: Designator=C22(C0402N)
Add component (AddParameter): Name = "Component Tolerance"; Value = "10%"; VariantName = "[No Variations]"
Add component (AddParameter): Name = "Component Value"; Value = "100nF"; VariantName = "[No Variations]"
Add component (AddParameter): Name = "Dielectric"; Value = "X5R"; VariantName = "[No Variations]"
Add component (AddParameter): Name = "Manufacturer 1"; Value = ""; VariantName = "[No Variations]"
Add component (AddParameter): Name = "Manufacturer Part Number 1"; Value = ""; VariantName = "[No Variations]"
Add component (AddParameter): Name = "Operating Temperature (°C)"; Value = "-55 to +85"; VariantName = "[No Variations]"
Add component (AddParameter): Name = "Package"; Value = "0402"; VariantName = "[No Variations]"
Add component (AddParameter): Name = "TC Alternative 1"; Value = ""; VariantName = "[No Variations]"
Add component (AddParameter): Name = "TC ID"; Value = "50021748"; VariantName = "[No Variations]"
Add component (AddParameter): Name = "Voltage Rating"; Value = "50V"; VariantName = "[No Variations]"
Added Component: Designator=C23(C0805N)
Add component (AddParameter): Name = "Component Tolerance"; Value = "10%"; VariantName = "[No Variations]"
Add component (AddParameter): Name = "Component Value"; Value = "10µF"; VariantName = "[No Variations]"
Add component (AddParameter): Name = "Dielectric"; Value = "X5R"; VariantName = "[No Variations]"
Add component (AddParameter): Name = "Manufacturer 1"; Value = ""; VariantName = "[No Variations]"
Add component (AddParameter): Name = "Manufacturer Part Number 1"; Value = ""; VariantName = "[No Variations]"
Add component (AddParameter): Name = "Operating Temperature (°C)"; Value = "-55 to +85"; VariantName = "[No Variations]"
Add component (AddParameter): Name = "Package"; Value = "0805"; VariantName = "[No Variations]"
Add component (AddParameter): Name = "TC Alternative 1"; Value = ""; VariantName = "[No Variations]"
Add component (AddParameter): Name = "TC ID"; Value = "50016549"; VariantName = "[No Variations]"
Add component (AddParameter): Name = "Voltage Rating"; Value = "25V"; VariantName = "[No Variations]"
Added Component: Designator=C24(C0402N)
Add component (AddParameter): Name = "Component Tolerance"; Value = "10%"; VariantName = "[No Variations]"
Add component (AddParameter): Name = "Component Value"; Value = "220nF"; VariantName = "[No Variations]"
Add component (AddParameter): Name = "Dielectric"; Value = "X5R"; VariantName = "[No Variations]"
Add component (AddParameter): Name = "Manufacturer 1"; Value = ""; VariantName = "[No Variations]"
Add component (AddParameter): Name = "Manufacturer Part Number 1"; Value = ""; VariantName = "[No Variations]"
Add component (AddParameter): Name = "Operating Temperature (°C)"; Value = "-55 to +85"; VariantName = "[No Variations]"
Add component (AddParameter): Name = "Package"; Value = "0402"; VariantName = "[No Variations]"
Add component (AddParameter): Name = "TC Alternative 1"; Value = ""; VariantName = "[No Variations]"
Add component (AddParameter): Name = "TC ID"; Value = "50021748"; VariantName = "[No Variations]"
Add component (AddParameter): Name = "Voltage Rating"; Value = "50V"; VariantName = "[No Variations]"
Added Component: Designator=C25(C0805N)
Add component (AddParameter): Name = "Component Tolerance"; Value = "10%"; VariantName = "[No Variations]"
Add component (AddParameter): Name = "Component Value"; Value = "10µF"; VariantName = "[No Variations]"
Add component (AddParameter): Name = "Dielectric"; Value = "X5R"; VariantName = "[No Variations]"
Add component (AddParameter): Name = "Manufacturer 1"; Value = ""; VariantName = "[No Variations]"
Add component (AddParameter): Name = "Manufacturer Part Number 1"; Value = ""; VariantName = "[No Variations]"
Add component (AddParameter): Name = "Operating Temperature (°C)"; Value = "-55 to +85"; VariantName = "[No Variations]"
Add component (AddParameter): Name = "Package"; Value = "0805"; VariantName = "[No Variations]"
Add component (AddParameter): Name = "TC Alternative 1"; Value = ""; VariantName = "[No Variations]"
Add component (AddParameter): Name = "TC ID"; Value = "50016549"; VariantName = "[No Variations]"
Add component (AddParameter): Name = "Voltage Rating"; Value = "25V"; VariantName = "[No Variations]"
Added Component: Designator=C26(C0402N)
Add component (AddParameter): Name = "Component Tolerance"; Value = "10%"; VariantName = "[No Variations]"
Add component (AddParameter): Name = "Component Value"; Value = "220nF"; VariantName = "[No Variations]"
Add component (AddParameter): Name = "Dielectric"; Value = "X5R"; VariantName = "[No Variations]"
Add component (AddParameter): Name = "Manufacturer 1"; Value = ""; VariantName = "[No Variations]"
Add component (AddParameter): Name = "Manufacturer Part Number 1"; Value = ""; VariantName = "[No Variations]"
Add component (AddParameter): Name = "Operating Temperature (°C)"; Value = "-55 to +85"; VariantName = "[No Variations]"
Add component (AddParameter): Name = "Package"; Value = "0402"; VariantName = "[No Variations]"
Add component (AddParameter): Name = "TC Alternative 1"; Value = ""; VariantName = "[No Variations]"
Add component (AddParameter): Name = "TC ID"; Value = "50021748"; VariantName = "[No Variations]"
Add component (AddParameter): Name = "Voltage Rating"; Value = "50V"; VariantName = "[No Variations]"
Added Component: Designator=C27(C0402N)
Add component (AddParameter): Name = "Component Tolerance"; Value = "10%"; VariantName = "[No Variations]"
Add component (AddParameter): Name = "Component Value"; Value = "100nF"; VariantName = "[No Variations]"
Add component (AddParameter): Name = "Dielectric"; Value = "X5R"; VariantName = "[No Variations]"
Add component (AddParameter): Name = "Manufacturer 1"; Value = ""; VariantName = "[No Variations]"
Add component (AddParameter): Name = "Manufacturer Part Number 1"; Value = ""; VariantName = "[No Variations]"
Add component (AddParameter): Name = "Operating Temperature (°C)"; Value = "-55 to +85"; VariantName = "[No Variations]"
Add component (AddParameter): Name = "Package"; Value = "0402"; VariantName = "[No Variations]"
Add component (AddParameter): Name = "TC Alternative 1"; Value = ""; VariantName = "[No Variations]"
Add component (AddParameter): Name = "TC ID"; Value = "50021748"; VariantName = "[No Variations]"
Add component (AddParameter): Name = "Voltage Rating"; Value = "50V"; VariantName = "[No Variations]"
Added Component: Designator=C28(C0805N)
Add component (AddParameter): Name = "Component Tolerance"; Value = "10%"; VariantName = "[No Variations]"
Add component (AddParameter): Name = "Component Value"; Value = "22µF"; VariantName = "[No Variations]"
Add component (AddParameter): Name = "Dielectric"; Value = "X5R"; VariantName = "[No Variations]"
Add component (AddParameter): Name = "Manufacturer 1"; Value = ""; VariantName = "[No Variations]"
Add component (AddParameter): Name = "Manufacturer Part Number 1"; Value = ""; VariantName = "[No Variations]"
Add component (AddParameter): Name = "Operating Temperature (°C)"; Value = "-55 to +85"; VariantName = "[No Variations]"
Add component (AddParameter): Name = "Package"; Value = "0805"; VariantName = "[No Variations]"
Add component (AddParameter): Name = "TC Alternative 1"; Value = ""; VariantName = "[No Variations]"
Add component (AddParameter): Name = "TC ID"; Value = "50024017"; VariantName = "[No Variations]"
Add component (AddParameter): Name = "Voltage Rating"; Value = "10V"; VariantName = "[No Variations]"
Added Component: Designator=C29(C0805N)
Add component (AddParameter): Name = "Component Tolerance"; Value = "10%"; VariantName = "[No Variations]"
Add component (AddParameter): Name = "Component Value"; Value = "22µF"; VariantName = "[No Variations]"
Add component (AddParameter): Name = "Dielectric"; Value = "X5R"; VariantName = "[No Variations]"
Add component (AddParameter): Name = "Manufacturer 1"; Value = ""; VariantName = "[No Variations]"
Add component (AddParameter): Name = "Manufacturer Part Number 1"; Value = ""; VariantName = "[No Variations]"
Add component (AddParameter): Name = "Operating Temperature (°C)"; Value = "-55 to +85"; VariantName = "[No Variations]"
Add component (AddParameter): Name = "Package"; Value = "0805"; VariantName = "[No Variations]"
Add component (AddParameter): Name = "TC Alternative 1"; Value = ""; VariantName = "[No Variations]"
Add component (AddParameter): Name = "TC ID"; Value = "50024017"; VariantName = "[No Variations]"
Add component (AddParameter): Name = "Voltage Rating"; Value = "10V"; VariantName = "[No Variations]"
Added Component: Designator=C30(C0402N)
Add component (AddParameter): Name = "Component Tolerance"; Value = "10%"; VariantName = "[No Variations]"
Add component (AddParameter): Name = "Component Value"; Value = "1µF"; VariantName = "[No Variations]"
Add component (AddParameter): Name = "Dielectric"; Value = "X5R"; VariantName = "[No Variations]"
Add component (AddParameter): Name = "Manufacturer 1"; Value = ""; VariantName = "[No Variations]"
Add component (AddParameter): Name = "Manufacturer Part Number 1"; Value = ""; VariantName = "[No Variations]"
Add component (AddParameter): Name = "Operating Temperature (°C)"; Value = "-55 to +125"; VariantName = "[No Variations]"
Add component (AddParameter): Name = "Package"; Value = "0402"; VariantName = "[No Variations]"
Add component (AddParameter): Name = "TC Alternative 1"; Value = ""; VariantName = "[No Variations]"
Add component (AddParameter): Name = "TC ID"; Value = "50021750"; VariantName = "[No Variations]"
Add component (AddParameter): Name = "Voltage Rating"; Value = "16V"; VariantName = "[No Variations]"
Added Component: Designator=C31(C0402N)
Add component (AddParameter): Name = "Component Tolerance"; Value = "10%"; VariantName = "[No Variations]"
Add component (AddParameter): Name = "Component Value"; Value = "1µF"; VariantName = "[No Variations]"
Add component (AddParameter): Name = "Dielectric"; Value = "X5R"; VariantName = "[No Variations]"
Add component (AddParameter): Name = "Manufacturer 1"; Value = ""; VariantName = "[No Variations]"
Add component (AddParameter): Name = "Manufacturer Part Number 1"; Value = ""; VariantName = "[No Variations]"
Add component (AddParameter): Name = "Operating Temperature (°C)"; Value = "-55 to +125"; VariantName = "[No Variations]"
Add component (AddParameter): Name = "Package"; Value = "0402"; VariantName = "[No Variations]"
Add component (AddParameter): Name = "TC Alternative 1"; Value = ""; VariantName = "[No Variations]"
Add component (AddParameter): Name = "TC ID"; Value = "50021750"; VariantName = "[No Variations]"
Add component (AddParameter): Name = "Voltage Rating"; Value = "16V"; VariantName = "[No Variations]"
Added Component: Designator=C32(C0402N)
Add component (AddParameter): Name = "Component Tolerance"; Value = "10%"; VariantName = "[No Variations]"
Add component (AddParameter): Name = "Component Value"; Value = "1µF"; VariantName = "[No Variations]"
Add component (AddParameter): Name = "Dielectric"; Value = "X5R"; VariantName = "[No Variations]"
Add component (AddParameter): Name = "Manufacturer 1"; Value = ""; VariantName = "[No Variations]"
Add component (AddParameter): Name = "Manufacturer Part Number 1"; Value = ""; VariantName = "[No Variations]"
Add component (AddParameter): Name = "Operating Temperature (°C)"; Value = "-55 to +125"; VariantName = "[No Variations]"
Add component (AddParameter): Name = "Package"; Value = "0402"; VariantName = "[No Variations]"
Add component (AddParameter): Name = "TC Alternative 1"; Value = ""; VariantName = "[No Variations]"
Add component (AddParameter): Name = "TC ID"; Value = "50021750"; VariantName = "[No Variations]"
Add component (AddParameter): Name = "Voltage Rating"; Value = "16V"; VariantName = "[No Variations]"
Added Component: Designator=D1(New footprint 1)
Add component (AddParameter): Name = "Datasheet"; Value = ""; VariantName = "[No Variations]"
Add component (AddParameter): Name = "Manufacturer 1"; Value = "Hongbright"; VariantName = "[No Variations]"
Add component (AddParameter): Name = "Manufacturer Part Number 1"; Value = "H2214AG72E0Z01"; VariantName = "[No Variations]"
Add component (AddParameter): Name = "Operating Temperature (°C)"; Value = "-40 to +100"; VariantName = "[No Variations]"
Add component (AddParameter): Name = "Package"; Value = ""; VariantName = "[No Variations]"
Add component (AddParameter): Name = "TC Alternative 1"; Value = ""; VariantName = "[No Variations]"
Add component (AddParameter): Name = "TC ID"; Value = ""; VariantName = "[No Variations]"
Added Component: Designator=D2(New footprint 1)
Add component (AddParameter): Name = "Datasheet"; Value = ""; VariantName = "[No Variations]"
Add component (AddParameter): Name = "Manufacturer 1"; Value = "Hongbright"; VariantName = "[No Variations]"
Add component (AddParameter): Name = "Manufacturer Part Number 1"; Value = "H2214AG72E0Z01"; VariantName = "[No Variations]"
Add component (AddParameter): Name = "Operating Temperature (°C)"; Value = "-40 to +100"; VariantName = "[No Variations]"
Add component (AddParameter): Name = "Package"; Value = ""; VariantName = "[No Variations]"
Add component (AddParameter): Name = "TC Alternative 1"; Value = ""; VariantName = "[No Variations]"
Add component (AddParameter): Name = "TC ID"; Value = ""; VariantName = "[No Variations]"
Added Component: Designator=D3(New footprint 1)
Add component (AddParameter): Name = "Datasheet"; Value = ""; VariantName = "[No Variations]"
Add component (AddParameter): Name = "Manufacturer 1"; Value = "Hongbright"; VariantName = "[No Variations]"
Add component (AddParameter): Name = "Manufacturer Part Number 1"; Value = "H2214AG72E0Z01"; VariantName = "[No Variations]"
Add component (AddParameter): Name = "Operating Temperature (°C)"; Value = "-40 to +100"; VariantName = "[No Variations]"
Add component (AddParameter): Name = "Package"; Value = ""; VariantName = "[No Variations]"
Add component (AddParameter): Name = "TC Alternative 1"; Value = ""; VariantName = "[No Variations]"
Add component (AddParameter): Name = "TC ID"; Value = ""; VariantName = "[No Variations]"
Added Component: Designator=D4(New footprint 1)
Add component (AddParameter): Name = "Datasheet"; Value = ""; VariantName = "[No Variations]"
Add component (AddParameter): Name = "Manufacturer 1"; Value = "Hongbright"; VariantName = "[No Variations]"
Add component (AddParameter): Name = "Manufacturer Part Number 1"; Value = "H2214AG72E0Z01"; VariantName = "[No Variations]"
Add component (AddParameter): Name = "Operating Temperature (°C)"; Value = "-40 to +100"; VariantName = "[No Variations]"
Add component (AddParameter): Name = "Package"; Value = ""; VariantName = "[No Variations]"
Add component (AddParameter): Name = "TC Alternative 1"; Value = ""; VariantName = "[No Variations]"
Add component (AddParameter): Name = "TC ID"; Value = ""; VariantName = "[No Variations]"
Added Component: Designator=D5(New footprint 1)
Add component (AddParameter): Name = "Datasheet"; Value = ""; VariantName = "[No Variations]"
Add component (AddParameter): Name = "Manufacturer 1"; Value = "Hongbright"; VariantName = "[No Variations]"
Add component (AddParameter): Name = "Manufacturer Part Number 1"; Value = "H2214AG72E0Z01"; VariantName = "[No Variations]"
Add component (AddParameter): Name = "Operating Temperature (°C)"; Value = "-40 to +100"; VariantName = "[No Variations]"
Add component (AddParameter): Name = "Package"; Value = ""; VariantName = "[No Variations]"
Add component (AddParameter): Name = "TC Alternative 1"; Value = ""; VariantName = "[No Variations]"
Add component (AddParameter): Name = "TC ID"; Value = ""; VariantName = "[No Variations]"
Added Component: Designator=J1(CON80_2X40_MR_TX24_JAE)
Add component (AddParameter): Name = "Built_By"; Value = "EMA_UL_Team"; VariantName = "[No Variations]"
Add component (AddParameter): Name = "Copyright"; Value = "Copyright (C) 2018 Accelerated Designs. All rights reserved"; VariantName = "[No Variations]"
Add component (AddParameter): Name = "Manufacturer_Part_Number"; Value = "TX24-80R-LT-H1E"; VariantName = "[No Variations]"
Add component (AddParameter): Name = "RefDes"; Value = "RefDes"; VariantName = "[No Variations]"
Add component (AddParameter): Name = "SourceLibrary"; Value = "JAE_2009-02-18"; VariantName = "[No Variations]"
Add component (AddParameter): Name = "Type"; Value = "DEV"; VariantName = "[No Variations]"
Add component (AddParameter): Name = "Vendor"; Value = "JAE Electronics"; VariantName = "[No Variations]"
Added Component: Designator=L1(INDC2016X10N)
Add component (AddParameter): Name = "Code_IEC"; Value = "1005"; VariantName = "[No Variations]"
Add component (AddParameter): Name = "Code_JEITA"; Value = "0402"; VariantName = "[No Variations]"
Add component (AddParameter): Name = "LatestRevisionDate"; Value = "29-May-2009"; VariantName = "[No Variations]"
Add component (AddParameter): Name = "LatestRevisionNote"; Value = "IPC-7351 Footprint Added."; VariantName = "[No Variations]"
Add component (AddParameter): Name = "PackageDescription"; Value = "Chip Inductor"; VariantName = "[No Variations]"
Add component (AddParameter): Name = "PackageReference"; Value = "0402-A"; VariantName = "[No Variations]"
Add component (AddParameter): Name = "Published"; Value = "8-Jun-2000"; VariantName = "[No Variations]"
Add component (AddParameter): Name = "Publisher"; Value = "Altium Limited"; VariantName = "[No Variations]"
Add component (AddParameter): Name = "Value"; Value = "1.5 uH"; VariantName = "[No Variations]"
Added Component: Designator=L2(INDC2016X10N)
Add component (AddParameter): Name = "Code_IEC"; Value = "1005"; VariantName = "[No Variations]"
Add component (AddParameter): Name = "Code_JEITA"; Value = "0402"; VariantName = "[No Variations]"
Add component (AddParameter): Name = "LatestRevisionDate"; Value = "29-May-2009"; VariantName = "[No Variations]"
Add component (AddParameter): Name = "LatestRevisionNote"; Value = "IPC-7351 Footprint Added."; VariantName = "[No Variations]"
Add component (AddParameter): Name = "PackageDescription"; Value = "Chip Inductor"; VariantName = "[No Variations]"
Add component (AddParameter): Name = "PackageReference"; Value = "0402-A"; VariantName = "[No Variations]"
Add component (AddParameter): Name = "Published"; Value = "8-Jun-2000"; VariantName = "[No Variations]"
Add component (AddParameter): Name = "Publisher"; Value = "Altium Limited"; VariantName = "[No Variations]"
Add component (AddParameter): Name = "Value"; Value = "1.5 uH"; VariantName = "[No Variations]"
Added Component: Designator=L3(INDC2016X10N)
Add component (AddParameter): Name = "Code_IEC"; Value = "1005"; VariantName = "[No Variations]"
Add component (AddParameter): Name = "Code_JEITA"; Value = "0402"; VariantName = "[No Variations]"
Add component (AddParameter): Name = "LatestRevisionDate"; Value = "29-May-2009"; VariantName = "[No Variations]"
Add component (AddParameter): Name = "LatestRevisionNote"; Value = "IPC-7351 Footprint Added."; VariantName = "[No Variations]"
Add component (AddParameter): Name = "PackageDescription"; Value = "Chip Inductor"; VariantName = "[No Variations]"
Add component (AddParameter): Name = "PackageReference"; Value = "0402-A"; VariantName = "[No Variations]"
Add component (AddParameter): Name = "Published"; Value = "8-Jun-2000"; VariantName = "[No Variations]"
Add component (AddParameter): Name = "Publisher"; Value = "Altium Limited"; VariantName = "[No Variations]"
Add component (AddParameter): Name = "Value"; Value = "1.5 uH"; VariantName = "[No Variations]"
Added Component: Designator=P1(SAMTEC-TSW-102-07-X-S)
Add component (AddParameter): Name = "Datasheet"; Value = "http://suddendocs.samtec.com/catalog_english/tsw_th.pdf"; VariantName = "[No Variations]"
Add component (AddParameter): Name = "Manufacturer 1"; Value = "Samtec Inc."; VariantName = "[No Variations]"
Add component (AddParameter): Name = "Manufacturer Part Number 1"; Value = "TSW-102-07-F-S"; VariantName = "[No Variations]"
Add component (AddParameter): Name = "Operating Temperature (°C)"; Value = "-55 to +125"; VariantName = "[No Variations]"
Add component (AddParameter): Name = "Package"; Value = ""; VariantName = "[No Variations]"
Add component (AddParameter): Name = "TC Alternative 1"; Value = ""; VariantName = "[No Variations]"
Add component (AddParameter): Name = "TC ID"; Value = "50025272"; VariantName = "[No Variations]"
Added Component: Designator=P2(SAMTEC-TSW-102-07-X-S)
Add component (AddParameter): Name = "Datasheet"; Value = "http://suddendocs.samtec.com/catalog_english/tsw_th.pdf"; VariantName = "[No Variations]"
Add component (AddParameter): Name = "Manufacturer 1"; Value = "Samtec Inc."; VariantName = "[No Variations]"
Add component (AddParameter): Name = "Manufacturer Part Number 1"; Value = "TSW-102-07-F-S"; VariantName = "[No Variations]"
Add component (AddParameter): Name = "Operating Temperature (°C)"; Value = "-55 to +125"; VariantName = "[No Variations]"
Add component (AddParameter): Name = "Package"; Value = ""; VariantName = "[No Variations]"
Add component (AddParameter): Name = "TC Alternative 1"; Value = ""; VariantName = "[No Variations]"
Add component (AddParameter): Name = "TC ID"; Value = "50025272"; VariantName = "[No Variations]"
Added Component: Designator=P3(SAMTEC-TSW-102-07-X-S)
Add component (AddParameter): Name = "Datasheet"; Value = "http://suddendocs.samtec.com/catalog_english/tsw_th.pdf"; VariantName = "[No Variations]"
Add component (AddParameter): Name = "Manufacturer 1"; Value = "Samtec Inc."; VariantName = "[No Variations]"
Add component (AddParameter): Name = "Manufacturer Part Number 1"; Value = "TSW-102-07-F-S"; VariantName = "[No Variations]"
Add component (AddParameter): Name = "Operating Temperature (°C)"; Value = "-55 to +125"; VariantName = "[No Variations]"
Add component (AddParameter): Name = "Package"; Value = ""; VariantName = "[No Variations]"
Add component (AddParameter): Name = "TC Alternative 1"; Value = ""; VariantName = "[No Variations]"
Add component (AddParameter): Name = "TC ID"; Value = "50025272"; VariantName = "[No Variations]"
Added Component: Designator=P4(SAMTEC-TSW-102-07-X-S)
Add component (AddParameter): Name = "Datasheet"; Value = "http://suddendocs.samtec.com/catalog_english/tsw_th.pdf"; VariantName = "[No Variations]"
Add component (AddParameter): Name = "Manufacturer 1"; Value = "Samtec Inc."; VariantName = "[No Variations]"
Add component (AddParameter): Name = "Manufacturer Part Number 1"; Value = "TSW-102-07-F-S"; VariantName = "[No Variations]"
Add component (AddParameter): Name = "Operating Temperature (°C)"; Value = "-55 to +125"; VariantName = "[No Variations]"
Add component (AddParameter): Name = "Package"; Value = ""; VariantName = "[No Variations]"
Add component (AddParameter): Name = "TC Alternative 1"; Value = ""; VariantName = "[No Variations]"
Add component (AddParameter): Name = "TC ID"; Value = "50025272"; VariantName = "[No Variations]"
Added Component: Designator=P5(SAMTEC-TSW-102-07-X-S)
Add component (AddParameter): Name = "Datasheet"; Value = "http://suddendocs.samtec.com/catalog_english/tsw_th.pdf"; VariantName = "[No Variations]"
Add component (AddParameter): Name = "Manufacturer 1"; Value = "Samtec Inc."; VariantName = "[No Variations]"
Add component (AddParameter): Name = "Manufacturer Part Number 1"; Value = "TSW-102-07-F-S"; VariantName = "[No Variations]"
Add component (AddParameter): Name = "Operating Temperature (°C)"; Value = "-55 to +125"; VariantName = "[No Variations]"
Add component (AddParameter): Name = "Package"; Value = ""; VariantName = "[No Variations]"
Add component (AddParameter): Name = "TC Alternative 1"; Value = ""; VariantName = "[No Variations]"
Add component (AddParameter): Name = "TC ID"; Value = "50025272"; VariantName = "[No Variations]"
Added Component: Designator=P6(SAMTEC-TSW-102-07-X-S)
Add component (AddParameter): Name = "Datasheet"; Value = "http://suddendocs.samtec.com/catalog_english/tsw_th.pdf"; VariantName = "[No Variations]"
Add component (AddParameter): Name = "Manufacturer 1"; Value = "Samtec Inc."; VariantName = "[No Variations]"
Add component (AddParameter): Name = "Manufacturer Part Number 1"; Value = "TSW-102-07-F-S"; VariantName = "[No Variations]"
Add component (AddParameter): Name = "Operating Temperature (°C)"; Value = "-55 to +125"; VariantName = "[No Variations]"
Add component (AddParameter): Name = "Package"; Value = ""; VariantName = "[No Variations]"
Add component (AddParameter): Name = "TC Alternative 1"; Value = ""; VariantName = "[No Variations]"
Add component (AddParameter): Name = "TC ID"; Value = "50025272"; VariantName = "[No Variations]"
Added Component: Designator=P7(SAMTEC-TSW-102-07-X-S)
Add component (AddParameter): Name = "Datasheet"; Value = "http://suddendocs.samtec.com/catalog_english/tsw_th.pdf"; VariantName = "[No Variations]"
Add component (AddParameter): Name = "Manufacturer 1"; Value = "Samtec Inc."; VariantName = "[No Variations]"
Add component (AddParameter): Name = "Manufacturer Part Number 1"; Value = "TSW-102-07-F-S"; VariantName = "[No Variations]"
Add component (AddParameter): Name = "Operating Temperature (°C)"; Value = "-55 to +125"; VariantName = "[No Variations]"
Add component (AddParameter): Name = "Package"; Value = ""; VariantName = "[No Variations]"
Add component (AddParameter): Name = "TC Alternative 1"; Value = ""; VariantName = "[No Variations]"
Add component (AddParameter): Name = "TC ID"; Value = "50025272"; VariantName = "[No Variations]"
Added Component: Designator=P8(SAMTEC-TSW-102-07-X-S)
Add component (AddParameter): Name = "Datasheet"; Value = "http://suddendocs.samtec.com/catalog_english/tsw_th.pdf"; VariantName = "[No Variations]"
Add component (AddParameter): Name = "Manufacturer 1"; Value = "Samtec Inc."; VariantName = "[No Variations]"
Add component (AddParameter): Name = "Manufacturer Part Number 1"; Value = "TSW-102-07-F-S"; VariantName = "[No Variations]"
Add component (AddParameter): Name = "Operating Temperature (°C)"; Value = "-55 to +125"; VariantName = "[No Variations]"
Add component (AddParameter): Name = "Package"; Value = ""; VariantName = "[No Variations]"
Add component (AddParameter): Name = "TC Alternative 1"; Value = ""; VariantName = "[No Variations]"
Add component (AddParameter): Name = "TC ID"; Value = "50025272"; VariantName = "[No Variations]"
Added Component: Designator=P9(SAMTEC-TSW-102-07-X-S)
Add component (AddParameter): Name = "Datasheet"; Value = "http://suddendocs.samtec.com/catalog_english/tsw_th.pdf"; VariantName = "[No Variations]"
Add component (AddParameter): Name = "Manufacturer 1"; Value = "Samtec Inc."; VariantName = "[No Variations]"
Add component (AddParameter): Name = "Manufacturer Part Number 1"; Value = "TSW-102-07-F-S"; VariantName = "[No Variations]"
Add component (AddParameter): Name = "Operating Temperature (°C)"; Value = "-55 to +125"; VariantName = "[No Variations]"
Add component (AddParameter): Name = "Package"; Value = ""; VariantName = "[No Variations]"
Add component (AddParameter): Name = "TC Alternative 1"; Value = ""; VariantName = "[No Variations]"
Add component (AddParameter): Name = "TC ID"; Value = "50025272"; VariantName = "[No Variations]"
Added Component: Designator=P10(SAMTEC-TSW-102-07-X-S)
Add component (AddParameter): Name = "Datasheet"; Value = "http://suddendocs.samtec.com/catalog_english/tsw_th.pdf"; VariantName = "[No Variations]"
Add component (AddParameter): Name = "Manufacturer 1"; Value = "Samtec Inc."; VariantName = "[No Variations]"
Add component (AddParameter): Name = "Manufacturer Part Number 1"; Value = "TSW-102-07-F-S"; VariantName = "[No Variations]"
Add component (AddParameter): Name = "Operating Temperature (°C)"; Value = "-55 to +125"; VariantName = "[No Variations]"
Add component (AddParameter): Name = "Package"; Value = ""; VariantName = "[No Variations]"
Add component (AddParameter): Name = "TC Alternative 1"; Value = ""; VariantName = "[No Variations]"
Add component (AddParameter): Name = "TC ID"; Value = "50025272"; VariantName = "[No Variations]"
Added Component: Designator=P11(SAMTEC-TSW-104-07-X-S)
Add component (AddParameter): Name = "Datasheet"; Value = "http://suddendocs.samtec.com/catalog_english/tsw_th.pdf"; VariantName = "[No Variations]"
Add component (AddParameter): Name = "Manufacturer 1"; Value = "Samtec Inc."; VariantName = "[No Variations]"
Add component (AddParameter): Name = "Manufacturer Part Number 1"; Value = "TSW-104-07-F-S"; VariantName = "[No Variations]"
Add component (AddParameter): Name = "Operating Temperature (°C)"; Value = "-55 to +125"; VariantName = "[No Variations]"
Add component (AddParameter): Name = "Package"; Value = ""; VariantName = "[No Variations]"
Add component (AddParameter): Name = "TC Alternative 1"; Value = ""; VariantName = "[No Variations]"
Add component (AddParameter): Name = "TC ID"; Value = "50025274"; VariantName = "[No Variations]"
Added Component: Designator=P12(SAMTEC-TSW-104-07-X-S)
Add component (AddParameter): Name = "Datasheet"; Value = "http://suddendocs.samtec.com/catalog_english/tsw_th.pdf"; VariantName = "[No Variations]"
Add component (AddParameter): Name = "Manufacturer 1"; Value = "Samtec Inc."; VariantName = "[No Variations]"
Add component (AddParameter): Name = "Manufacturer Part Number 1"; Value = "TSW-104-07-F-S"; VariantName = "[No Variations]"
Add component (AddParameter): Name = "Operating Temperature (°C)"; Value = "-55 to +125"; VariantName = "[No Variations]"
Add component (AddParameter): Name = "Package"; Value = ""; VariantName = "[No Variations]"
Add component (AddParameter): Name = "TC Alternative 1"; Value = ""; VariantName = "[No Variations]"
Add component (AddParameter): Name = "TC ID"; Value = "50025274"; VariantName = "[No Variations]"
Added Component: Designator=P13(SAMTEC-TSW-104-07-X-S)
Add component (AddParameter): Name = "Datasheet"; Value = "http://suddendocs.samtec.com/catalog_english/tsw_th.pdf"; VariantName = "[No Variations]"
Add component (AddParameter): Name = "Manufacturer 1"; Value = "Samtec Inc."; VariantName = "[No Variations]"
Add component (AddParameter): Name = "Manufacturer Part Number 1"; Value = "TSW-104-07-F-S"; VariantName = "[No Variations]"
Add component (AddParameter): Name = "Operating Temperature (°C)"; Value = "-55 to +125"; VariantName = "[No Variations]"
Add component (AddParameter): Name = "Package"; Value = ""; VariantName = "[No Variations]"
Add component (AddParameter): Name = "TC Alternative 1"; Value = ""; VariantName = "[No Variations]"
Add component (AddParameter): Name = "TC ID"; Value = "50025274"; VariantName = "[No Variations]"
Added Component: Designator=P14(SAMTEC-TSW-102-07-X-S)
Add component (AddParameter): Name = "Datasheet"; Value = "http://suddendocs.samtec.com/catalog_english/tsw_th.pdf"; VariantName = "[No Variations]"
Add component (AddParameter): Name = "Manufacturer 1"; Value = "Samtec Inc."; VariantName = "[No Variations]"
Add component (AddParameter): Name = "Manufacturer Part Number 1"; Value = "TSW-102-07-F-S"; VariantName = "[No Variations]"
Add component (AddParameter): Name = "Operating Temperature (°C)"; Value = "-55 to +125"; VariantName = "[No Variations]"
Add component (AddParameter): Name = "Package"; Value = ""; VariantName = "[No Variations]"
Add component (AddParameter): Name = "TC Alternative 1"; Value = ""; VariantName = "[No Variations]"
Add component (AddParameter): Name = "TC ID"; Value = "50025272"; VariantName = "[No Variations]"
Added Component: Designator=P15(SAMTEC-TSW-104-07-X-S)
Add component (AddParameter): Name = "Datasheet"; Value = "http://suddendocs.samtec.com/catalog_english/tsw_th.pdf"; VariantName = "[No Variations]"
Add component (AddParameter): Name = "Manufacturer 1"; Value = "Samtec Inc."; VariantName = "[No Variations]"
Add component (AddParameter): Name = "Manufacturer Part Number 1"; Value = "TSW-104-07-F-S"; VariantName = "[No Variations]"
Add component (AddParameter): Name = "Operating Temperature (°C)"; Value = "-55 to +125"; VariantName = "[No Variations]"
Add component (AddParameter): Name = "Package"; Value = ""; VariantName = "[No Variations]"
Add component (AddParameter): Name = "TC Alternative 1"; Value = ""; VariantName = "[No Variations]"
Add component (AddParameter): Name = "TC ID"; Value = "50025274"; VariantName = "[No Variations]"
Added Component: Designator=P16(SAMTEC-TSW-102-07-X-S)
Add component (AddParameter): Name = "Datasheet"; Value = "http://suddendocs.samtec.com/catalog_english/tsw_th.pdf"; VariantName = "[No Variations]"
Add component (AddParameter): Name = "Manufacturer 1"; Value = "Samtec Inc."; VariantName = "[No Variations]"
Add component (AddParameter): Name = "Manufacturer Part Number 1"; Value = "TSW-102-07-F-S"; VariantName = "[No Variations]"
Add component (AddParameter): Name = "Operating Temperature (°C)"; Value = "-55 to +125"; VariantName = "[No Variations]"
Add component (AddParameter): Name = "Package"; Value = ""; VariantName = "[No Variations]"
Add component (AddParameter): Name = "TC Alternative 1"; Value = ""; VariantName = "[No Variations]"
Add component (AddParameter): Name = "TC ID"; Value = "50025272"; VariantName = "[No Variations]"
Added Component: Designator=P17(SAMTEC-TSW-104-07-X-S)
Add component (AddParameter): Name = "Datasheet"; Value = "http://suddendocs.samtec.com/catalog_english/tsw_th.pdf"; VariantName = "[No Variations]"
Add component (AddParameter): Name = "Manufacturer 1"; Value = "Samtec Inc."; VariantName = "[No Variations]"
Add component (AddParameter): Name = "Manufacturer Part Number 1"; Value = "TSW-104-07-F-S"; VariantName = "[No Variations]"
Add component (AddParameter): Name = "Operating Temperature (°C)"; Value = "-55 to +125"; VariantName = "[No Variations]"
Add component (AddParameter): Name = "Package"; Value = ""; VariantName = "[No Variations]"
Add component (AddParameter): Name = "TC Alternative 1"; Value = ""; VariantName = "[No Variations]"
Add component (AddParameter): Name = "TC ID"; Value = "50025274"; VariantName = "[No Variations]"
Added Component: Designator=R1(R0402N)
Add component (AddParameter): Name = "Component Tolerance"; Value = "1%"; VariantName = "[No Variations]"
Add component (AddParameter): Name = "Component Value"; Value = "100k"; VariantName = "[No Variations]"
Add component (AddParameter): Name = "Manufacturer 1"; Value = ""; VariantName = "[No Variations]"
Add component (AddParameter): Name = "Manufacturer Part Number 1"; Value = ""; VariantName = "[No Variations]"
Add component (AddParameter): Name = "Operating Temperature (°C)"; Value = "-55 to +125"; VariantName = "[No Variations]"
Add component (AddParameter): Name = "Package"; Value = "0402"; VariantName = "[No Variations]"
Add component (AddParameter): Name = "Power Rating"; Value = "63mW"; VariantName = "[No Variations]"
Add component (AddParameter): Name = "TC Alternative 1"; Value = ""; VariantName = "[No Variations]"
Add component (AddParameter): Name = "TC ID"; Value = "50020637"; VariantName = "[No Variations]"
Add component (AddParameter): Name = "Voltage Rating"; Value = ""; VariantName = "[No Variations]"
Added Component: Designator=R2(R0402N)
Add component (AddParameter): Name = "Component Tolerance"; Value = "1%"; VariantName = "[No Variations]"
Add component (AddParameter): Name = "Component Value"; Value = "200"; VariantName = "[No Variations]"
Add component (AddParameter): Name = "Manufacturer 1"; Value = ""; VariantName = "[No Variations]"
Add component (AddParameter): Name = "Manufacturer Part Number 1"; Value = ""; VariantName = "[No Variations]"
Add component (AddParameter): Name = "Operating Temperature (°C)"; Value = "-55 to +125"; VariantName = "[No Variations]"
Add component (AddParameter): Name = "Package"; Value = "0402"; VariantName = "[No Variations]"
Add component (AddParameter): Name = "Power Rating"; Value = "63mW"; VariantName = "[No Variations]"
Add component (AddParameter): Name = "TC Alternative 1"; Value = ""; VariantName = "[No Variations]"
Add component (AddParameter): Name = "TC ID"; Value = "50020637"; VariantName = "[No Variations]"
Add component (AddParameter): Name = "Voltage Rating"; Value = ""; VariantName = "[No Variations]"
Added Component: Designator=R3(R0402N)
Add component (AddParameter): Name = "Component Tolerance"; Value = "1%"; VariantName = "[No Variations]"
Add component (AddParameter): Name = "Component Value"; Value = "43.2k"; VariantName = "[No Variations]"
Add component (AddParameter): Name = "Manufacturer 1"; Value = ""; VariantName = "[No Variations]"
Add component (AddParameter): Name = "Manufacturer Part Number 1"; Value = ""; VariantName = "[No Variations]"
Add component (AddParameter): Name = "Operating Temperature (°C)"; Value = "-55 to +125"; VariantName = "[No Variations]"
Add component (AddParameter): Name = "Package"; Value = "0402"; VariantName = "[No Variations]"
Add component (AddParameter): Name = "Power Rating"; Value = "63mW"; VariantName = "[No Variations]"
Add component (AddParameter): Name = "TC Alternative 1"; Value = ""; VariantName = "[No Variations]"
Add component (AddParameter): Name = "TC ID"; Value = "50020637"; VariantName = "[No Variations]"
Add component (AddParameter): Name = "Voltage Rating"; Value = ""; VariantName = "[No Variations]"
Added Component: Designator=R4(R0402N)
Add component (AddParameter): Name = "Component Tolerance"; Value = "1%"; VariantName = "[No Variations]"
Add component (AddParameter): Name = "Component Value"; Value = "100k"; VariantName = "[No Variations]"
Add component (AddParameter): Name = "Manufacturer 1"; Value = ""; VariantName = "[No Variations]"
Add component (AddParameter): Name = "Manufacturer Part Number 1"; Value = ""; VariantName = "[No Variations]"
Add component (AddParameter): Name = "Operating Temperature (°C)"; Value = "-55 to +125"; VariantName = "[No Variations]"
Add component (AddParameter): Name = "Package"; Value = "0402"; VariantName = "[No Variations]"
Add component (AddParameter): Name = "Power Rating"; Value = "63mW"; VariantName = "[No Variations]"
Add component (AddParameter): Name = "TC Alternative 1"; Value = ""; VariantName = "[No Variations]"
Add component (AddParameter): Name = "TC ID"; Value = "50020637"; VariantName = "[No Variations]"
Add component (AddParameter): Name = "Voltage Rating"; Value = ""; VariantName = "[No Variations]"
Added Component: Designator=R5(R0402N)
Add component (AddParameter): Name = "Component Tolerance"; Value = "1%"; VariantName = "[No Variations]"
Add component (AddParameter): Name = "Component Value"; Value = "200"; VariantName = "[No Variations]"
Add component (AddParameter): Name = "Manufacturer 1"; Value = ""; VariantName = "[No Variations]"
Add component (AddParameter): Name = "Manufacturer Part Number 1"; Value = ""; VariantName = "[No Variations]"
Add component (AddParameter): Name = "Operating Temperature (°C)"; Value = "-55 to +125"; VariantName = "[No Variations]"
Add component (AddParameter): Name = "Package"; Value = "0402"; VariantName = "[No Variations]"
Add component (AddParameter): Name = "Power Rating"; Value = "63mW"; VariantName = "[No Variations]"
Add component (AddParameter): Name = "TC Alternative 1"; Value = ""; VariantName = "[No Variations]"
Add component (AddParameter): Name = "TC ID"; Value = "50020637"; VariantName = "[No Variations]"
Add component (AddParameter): Name = "Voltage Rating"; Value = ""; VariantName = "[No Variations]"
Added Component: Designator=R6(R0402N)
Add component (AddParameter): Name = "Component Tolerance"; Value = "1%"; VariantName = "[No Variations]"
Add component (AddParameter): Name = "Component Value"; Value = "43.2k"; VariantName = "[No Variations]"
Add component (AddParameter): Name = "Manufacturer 1"; Value = ""; VariantName = "[No Variations]"
Add component (AddParameter): Name = "Manufacturer Part Number 1"; Value = ""; VariantName = "[No Variations]"
Add component (AddParameter): Name = "Operating Temperature (°C)"; Value = "-55 to +125"; VariantName = "[No Variations]"
Add component (AddParameter): Name = "Package"; Value = "0402"; VariantName = "[No Variations]"
Add component (AddParameter): Name = "Power Rating"; Value = "63mW"; VariantName = "[No Variations]"
Add component (AddParameter): Name = "TC Alternative 1"; Value = ""; VariantName = "[No Variations]"
Add component (AddParameter): Name = "TC ID"; Value = "50020637"; VariantName = "[No Variations]"
Add component (AddParameter): Name = "Voltage Rating"; Value = ""; VariantName = "[No Variations]"
Added Component: Designator=R7(R0402N)
Add component (AddParameter): Name = "Component Tolerance"; Value = "1%"; VariantName = "[No Variations]"
Add component (AddParameter): Name = "Component Value"; Value = "100k"; VariantName = "[No Variations]"
Add component (AddParameter): Name = "Manufacturer 1"; Value = ""; VariantName = "[No Variations]"
Add component (AddParameter): Name = "Manufacturer Part Number 1"; Value = ""; VariantName = "[No Variations]"
Add component (AddParameter): Name = "Operating Temperature (°C)"; Value = "-55 to +125"; VariantName = "[No Variations]"
Add component (AddParameter): Name = "Package"; Value = "0402"; VariantName = "[No Variations]"
Add component (AddParameter): Name = "Power Rating"; Value = "63mW"; VariantName = "[No Variations]"
Add component (AddParameter): Name = "TC Alternative 1"; Value = ""; VariantName = "[No Variations]"
Add component (AddParameter): Name = "TC ID"; Value = "50020637"; VariantName = "[No Variations]"
Add component (AddParameter): Name = "Voltage Rating"; Value = ""; VariantName = "[No Variations]"
Added Component: Designator=R8(R0402N)
Add component (AddParameter): Name = "Component Tolerance"; Value = "1%"; VariantName = "[No Variations]"
Add component (AddParameter): Name = "Component Value"; Value = "800"; VariantName = "[No Variations]"
Add component (AddParameter): Name = "Manufacturer 1"; Value = ""; VariantName = "[No Variations]"
Add component (AddParameter): Name = "Manufacturer Part Number 1"; Value = ""; VariantName = "[No Variations]"
Add component (AddParameter): Name = "Operating Temperature (°C)"; Value = "-55 to +125"; VariantName = "[No Variations]"
Add component (AddParameter): Name = "Package"; Value = "0402"; VariantName = "[No Variations]"
Add component (AddParameter): Name = "Power Rating"; Value = "63mW"; VariantName = "[No Variations]"
Add component (AddParameter): Name = "TC Alternative 1"; Value = ""; VariantName = "[No Variations]"
Add component (AddParameter): Name = "TC ID"; Value = "50020637"; VariantName = "[No Variations]"
Add component (AddParameter): Name = "Voltage Rating"; Value = ""; VariantName = "[No Variations]"
Added Component: Designator=R9(R0402N)
Add component (AddParameter): Name = "Component Tolerance"; Value = "1%"; VariantName = "[No Variations]"
Add component (AddParameter): Name = "Component Value"; Value = "43.2k"; VariantName = "[No Variations]"
Add component (AddParameter): Name = "Manufacturer 1"; Value = ""; VariantName = "[No Variations]"
Add component (AddParameter): Name = "Manufacturer Part Number 1"; Value = ""; VariantName = "[No Variations]"
Add component (AddParameter): Name = "Operating Temperature (°C)"; Value = "-55 to +125"; VariantName = "[No Variations]"
Add component (AddParameter): Name = "Package"; Value = "0402"; VariantName = "[No Variations]"
Add component (AddParameter): Name = "Power Rating"; Value = "63mW"; VariantName = "[No Variations]"
Add component (AddParameter): Name = "TC Alternative 1"; Value = ""; VariantName = "[No Variations]"
Add component (AddParameter): Name = "TC ID"; Value = "50020637"; VariantName = "[No Variations]"
Add component (AddParameter): Name = "Voltage Rating"; Value = ""; VariantName = "[No Variations]"
Added Component: Designator=R10(R0402N)
Add component (AddParameter): Name = "Component Tolerance"; Value = "1%"; VariantName = "[No Variations]"
Add component (AddParameter): Name = "Component Value"; Value = "10k"; VariantName = "[No Variations]"
Add component (AddParameter): Name = "Manufacturer 1"; Value = ""; VariantName = "[No Variations]"
Add component (AddParameter): Name = "Manufacturer Part Number 1"; Value = ""; VariantName = "[No Variations]"
Add component (AddParameter): Name = "Operating Temperature (°C)"; Value = "-55 to +125"; VariantName = "[No Variations]"
Add component (AddParameter): Name = "Package"; Value = "0402"; VariantName = "[No Variations]"
Add component (AddParameter): Name = "Power Rating"; Value = "63mW"; VariantName = "[No Variations]"
Add component (AddParameter): Name = "TC Alternative 1"; Value = ""; VariantName = "[No Variations]"
Add component (AddParameter): Name = "TC ID"; Value = "50020637"; VariantName = "[No Variations]"
Add component (AddParameter): Name = "Voltage Rating"; Value = ""; VariantName = "[No Variations]"
Added Component: Designator=R11(R0402N)
Add component (AddParameter): Name = "Component Tolerance"; Value = "1%"; VariantName = "[No Variations]"
Add component (AddParameter): Name = "Component Value"; Value = "10k"; VariantName = "[No Variations]"
Add component (AddParameter): Name = "Manufacturer 1"; Value = ""; VariantName = "[No Variations]"
Add component (AddParameter): Name = "Manufacturer Part Number 1"; Value = ""; VariantName = "[No Variations]"
Add component (AddParameter): Name = "Operating Temperature (°C)"; Value = "-55 to +125"; VariantName = "[No Variations]"
Add component (AddParameter): Name = "Package"; Value = "0402"; VariantName = "[No Variations]"
Add component (AddParameter): Name = "Power Rating"; Value = "63mW"; VariantName = "[No Variations]"
Add component (AddParameter): Name = "TC Alternative 1"; Value = ""; VariantName = "[No Variations]"
Add component (AddParameter): Name = "TC ID"; Value = "50020637"; VariantName = "[No Variations]"
Add component (AddParameter): Name = "Voltage Rating"; Value = ""; VariantName = "[No Variations]"
Added Component: Designator=R12(R0402N)
Add component (AddParameter): Name = "Component Tolerance"; Value = "1%"; VariantName = "[No Variations]"
Add component (AddParameter): Name = "Component Value"; Value = "200"; VariantName = "[No Variations]"
Add component (AddParameter): Name = "Manufacturer 1"; Value = ""; VariantName = "[No Variations]"
Add component (AddParameter): Name = "Manufacturer Part Number 1"; Value = ""; VariantName = "[No Variations]"
Add component (AddParameter): Name = "Operating Temperature (°C)"; Value = "-55 to +125"; VariantName = "[No Variations]"
Add component (AddParameter): Name = "Package"; Value = "0402"; VariantName = "[No Variations]"
Add component (AddParameter): Name = "Power Rating"; Value = "63mW"; VariantName = "[No Variations]"
Add component (AddParameter): Name = "TC Alternative 1"; Value = ""; VariantName = "[No Variations]"
Add component (AddParameter): Name = "TC ID"; Value = "50020637"; VariantName = "[No Variations]"
Add component (AddParameter): Name = "Voltage Rating"; Value = ""; VariantName = "[No Variations]"
Added Component: Designator=R13(R0402N)
Add component (AddParameter): Name = "Component Tolerance"; Value = "1%"; VariantName = "[No Variations]"
Add component (AddParameter): Name = "Component Value"; Value = "200"; VariantName = "[No Variations]"
Add component (AddParameter): Name = "Manufacturer 1"; Value = ""; VariantName = "[No Variations]"
Add component (AddParameter): Name = "Manufacturer Part Number 1"; Value = ""; VariantName = "[No Variations]"
Add component (AddParameter): Name = "Operating Temperature (°C)"; Value = "-55 to +125"; VariantName = "[No Variations]"
Add component (AddParameter): Name = "Package"; Value = "0402"; VariantName = "[No Variations]"
Add component (AddParameter): Name = "Power Rating"; Value = "63mW"; VariantName = "[No Variations]"
Add component (AddParameter): Name = "TC Alternative 1"; Value = ""; VariantName = "[No Variations]"
Add component (AddParameter): Name = "TC ID"; Value = "50020637"; VariantName = "[No Variations]"
Add component (AddParameter): Name = "Voltage Rating"; Value = ""; VariantName = "[No Variations]"
Added Component: Designator=U4(SOT23-5P95_280X145L45X40N)
Add component (AddParameter): Name = "Datasheet"; Value = ""; VariantName = "[No Variations]"
Add component (AddParameter): Name = "Manufacturer 1"; Value = "Texas Instruments"; VariantName = "[No Variations]"
Add component (AddParameter): Name = "Manufacturer Part Number 1"; Value = "TLV75533PDBVR"; VariantName = "[No Variations]"
Add component (AddParameter): Name = "Operating Temperature (°C)"; Value = "-40 to +125"; VariantName = "[No Variations]"
Add component (AddParameter): Name = "Package"; Value = "SOT-23-5"; VariantName = "[No Variations]"
Add component (AddParameter): Name = "TC Alternative 1"; Value = ""; VariantName = "[No Variations]"
Add component (AddParameter): Name = "TC ID"; Value = "50021849"; VariantName = "[No Variations]"
Added Pin To Net: NetName=GND Pin=C2-1
Added Pin To Net: NetName=GND Pin=C3-1
Added Pin To Net: NetName=GND Pin=C4-1
Added Pin To Net: NetName=GND Pin=C5-1
Added Pin To Net: NetName=GND Pin=C7-1
Added Pin To Net: NetName=GND Pin=C8-1
Added Pin To Net: NetName=GND Pin=C9-1
Added Pin To Net: NetName=GND Pin=C10-2
Added Pin To Net: NetName=GND Pin=C11-2
Added Pin To Net: NetName=GND Pin=C12-2
Added Pin To Net: NetName=GND Pin=C16-1
Added Pin To Net: NetName=GND Pin=C19-1
Added Pin To Net: NetName=GND Pin=C20-1
Added Pin To Net: NetName=GND Pin=C21-1
Added Pin To Net: NetName=GND Pin=C25-1
Added Pin To Net: NetName=GND Pin=C28-1
Added Pin To Net: NetName=GND Pin=C29-1
Added Pin To Net: NetName=GND Pin=C30-1
Added Pin To Net: NetName=GND Pin=J1-3
Added Pin To Net: NetName=GND Pin=J1-6
Added Pin To Net: NetName=GND Pin=J1-9
Added Pin To Net: NetName=GND Pin=J1-12
Added Pin To Net: NetName=GND Pin=J1-16
Added Pin To Net: NetName=GND Pin=J1-19
Added Pin To Net: NetName=GND Pin=J1-22
Added Pin To Net: NetName=GND Pin=J1-25
Added Pin To Net: NetName=GND Pin=J1-28
Added Pin To Net: NetName=GND Pin=J1-32
Added Pin To Net: NetName=GND Pin=J1-53
Added Pin To Net: NetName=GND Pin=J1-56
Added Pin To Net: NetName=GND Pin=J1-59
Added Pin To Net: NetName=GND Pin=J1-62
Added Pin To Net: NetName=GND Pin=J1-65
Added Pin To Net: NetName=GND Pin=J1-68
Added Pin To Net: NetName=GND Pin=J1-75
Added Pin To Net: NetName=GND Pin=J1-76
Added Pin To Net: NetName=GND Pin=J1-77
Added Pin To Net: NetName=GND Pin=J1-78
Added Pin To Net: NetName=GND Pin=J1-79
Added Pin To Net: NetName=GND Pin=J1-80
Added Pin To Net: NetName=GND Pin=P1-1
Added Pin To Net: NetName=GND Pin=P2-2
Added Pin To Net: NetName=GND Pin=P3-1
Added Pin To Net: NetName=GND Pin=P4-2
Added Pin To Net: NetName=GND Pin=P5-2
Added Pin To Net: NetName=GND Pin=P6-1
Added Pin To Net: NetName=GND Pin=P9-1
Added Pin To Net: NetName=GND Pin=P12-4
Added Pin To Net: NetName=GND Pin=P13-4
Added Pin To Net: NetName=GND Pin=P14-1
Added Pin To Net: NetName=GND Pin=P15-4
Added Pin To Net: NetName=GND Pin=P16-1
Added Pin To Net: NetName=GND Pin=P17-4
Added Pin To Net: NetName=GND Pin=R2-1
Added Pin To Net: NetName=GND Pin=R3-1
Added Pin To Net: NetName=GND Pin=R5-1
Added Pin To Net: NetName=GND Pin=R6-1
Added Pin To Net: NetName=GND Pin=R8-1
Added Pin To Net: NetName=GND Pin=R9-1
Added Net: Name=GND
Added Pin To Net: NetName=NetC1_1 Pin=C1-1
Added Pin To Net: NetName=NetC1_1 Pin=L1-1
Added Net: Name=NetC1_1
Added Pin To Net: NetName=NetC1_2 Pin=C1-2
Added Net: Name=NetC1_2
Added Pin To Net: NetName=NetC6_1 Pin=C6-1
Added Pin To Net: NetName=NetC6_1 Pin=R1-1
Added Pin To Net: NetName=NetC6_1 Pin=R3-2
Added Net: Name=NetC6_1
Added Pin To Net: NetName=NetC9_2 Pin=C9-2
Added Net: Name=NetC9_2
Added Pin To Net: NetName=NetC13_1 Pin=C13-1
Added Pin To Net: NetName=NetC13_1 Pin=L2-1
Added Net: Name=NetC13_1
Added Pin To Net: NetName=NetC13_2 Pin=C13-2
Added Net: Name=NetC13_2
Added Pin To Net: NetName=NetC14_1 Pin=C14-1
Added Pin To Net: NetName=NetC14_1 Pin=C15-1
Added Pin To Net: NetName=NetC14_1 Pin=C17-1
Added Net: Name=NetC14_1
Added Pin To Net: NetName=NetC18_1 Pin=C18-1
Added Pin To Net: NetName=NetC18_1 Pin=R4-1
Added Pin To Net: NetName=NetC18_1 Pin=R6-2
Added Net: Name=NetC18_1
Added Pin To Net: NetName=NetC21_2 Pin=C21-2
Added Net: Name=NetC21_2
Added Pin To Net: NetName=NetC22_1 Pin=C22-1
Added Pin To Net: NetName=NetC22_1 Pin=L3-1
Added Net: Name=NetC22_1
Added Pin To Net: NetName=NetC22_2 Pin=C22-2
Added Net: Name=NetC22_2
Added Pin To Net: NetName=NetC23_1 Pin=C23-1
Added Pin To Net: NetName=NetC23_1 Pin=C24-1
Added Pin To Net: NetName=NetC23_1 Pin=C26-1
Added Net: Name=NetC23_1
Added Pin To Net: NetName=NetC27_1 Pin=C27-1
Added Pin To Net: NetName=NetC27_1 Pin=R7-1
Added Pin To Net: NetName=NetC27_1 Pin=R9-2
Added Net: Name=NetC27_1
Added Pin To Net: NetName=NetC30_2 Pin=C30-2
Added Net: Name=NetC30_2
Added Pin To Net: NetName=NetC31_1 Pin=C31-1
Added Pin To Net: NetName=NetC31_1 Pin=C32-1
Added Pin To Net: NetName=NetC31_1 Pin=U4-2
Added Net: Name=NetC31_1
Added Pin To Net: NetName=NetD1_2 Pin=D1-2
Added Pin To Net: NetName=NetD1_2 Pin=R2-2
Added Net: Name=NetD1_2
Added Pin To Net: NetName=NetD2_2 Pin=D2-2
Added Pin To Net: NetName=NetD2_2 Pin=R5-2
Added Net: Name=NetD2_2
Added Pin To Net: NetName=NetD3_2 Pin=D3-2
Added Pin To Net: NetName=NetD3_2 Pin=R8-2
Added Net: Name=NetD3_2
Added Pin To Net: NetName=NetD4_2 Pin=D4-2
Added Pin To Net: NetName=NetD4_2 Pin=R12-2
Added Net: Name=NetD4_2
Added Pin To Net: NetName=NetD5_2 Pin=D5-2
Added Pin To Net: NetName=NetD5_2 Pin=R13-2
Added Net: Name=NetD5_2
Added Pin To Net: NetName=NetJ1_50 Pin=J1-50
Added Pin To Net: NetName=NetJ1_50 Pin=P11-4
Added Net: Name=NetJ1_50
Added Pin To Net: NetName=NetJ1_51 Pin=J1-51
Added Pin To Net: NetName=NetJ1_51 Pin=P17-2
Added Net: Name=NetJ1_51
Added Pin To Net: NetName=NetJ1_52 Pin=J1-52
Added Pin To Net: NetName=NetJ1_52 Pin=P17-3
Added Net: Name=NetJ1_52
Added Pin To Net: NetName=NetJ1_60 Pin=J1-60
Added Pin To Net: NetName=NetJ1_60 Pin=P12-2
Added Net: Name=NetJ1_60
Added Pin To Net: NetName=NetJ1_61 Pin=J1-61
Added Pin To Net: NetName=NetJ1_61 Pin=P12-3
Added Net: Name=NetJ1_61
Added Pin To Net: NetName=NetJ1_63 Pin=J1-63
Added Pin To Net: NetName=NetJ1_63 Pin=P13-2
Added Net: Name=NetJ1_63
Added Pin To Net: NetName=NetJ1_64 Pin=J1-64
Added Pin To Net: NetName=NetJ1_64 Pin=P13-3
Added Net: Name=NetJ1_64
Added Pin To Net: NetName=NetJ1_66 Pin=J1-66
Added Pin To Net: NetName=NetJ1_66 Pin=P15-2
Added Net: Name=NetJ1_66
Added Pin To Net: NetName=NetJ1_67 Pin=J1-67
Added Pin To Net: NetName=NetJ1_67 Pin=P15-3
Added Net: Name=NetJ1_67
Added Pin To Net: NetName=NetJ1_72 Pin=J1-72
Added Pin To Net: NetName=NetJ1_72 Pin=P11-2
Added Pin To Net: NetName=NetJ1_72 Pin=R10-1
Added Pin To Net: NetName=NetJ1_72 Pin=R12-1
Added Net: Name=NetJ1_72
Added Pin To Net: NetName=NetJ1_73 Pin=J1-73
Added Pin To Net: NetName=NetJ1_73 Pin=P11-1
Added Net: Name=NetJ1_73
Added Pin To Net: NetName=NetJ1_74 Pin=J1-74
Added Pin To Net: NetName=NetJ1_74 Pin=P11-3
Added Pin To Net: NetName=NetJ1_74 Pin=R11-1
Added Pin To Net: NetName=NetJ1_74 Pin=R13-1
Added Net: Name=NetJ1_74
Added Pin To Net: NetName=VDD_3V3 Pin=C32-2
Added Pin To Net: NetName=VDD_3V3 Pin=D4-1
Added Pin To Net: NetName=VDD_3V3 Pin=D5-1
Added Pin To Net: NetName=VDD_3V3 Pin=P14-2
Added Pin To Net: NetName=VDD_3V3 Pin=P16-2
Added Pin To Net: NetName=VDD_3V3 Pin=P17-1
Added Pin To Net: NetName=VDD_3V3 Pin=R10-2
Added Pin To Net: NetName=VDD_3V3 Pin=R11-2
Added Pin To Net: NetName=VDD_3V3 Pin=U4-5
Added Net: Name=VDD_3V3
Added Pin To Net: NetName=VDD_5V_1 Pin=C6-2
Added Pin To Net: NetName=VDD_5V_1 Pin=C7-2
Added Pin To Net: NetName=VDD_5V_1 Pin=C8-2
Added Pin To Net: NetName=VDD_5V_1 Pin=D1-1
Added Pin To Net: NetName=VDD_5V_1 Pin=L1-2
Added Pin To Net: NetName=VDD_5V_1 Pin=P6-2
Added Pin To Net: NetName=VDD_5V_1 Pin=R1-2
Added Net: Name=VDD_5V_1
Added Pin To Net: NetName=VDD_5V_2 Pin=C18-2
Added Pin To Net: NetName=VDD_5V_2 Pin=C19-2
Added Pin To Net: NetName=VDD_5V_2 Pin=C20-2
Added Pin To Net: NetName=VDD_5V_2 Pin=C31-2
Added Pin To Net: NetName=VDD_5V_2 Pin=D2-1
Added Pin To Net: NetName=VDD_5V_2 Pin=L2-2
Added Pin To Net: NetName=VDD_5V_2 Pin=P9-2
Added Pin To Net: NetName=VDD_5V_2 Pin=P12-1
Added Pin To Net: NetName=VDD_5V_2 Pin=P13-1
Added Pin To Net: NetName=VDD_5V_2 Pin=P15-1
Added Pin To Net: NetName=VDD_5V_2 Pin=R4-2
Added Pin To Net: NetName=VDD_5V_2 Pin=U4-1
Added Pin To Net: NetName=VDD_5V_2 Pin=U4-3
Added Net: Name=VDD_5V_2
Added Pin To Net: NetName=VDD_12V Pin=C27-2
Added Pin To Net: NetName=VDD_12V Pin=C28-2
Added Pin To Net: NetName=VDD_12V Pin=C29-2
Added Pin To Net: NetName=VDD_12V Pin=D3-1
Added Pin To Net: NetName=VDD_12V Pin=L3-2
Added Pin To Net: NetName=VDD_12V Pin=P1-2
Added Pin To Net: NetName=VDD_12V Pin=P3-2
Added Pin To Net: NetName=VDD_12V Pin=P7-2
Added Pin To Net: NetName=VDD_12V Pin=P8-2
Added Pin To Net: NetName=VDD_12V Pin=P10-2
Added Pin To Net: NetName=VDD_12V Pin=R7-2
Added Net: Name=VDD_12V
Added Pin To Net: NetName=VDD_IN Pin=C2-2
Added Pin To Net: NetName=VDD_IN Pin=C3-2
Added Pin To Net: NetName=VDD_IN Pin=C4-2
Added Pin To Net: NetName=VDD_IN Pin=C5-2
Added Pin To Net: NetName=VDD_IN Pin=C10-1
Added Pin To Net: NetName=VDD_IN Pin=C11-1
Added Pin To Net: NetName=VDD_IN Pin=C12-1
Added Pin To Net: NetName=VDD_IN Pin=C14-2
Added Pin To Net: NetName=VDD_IN Pin=C15-2
Added Pin To Net: NetName=VDD_IN Pin=C16-2
Added Pin To Net: NetName=VDD_IN Pin=C17-2
Added Pin To Net: NetName=VDD_IN Pin=C23-2
Added Pin To Net: NetName=VDD_IN Pin=C24-2
Added Pin To Net: NetName=VDD_IN Pin=C25-2
Added Pin To Net: NetName=VDD_IN Pin=C26-2
Added Pin To Net: NetName=VDD_IN Pin=J1-33
Added Pin To Net: NetName=VDD_IN Pin=J1-34
Added Pin To Net: NetName=VDD_IN Pin=J1-35
Added Pin To Net: NetName=VDD_IN Pin=J1-36
Added Pin To Net: NetName=VDD_IN Pin=J1-37
Added Pin To Net: NetName=VDD_IN Pin=J1-38
Added Pin To Net: NetName=VDD_IN Pin=J1-39
Added Pin To Net: NetName=VDD_IN Pin=J1-40
Added Pin To Net: NetName=VDD_IN Pin=P2-1
Added Pin To Net: NetName=VDD_IN Pin=P4-1
Added Pin To Net: NetName=VDD_IN Pin=P5-1
Added Pin To Net: NetName=VDD_IN Pin=P7-1
Added Pin To Net: NetName=VDD_IN Pin=P8-1
Added Pin To Net: NetName=VDD_IN Pin=P10-1
Added Net: Name=VDD_IN
Added Class: Name=schema
Added Room: Name=schema
