Replace Part C33 Cap in D:\git\Hardware\AltiumDesigner\NanoPi_Neo2_audio_hub\audio_usb.SchDoc with Cap from Miscellaneous Devices.IntLib
Replace Part C34 Cap Pol1 in D:\git\Hardware\AltiumDesigner\NanoPi_Neo2_audio_hub\audio_usb.SchDoc with Cap Pol1 from Miscellaneous Devices.IntLib
Replace Part C35 Cap Pol1 in D:\git\Hardware\AltiumDesigner\NanoPi_Neo2_audio_hub\audio_usb.SchDoc with Cap Pol1 from Miscellaneous Devices.IntLib
Replace Part C36 Cap Pol1 in D:\git\Hardware\AltiumDesigner\NanoPi_Neo2_audio_hub\audio_usb.SchDoc with Cap Pol1 from Miscellaneous Devices.IntLib
Replace Part C37 Cap Pol1 in D:\git\Hardware\AltiumDesigner\NanoPi_Neo2_audio_hub\audio_usb.SchDoc with Cap Pol1 from Miscellaneous Devices.IntLib
Replace Part C38 Cap Pol1 in D:\git\Hardware\AltiumDesigner\NanoPi_Neo2_audio_hub\audio_usb.SchDoc with Cap Pol1 from Miscellaneous Devices.IntLib
Replace Part C39 Cap Pol1 in D:\git\Hardware\AltiumDesigner\NanoPi_Neo2_audio_hub\audio_usb.SchDoc with Cap Pol1 from Miscellaneous Devices.IntLib
Replace Part C40 Cap in D:\git\Hardware\AltiumDesigner\NanoPi_Neo2_audio_hub\audio_usb.SchDoc with Cap from Miscellaneous Devices.IntLib
Replace Part C41 Cap in D:\git\Hardware\AltiumDesigner\NanoPi_Neo2_audio_hub\audio_usb.SchDoc with Cap from Miscellaneous Devices.IntLib
Replace Part C42 Cap in D:\git\Hardware\AltiumDesigner\NanoPi_Neo2_audio_hub\audio_usb.SchDoc with Cap from Miscellaneous Devices.IntLib
Replace Part C43 Cap in D:\git\Hardware\AltiumDesigner\NanoPi_Neo2_audio_hub\audio_usb.SchDoc with Cap from Miscellaneous Devices.IntLib
Replace Part C44 Cap in D:\git\Hardware\AltiumDesigner\NanoPi_Neo2_audio_hub\audio_usb.SchDoc with Cap from Miscellaneous Devices.IntLib
Replace Part C45 Cap in D:\git\Hardware\AltiumDesigner\NanoPi_Neo2_audio_hub\audio_usb.SchDoc with Cap from Miscellaneous Devices.IntLib
Replace Part C46 Cap in D:\git\Hardware\AltiumDesigner\NanoPi_Neo2_audio_hub\audio_usb.SchDoc with Cap from Miscellaneous Devices.IntLib
Replace Part C47 Cap in D:\git\Hardware\AltiumDesigner\NanoPi_Neo2_audio_hub\audio_usb.SchDoc with Cap from Miscellaneous Devices.IntLib
Replace Part C48 Cap in D:\git\Hardware\AltiumDesigner\NanoPi_Neo2_audio_hub\audio_usb.SchDoc with Cap from Miscellaneous Devices.IntLib
Replace Part R10 Res1 in D:\git\Hardware\AltiumDesigner\NanoPi_Neo2_audio_hub\audio_usb.SchDoc with Res1 from Miscellaneous Devices.IntLib
Replace Part R11 Res1 in D:\git\Hardware\AltiumDesigner\NanoPi_Neo2_audio_hub\audio_usb.SchDoc with Res1 from Miscellaneous Devices.IntLib
Replace Part R12 Res1 in D:\git\Hardware\AltiumDesigner\NanoPi_Neo2_audio_hub\audio_usb.SchDoc with Res1 from Miscellaneous Devices.IntLib
Replace Part R13 Res1 in D:\git\Hardware\AltiumDesigner\NanoPi_Neo2_audio_hub\audio_usb.SchDoc with Res1 from Miscellaneous Devices.IntLib
Replace Part R14 Res1 in D:\git\Hardware\AltiumDesigner\NanoPi_Neo2_audio_hub\audio_usb.SchDoc with Res1 from Miscellaneous Devices.IntLib
Replace Part R15 Res1 in D:\git\Hardware\AltiumDesigner\NanoPi_Neo2_audio_hub\audio_usb.SchDoc with Res1 from Miscellaneous Devices.IntLib
Replace Part R16 Res1 in D:\git\Hardware\AltiumDesigner\NanoPi_Neo2_audio_hub\audio_usb.SchDoc with Res1 from Miscellaneous Devices.IntLib
Replace Part U1 PCM2902CDB in D:\git\Hardware\AltiumDesigner\NanoPi_Neo2_audio_hub\audio_usb.SchDoc with PCM2902CDB from PCM2902C.SchLib
Replace Part U6 TLV75801PDRVR in D:\git\Hardware\AltiumDesigner\NanoPi_Neo2_audio_hub\audio_usb.SchDoc with TLV75801PDRVR from TLV758P.SchLib
Replace Part X_2 X_48 in D:\git\Hardware\AltiumDesigner\NanoPi_Neo2_audio_hub\audio_usb.SchDoc with X_48 from Active Components.SchLib
