Replace Part C1 Cap in D:\git\Hardware\AltiumDesigner\NanoPi_Neo2_audio_hub\connectors_and_power.SchDoc with Cap from Miscellaneous Devices.IntLib
Replace Part C2 Cap in D:\git\Hardware\AltiumDesigner\NanoPi_Neo2_audio_hub\connectors_and_power.SchDoc with Cap from Miscellaneous Devices.IntLib
Replace Part C3 Cap in D:\git\Hardware\AltiumDesigner\NanoPi_Neo2_audio_hub\connectors_and_power.SchDoc with Cap from Miscellaneous Devices.IntLib
Replace Part C4 Cap in D:\git\Hardware\AltiumDesigner\NanoPi_Neo2_audio_hub\connectors_and_power.SchDoc with Cap from Miscellaneous Devices.IntLib
Replace Part C49 Cap in D:\git\Hardware\AltiumDesigner\NanoPi_Neo2_audio_hub\connectors_and_power.SchDoc with Cap from Miscellaneous Devices.IntLib
Replace Part D1 RGB in D:\git\Hardware\AltiumDesigner\NanoPi_Neo2_audio_hub\connectors_and_power.SchDoc with RGB from Active Components.SchLib
Replace Part J1 MJ-2135 in D:\git\Hardware\AltiumDesigner\NanoPi_Neo2_audio_hub\connectors_and_power.SchDoc with MJ-2135 from Connectors.SchLib
Replace Part J2 MJ-2135 in D:\git\Hardware\AltiumDesigner\NanoPi_Neo2_audio_hub\connectors_and_power.SchDoc with MJ-2135 from Connectors.SchLib
Replace Part J3 TORX117PL in D:\git\Hardware\AltiumDesigner\NanoPi_Neo2_audio_hub\connectors_and_power.SchDoc with TORX117PL from Connectors.SchLib
Replace Part J4 TOTX117PL in D:\git\Hardware\AltiumDesigner\NanoPi_Neo2_audio_hub\connectors_and_power.SchDoc with TOTX117PL from Connectors.SchLib
Replace Part J5 Micro USB Jack in D:\git\Hardware\AltiumDesigner\NanoPi_Neo2_audio_hub\connectors_and_power.SchDoc with Micro USB Jack from Connectors.SchLib
Replace Part NP1 nanopi_neo2 in D:\git\Hardware\AltiumDesigner\NanoPi_Neo2_audio_hub\connectors_and_power.SchDoc with nanopi_neo2 from project_specific.SchLib
Replace Part P1 Header 3 in D:\git\Hardware\AltiumDesigner\NanoPi_Neo2_audio_hub\connectors_and_power.SchDoc with Header 3 from Miscellaneous Connectors.IntLib
Replace Part P2 Header 3 in D:\git\Hardware\AltiumDesigner\NanoPi_Neo2_audio_hub\connectors_and_power.SchDoc with Header 3 from Miscellaneous Connectors.IntLib
Replace Part P3 Header 3 in D:\git\Hardware\AltiumDesigner\NanoPi_Neo2_audio_hub\connectors_and_power.SchDoc with Header 3 from Miscellaneous Connectors.IntLib
Replace Part P4 Header 3X2 in D:\git\Hardware\AltiumDesigner\NanoPi_Neo2_audio_hub\connectors_and_power.SchDoc with Header 3X2 from Miscellaneous Connectors.IntLib
Replace Part P5 Header 3X2 in D:\git\Hardware\AltiumDesigner\NanoPi_Neo2_audio_hub\connectors_and_power.SchDoc with Header 3X2 from Miscellaneous Connectors.IntLib
Replace Part R1 Res1 in D:\git\Hardware\AltiumDesigner\NanoPi_Neo2_audio_hub\connectors_and_power.SchDoc with Res1 from Miscellaneous Devices.IntLib
Replace Part R2 Res1 in D:\git\Hardware\AltiumDesigner\NanoPi_Neo2_audio_hub\connectors_and_power.SchDoc with Res1 from Miscellaneous Devices.IntLib
Replace Part R17 Res1 in D:\git\Hardware\AltiumDesigner\NanoPi_Neo2_audio_hub\connectors_and_power.SchDoc with Res1 from Miscellaneous Devices.IntLib
Replace Part R18 Res1 in D:\git\Hardware\AltiumDesigner\NanoPi_Neo2_audio_hub\connectors_and_power.SchDoc with Res1 from Miscellaneous Devices.IntLib
Replace Part R19 Res1 in D:\git\Hardware\AltiumDesigner\NanoPi_Neo2_audio_hub\connectors_and_power.SchDoc with Res1 from Miscellaneous Devices.IntLib
Replace Part R20 Res1 in D:\git\Hardware\AltiumDesigner\NanoPi_Neo2_audio_hub\connectors_and_power.SchDoc with Res1 from Miscellaneous Devices.IntLib
Replace Part U4 LDO 3.3V in D:\git\Hardware\AltiumDesigner\NanoPi_Neo2_audio_hub\connectors_and_power.SchDoc with LDO 3.3V from Active Components.SchLib
Replace Part U5 LDO 3.3V in D:\git\Hardware\AltiumDesigner\NanoPi_Neo2_audio_hub\connectors_and_power.SchDoc with LDO 3.3V from Active Components.SchLib
