Removed Pin From Net: NetName=USB2_P Pin=R11-1
Removed Pin From Net: NetName=USB2_N Pin=R12-1
Removed Pin From Net: NetName=USB1_P Pin=R23-1
Removed Pin From Net: NetName=USB1_P Pin=R24-2
Removed Pin From Net: NetName=USB1_N Pin=R25-2
Removed Pin From Net: NetName=GND Pin=U2-V
Removed Pin From Net: NetName=GND Pin=U2-V
Removed Pin From Net: NetName=GND Pin=U2-V
Removed Pin From Net: NetName=GND Pin=U2-V
Removed Pin From Net: NetName=GND Pin=U2-V
Removed Pin From Net: NetName=GND Pin=U2-V
Removed Pin From Net: NetName=GND Pin=U2-V
Removed Pin From Net: NetName=GND Pin=U2-V
Removed Pin From Net: NetName=GND Pin=U2-V
Removed Pin From Net: NetName=GND Pin=U2-V
Removed Pin From Net: NetName=GND Pin=U2-V
Removed Pin From Net: NetName=GND Pin=U2-V
Removed Pin From Net: NetName=GND Pin=U6-V
Removed Pin From Net: NetName=GND Pin=U6-V
Added Pin To Net: NetName=USB1_P Pin=R11-1
Added Pin To Net: NetName=USB1_N Pin=R12-1
Added Pin To Net: NetName=USB2_P Pin=R23-1
Added Pin To Net: NetName=USB2_P Pin=R24-2
Added Pin To Net: NetName=USB2_N Pin=R25-2
