Added Component: Designator=C44(C_0402)
Add component. Clean all parameters for all variants
Add component (AddParameter): Name = "Value"; Value = "1uF"; VariantName = "[No Variations]"
Added Component: Designator=C45(C_0402)
Add component. Clean all parameters for all variants
Add component (AddParameter): Name = "Value"; Value = "1uF"; VariantName = "[No Variations]"
Added Component: Designator=R14(R_0402)
Add component. Clean all parameters for all variants
Add component (AddParameter): Name = "Value"; Value = "56k"; VariantName = "[No Variations]"
Added Component: Designator=R16(R_0402)
Add component. Clean all parameters for all variants
Add component (AddParameter): Name = "Value"; Value = "10k"; VariantName = "[No Variations]"
Added Component: Designator=U6(DRV0006A)
Add component. Clean all parameters for all variants
Add component (AddParameter): Name = "Manufacturer"; Value = "Texas Instruments"; VariantName = "[No Variations]"
Add component (AddParameter): Name = "PartNumber"; Value = "TLV75801PDRVR"; VariantName = "[No Variations]"
Add component (AddParameter): Name = "RefDes"; Value = "RefDes"; VariantName = "[No Variations]"
Add component (AddParameter): Name = "TYPE"; Value = "TYPE"; VariantName = "[No Variations]"
Add component (AddParameter): Name = "Value"; Value = "Value"; VariantName = "[No Variations]"
Added Pin To Net: NetName=AGND Pin=C44-1
Added Pin To Net: NetName=5V Pin=C44-2
Added Pin To Net: NetName=AGND Pin=C45-1
Added Pin To Net: NetName=NetC36_1 Pin=C45-2
Added Pin To Net: NetName=NetC36_1 Pin=R14-2
Added Pin To Net: NetName=AGND Pin=R16-1
Added Pin To Net: NetName=NetC36_1 Pin=U6-1
Added Pin To Net: NetName=AGND Pin=U6-3
Added Pin To Net: NetName=NetU1_28 Pin=U6-4
Added Pin To Net: NetName=5V Pin=U6-6
Added Pin To Net: NetName=AGND Pin=U6-7
Added Pin To Net: NetName=NetR14_1 Pin=R14-1
Added Pin To Net: NetName=NetR14_1 Pin=R16-2
Added Pin To Net: NetName=NetR14_1 Pin=U6-2
Added Net: Name=NetR14_1
Added Member To Class: ClassName=audio_usb Member=Component C44 
Added Member To Class: ClassName=audio_usb Member=Component C45 
Added Member To Class: ClassName=audio_usb Member=Component R14 Res1
Added Member To Class: ClassName=audio_usb Member=Component R16 Res1
Added Member To Class: ClassName=audio_usb Member=Component U6 TLV75801PDRVR
Added Room: Name=audio_usb
Added Room: Name=connectors_and_power
Added Room: Name=purepath
Added Room: Name=rf_frontend
