Removed Pin From Net: NetName=3V3_PA Pin=P1-2
Added Component: Designator=C50(C_0402)
Add component. Clean all parameters for all variants
Add component (AddParameter): Name = "Value"; Value = "2.2uF"; VariantName = "[No Variations]"
Added Component: Designator=L16(L_0402)
Add component. Clean all parameters for all variants
Add component (AddParameter): Name = "Value"; Value = "EMI HF block"; VariantName = "[No Variations]"
Added Pin To Net: NetName=3V3_PA Pin=C23-1
Added Pin To Net: NetName=3V3_PA Pin=C24-1
Added Pin To Net: NetName=3V3_PA Pin=C25-1
Added Pin To Net: NetName=GND Pin=C50-1
Added Pin To Net: NetName=3V3_PA Pin=C50-2
Added Pin To Net: NetName=3V3_PA Pin=L12-2
Added Pin To Net: NetName=3V3_PA Pin=L16-2
Change Net Name : Old Net Name=3V3_PA New Net Name=VDD_PA
Added Pin To Net: NetName=3V3_PA Pin=L16-1
Added Pin To Net: NetName=3V3_PA Pin=P1-2
Added Net: Name=3V3_PA
Added Member To Class: ClassName=rf_frontend Member=Component C50 
Added Member To Class: ClassName=rf_frontend Member=Component L16 Inductor
Added Room: Name=connectors_and_power
Added Room: Name=purepath
Added Room: Name=rf_frontend
