Removed Member From Class: ClassName=connectors_and_power Member=C?
Removed Member From Class: ClassName=purepath Member=C?
Removed Member From Class: ClassName=purepath Member=L?
Removed Member From Class: ClassName=connectors_and_power Member=P?
Removed Member From Class: ClassName=connectors_and_power Member=R?
Removed Member From Class: ClassName=purepath Member=R?
Removed Member From Class: ClassName=audio_usb Member=U?
Removed Member From Class: ClassName=purepath Member=U?
Change Component Designator: OldDesignator=*? NewDesignator=*1
Change Component Designator: OldDesignator=ANT? NewDesignator=ANT1
Change Component Designator: OldDesignator=ANT? NewDesignator=ANT2
Change Component Designator: OldDesignator=C? NewDesignator=C1
Change Component Designator: OldDesignator=C? NewDesignator=C2
Change Component Designator: OldDesignator=C? NewDesignator=C3
Change Component Designator: OldDesignator=C? NewDesignator=C4
Change Component Designator: OldDesignator=C? NewDesignator=C5
Change Component Designator: OldDesignator=C? NewDesignator=C6
Change Component Designator: OldDesignator=C? NewDesignator=C7
Change Component Designator: OldDesignator=C? NewDesignator=C8
Change Component Designator: OldDesignator=C? NewDesignator=C9
Change Component Designator: OldDesignator=C? NewDesignator=C10
Change Component Designator: OldDesignator=C? NewDesignator=C11
Change Component Designator: OldDesignator=C? NewDesignator=C12
Change Component Designator: OldDesignator=C? NewDesignator=C13
Change Component Designator: OldDesignator=C? NewDesignator=C14
Change Component Designator: OldDesignator=C? NewDesignator=C15
Change Component Designator: OldDesignator=C? NewDesignator=C16
Change Component Designator: OldDesignator=C? NewDesignator=C17
Change Component Designator: OldDesignator=C? NewDesignator=C18
Change Component Designator: OldDesignator=C? NewDesignator=C19
Change Component Designator: OldDesignator=C? NewDesignator=C20
Change Component Designator: OldDesignator=C? NewDesignator=C21
Change Component Designator: OldDesignator=C? NewDesignator=C22
Change Component Designator: OldDesignator=C? NewDesignator=C23
Change Component Designator: OldDesignator=C? NewDesignator=C24
Change Component Designator: OldDesignator=C? NewDesignator=C25
Change Component Designator: OldDesignator=C? NewDesignator=C26
Change Component Designator: OldDesignator=C? NewDesignator=C27
Change Component Designator: OldDesignator=C? NewDesignator=C28
Change Component Designator: OldDesignator=C? NewDesignator=C29
Change Component Designator: OldDesignator=C? NewDesignator=C30
Change Component Designator: OldDesignator=C? NewDesignator=C31
Change Component Designator: OldDesignator=J? NewDesignator=J1
Change Component Designator: OldDesignator=L? NewDesignator=L1
Change Component Designator: OldDesignator=L? NewDesignator=L2
Change Component Designator: OldDesignator=L? NewDesignator=L3
Change Component Designator: OldDesignator=L? NewDesignator=L4
Change Component Designator: OldDesignator=L? NewDesignator=L5
Change Component Designator: OldDesignator=L? NewDesignator=L6
Change Component Designator: OldDesignator=L? NewDesignator=L7
Change Component Designator: OldDesignator=L? NewDesignator=L8
Change Component Designator: OldDesignator=L? NewDesignator=L9
Change Component Designator: OldDesignator=L? NewDesignator=L10
Change Component Designator: OldDesignator=L? NewDesignator=L11
Change Component Designator: OldDesignator=L? NewDesignator=L12
Change Component Designator: OldDesignator=L? NewDesignator=L13
Change Component Designator: OldDesignator=L? NewDesignator=L14
Change Component Designator: OldDesignator=L? NewDesignator=L15
Change Component Designator: OldDesignator=NP? NewDesignator=NP1
Change Component Designator: OldDesignator=P? NewDesignator=P1
Change Component Designator: OldDesignator=P? NewDesignator=P2
Change Component Designator: OldDesignator=P? NewDesignator=P3
Change Component Designator: OldDesignator=P? NewDesignator=P4
Change Component Designator: OldDesignator=P? NewDesignator=P5
Change Component Designator: OldDesignator=P? NewDesignator=P6
Change Component Designator: OldDesignator=R? NewDesignator=R1
Change Component Designator: OldDesignator=R? NewDesignator=R2
Change Component Designator: OldDesignator=R? NewDesignator=R3
Change Component Designator: OldDesignator=R? NewDesignator=R4
Change Component Designator: OldDesignator=R? NewDesignator=R5
Change Component Designator: OldDesignator=R? NewDesignator=R6
Change Component Designator: OldDesignator=R? NewDesignator=R7
Change Component Designator: OldDesignator=R? NewDesignator=R8
Change Component Designator: OldDesignator=R? NewDesignator=R9
Change Component Designator: OldDesignator=SW? NewDesignator=SW1
Change Component Designator: OldDesignator=U? NewDesignator=U1
Change Component Designator: OldDesignator=U? NewDesignator=U2
Change Component Designator: OldDesignator=U? NewDesignator=U3
Change Component Designator: OldDesignator=X_? NewDesignator=X_1
Change Net Name : Old Net Name=Net*?_5 New Net Name=Net*1_5
Change Net Name : Old Net Name=NetANT?_1 New Net Name=NetANT1_1
Change Net Name : Old Net Name=NetANT?_ANT New Net Name=NetANT2_ANT
Change Net Name : Old Net Name=NetC?_1 New Net Name=NetC28_1
Change Net Name : Old Net Name=NetC?_2 New Net Name=NetC17_2
Change Net Name : Old Net Name=NetL?_1 New Net Name=NetL11_1
Change Net Name : Old Net Name=NetL?_2 New Net Name=NetL11_2
Change Net Name : Old Net Name=NetNP?_25 New Net Name=NetNP1_25
Change Net Name : Old Net Name=NetNP?_26 New Net Name=NetNP1_26
Change Net Name : Old Net Name=NetNP?_27 New Net Name=NetNP1_27
Change Net Name : Old Net Name=NetNP?_28 New Net Name=NetNP1_28
Change Net Name : Old Net Name=NetNP?_39 New Net Name=NetNP1_39
Change Net Name : Old Net Name=NetP?_1 New Net Name=NetP3_1
Change Net Name : Old Net Name=NetP?_2 New Net Name=NetP4_2
Change Net Name : Old Net Name=NetP?_5 New Net Name=NetP6_5
Change Net Name : Old Net Name=NetP?_6 New Net Name=NetP6_6
Change Net Name : Old Net Name=NetP?_8 New Net Name=NetP6_8
Change Net Name : Old Net Name=NetP?_10 New Net Name=NetP6_10
Change Net Name : Old Net Name=NetR?_1 New Net Name=NetR3_1
Change Net Name : Old Net Name=NetR?_2 New Net Name=NetR3_2
Change Net Name : Old Net Name=NetU?_1 New Net Name=NetU2_1
Change Net Name : Old Net Name=NetU?_2 New Net Name=NetU2_2
Change Net Name : Old Net Name=NetU?_19 New Net Name=NetU2_19
Added Pin To Net: NetName=NetC23_1 Pin=C23-1
Added Pin To Net: NetName=NetC23_1 Pin=C24-1
Added Pin To Net: NetName=NetC23_1 Pin=C25-1
Added Pin To Net: NetName=NetC23_1 Pin=L12-2
Added Net: Name=NetC23_1
Added Pin To Net: NetName=NetC26_1 Pin=C26-1
Added Pin To Net: NetName=NetC26_1 Pin=R8-1
Added Pin To Net: NetName=NetC26_1 Pin=R9-2
Added Net: Name=NetC26_1
Added Pin To Net: NetName=NetC26_2 Pin=C26-2
Added Pin To Net: NetName=NetC26_2 Pin=C29-1
Added Pin To Net: NetName=NetC26_2 Pin=L14-2
Added Net: Name=NetC26_2
Added Pin To Net: NetName=NetC27_1 Pin=C27-1
Added Pin To Net: NetName=NetC27_1 Pin=L12-1
Added Pin To Net: NetName=NetC27_1 Pin=L13-1
Added Pin To Net: NetName=NetC27_1 Pin=U3-10
Added Net: Name=NetC27_1
Added Pin To Net: NetName=NetC30_1 Pin=C30-1
Added Pin To Net: NetName=NetC30_1 Pin=L15-1
Added Pin To Net: NetName=NetC30_1 Pin=R9-1
Added Net: Name=NetC30_1
Added Pin To Net: NetName=NetL3_1 Pin=L3-1
Added Pin To Net: NetName=NetL3_1 Pin=U2-13
Added Net: Name=NetL3_1
Added Pin To Net: NetName=NetL4_1 Pin=L4-1
Added Pin To Net: NetName=NetL4_1 Pin=U2-14
Added Net: Name=NetL4_1
Added Pin To Net: NetName=NetL5_1 Pin=L5-1
Added Pin To Net: NetName=NetL5_1 Pin=U2-15
Added Net: Name=NetL5_1
Added Pin To Net: NetName=NetL6_1 Pin=L6-1
Added Pin To Net: NetName=NetL6_1 Pin=U2-16
Added Net: Name=NetL6_1
Added Pin To Net: NetName=NetL7_1 Pin=L7-1
Added Pin To Net: NetName=NetL7_1 Pin=U2-17
Added Net: Name=NetL7_1
Added Pin To Net: NetName=NetL8_1 Pin=L8-1
Added Pin To Net: NetName=NetL8_1 Pin=U2-36
Added Net: Name=NetL8_1
Added Pin To Net: NetName=NetL8_2 Pin=L8-2
Added Pin To Net: NetName=NetL8_2 Pin=R4-2
Added Pin To Net: NetName=NetL8_2 Pin=U3-5
Added Net: Name=NetL8_2
Added Pin To Net: NetName=NetL9_1 Pin=L9-1
Added Pin To Net: NetName=NetL9_1 Pin=U2-38
Added Net: Name=NetL9_1
Added Pin To Net: NetName=NetL9_2 Pin=L9-2
Added Pin To Net: NetName=NetL9_2 Pin=U3-6
Added Net: Name=NetL9_2
Added Pin To Net: NetName=NetL10_1 Pin=L10-1
Added Pin To Net: NetName=NetL10_1 Pin=U2-30
Added Net: Name=NetL10_1
Added Pin To Net: NetName=NetL10_2 Pin=L10-2
Added Pin To Net: NetName=NetL10_2 Pin=R5-2
Added Net: Name=NetL10_2
Added Pin To Net: NetName=NetP4_1 Pin=P4-1
Added Net: Name=NetP4_1
Added Pin To Net: NetName=NetP5_1 Pin=P5-1
Added Net: Name=NetP5_1
Added Pin To Net: NetName=NetP5_2 Pin=P5-2
Added Net: Name=NetP5_2
Added Pin To Net: NetName=NetR6_1 Pin=R6-1
Added Pin To Net: NetName=NetR6_1 Pin=U3-7
Added Net: Name=NetR6_1
Added Pin To Net: NetName=NetR7_1 Pin=R7-1
Added Pin To Net: NetName=NetR7_1 Pin=U3-8
Added Net: Name=NetR7_1
Added Member To Class: ClassName=connectors_and_power Member=Component * MJ-2135
Added Member To Class: ClassName=connectors_and_power Member=Component * RGB
Added Member To Class: ClassName=connectors_and_power Member=Component * MJ-2135
Added Member To Class: ClassName=connectors_and_power Member=Component * TOTX117PL
Added Member To Class: ClassName=connectors_and_power Member=Component * TORX117PL
Added Member To Class: ClassName=rf_frontend Member=Component ANT1 SMA RP Antenna
Added Member To Class: ClassName=connectors_and_power Member=Component C1 
Added Member To Class: ClassName=connectors_and_power Member=Component C2 
Added Member To Class: ClassName=connectors_and_power Member=Component C3 
Added Member To Class: ClassName=connectors_and_power Member=Component C4 
Added Member To Class: ClassName=purepath Member=Component C5 
Added Member To Class: ClassName=purepath Member=Component C6 
Added Member To Class: ClassName=purepath Member=Component C7 
Added Member To Class: ClassName=purepath Member=Component C8 
Added Member To Class: ClassName=purepath Member=Component C9 
Added Member To Class: ClassName=purepath Member=Component C10 
Added Member To Class: ClassName=purepath Member=Component C11 
Added Member To Class: ClassName=purepath Member=Component C12 
Added Member To Class: ClassName=purepath Member=Component C13 
Added Member To Class: ClassName=purepath Member=Component C14 
Added Member To Class: ClassName=purepath Member=Component C15 
Added Member To Class: ClassName=purepath Member=Component C16 
Added Member To Class: ClassName=purepath Member=Component C17 
Added Member To Class: ClassName=purepath Member=Component C18 
Added Member To Class: ClassName=purepath Member=Component C19 
Added Member To Class: ClassName=rf_frontend Member=Component C20 
Added Member To Class: ClassName=rf_frontend Member=Component C21 
Added Member To Class: ClassName=rf_frontend Member=Component C23 
Added Member To Class: ClassName=rf_frontend Member=Component C24 
Added Member To Class: ClassName=rf_frontend Member=Component C25 
Added Member To Class: ClassName=rf_frontend Member=Component C26 
Added Member To Class: ClassName=rf_frontend Member=Component C27 
Added Member To Class: ClassName=rf_frontend Member=Component C28 
Added Member To Class: ClassName=rf_frontend Member=Component C29 
Added Member To Class: ClassName=rf_frontend Member=Component C30 
Added Member To Class: ClassName=rf_frontend Member=Component C31 
Added Member To Class: ClassName=purepath Member=Component L1 Inductor
Added Member To Class: ClassName=purepath Member=Component L2 Inductor
Added Member To Class: ClassName=purepath Member=Component L3 Inductor
Added Member To Class: ClassName=purepath Member=Component L4 Inductor
Added Member To Class: ClassName=purepath Member=Component L5 Inductor
Added Member To Class: ClassName=purepath Member=Component L6 Inductor
Added Member To Class: ClassName=purepath Member=Component L7 Inductor
Added Member To Class: ClassName=purepath Member=Component L8 Inductor
Added Member To Class: ClassName=purepath Member=Component L9 Inductor
Added Member To Class: ClassName=purepath Member=Component L10 Inductor
Added Member To Class: ClassName=purepath Member=Component L11 Inductor
Added Member To Class: ClassName=rf_frontend Member=Component L12 Inductor
Added Member To Class: ClassName=rf_frontend Member=Component L14 Inductor
Added Member To Class: ClassName=rf_frontend Member=Component L15 Inductor
Added Member To Class: ClassName=connectors_and_power Member=Component P1 3V3_PA SELECT
Added Member To Class: ClassName=connectors_and_power Member=Component P2 3V3_DIG SELECT
Added Member To Class: ClassName=connectors_and_power Member=Component P3 SPDIF OUT SELECT
Added Member To Class: ClassName=connectors_and_power Member=Component P4 LINEIN SELECT
Added Member To Class: ClassName=connectors_and_power Member=Component P5 LINEOUT SELECT
Added Member To Class: ClassName=connectors_and_power Member=Component R1 Res1
Added Member To Class: ClassName=connectors_and_power Member=Component R2 Res1
Added Member To Class: ClassName=purepath Member=Component R3 Res1
Added Member To Class: ClassName=purepath Member=Component R4 Res1
Added Member To Class: ClassName=purepath Member=Component R5 Res1
Added Member To Class: ClassName=rf_frontend Member=Component R7 Res1
Added Member To Class: ClassName=rf_frontend Member=Component R8 Res1
Added Member To Class: ClassName=rf_frontend Member=Component R9 Res1
Added Member To Class: ClassName=audio_usb Member=Component U1 Part Number: PCM2902CDB
Added Member To Class: ClassName=purepath Member=Component U2 CC8531RHAR
