Change Component Designator: OldDesignator=* NewDesignator=J1
Change Component Designator: OldDesignator=* NewDesignator=J2
Change Component Designator: OldDesignator=* NewDesignator=J3
Change Component Designator: OldDesignator=* NewDesignator=J4
Change Net Name : Old Net Name=Net*_1 New Net Name=NetJ1_1
Change Net Name : Old Net Name=Net*_2 New Net Name=NetJ3_2
Change Net Name : Old Net Name=Net*_3 New Net Name=NetJ3_3
Added Pin To Net: NetName=NetJ1_2 Pin=J1-2
Added Pin To Net: NetName=NetJ1_2 Pin=P4-4
Added Net: Name=NetJ1_2
Added Pin To Net: NetName=NetJ2_1 Pin=J2-1
Added Pin To Net: NetName=NetJ2_1 Pin=P5-3
Added Net: Name=NetJ2_1
Added Pin To Net: NetName=NetJ2_2 Pin=J2-2
Added Pin To Net: NetName=NetJ2_2 Pin=P5-4
Added Net: Name=NetJ2_2
Added Pin To Net: NetName=NetJ4_2 Pin=J4-2
Added Pin To Net: NetName=NetJ4_2 Pin=P3-2
Added Net: Name=NetJ4_2
Added Member To Class: ClassName=connectors_and_power Member=Component * RGB
Added Member To Class: ClassName=connectors_and_power Member=Component J1 Micro USB Jack
Added Member To Class: ClassName=connectors_and_power Member=Component J2 MJ-2135
Added Member To Class: ClassName=connectors_and_power Member=Component J3 TORX117PL
Added Member To Class: ClassName=connectors_and_power Member=Component J4 TOTX117PL
