Added Component: Designator=C49(C_0402)
Add component. Clean all parameters for all variants
Add component (AddParameter): Name = "Value"; Value = "100nF"; VariantName = "[No Variations]"
Added Component: Designator=R18(R_0402)
Add component. Clean all parameters for all variants
Add component (AddParameter): Name = ""; Value = "330"; VariantName = "[No Variations]"
Added Component: Designator=R19(R_0402)
Add component. Clean all parameters for all variants
Add component (AddParameter): Name = ""; Value = "330"; VariantName = "[No Variations]"
Added Component: Designator=R20(R_0402)
Add component. Clean all parameters for all variants
Add component (AddParameter): Name = "Value"; Value = "0"; VariantName = "[No Variations]"
Added Pin To Net: NetName=3V3_DIG Pin=L1-1
Added Pin To Net: NetName=3V3_DIG Pin=L2-1
Added Pin To Net: NetName=3V3_DIG Pin=P2-2
Added Pin To Net: NetName=3V3_DIG Pin=P6-2
Added Pin To Net: NetName=3V3_DIG Pin=R2-2
Added Net: Name=3V3_DIG
Added Pin To Net: NetName=3V3_PA Pin=C21-2
Added Pin To Net: NetName=3V3_PA Pin=C22-2
Added Pin To Net: NetName=3V3_PA Pin=C32-2
Added Pin To Net: NetName=3V3_PA Pin=P1-2
Added Pin To Net: NetName=3V3_PA Pin=R6-2
Added Pin To Net: NetName=3V3_PA Pin=U3-13
Added Pin To Net: NetName=3V3_PA Pin=U3-14
Added Pin To Net: NetName=3V3_PA Pin=U3-15
Added Net: Name=3V3_PA
Added Pin To Net: NetName=3V3_PI Pin=NP1-13
Added Pin To Net: NetName=3V3_PI Pin=NP1-21
Added Pin To Net: NetName=3V3_PI Pin=P1-3
Added Pin To Net: NetName=3V3_PI Pin=P2-3
Added Net: Name=3V3_PI
Added Pin To Net: NetName=5V_IN_OUT Pin=J5-1
Added Pin To Net: NetName=5V_IN_OUT Pin=NP1-1
Added Pin To Net: NetName=5V_IN_OUT Pin=NP1-2
Added Net: Name=5V_IN_OUT
Added Pin To Net: NetName=5V Pin=C1-2
Added Pin To Net: NetName=5V Pin=C3-2
Added Pin To Net: NetName=5V Pin=C33-2
Added Pin To Net: NetName=5V Pin=C44-2
Added Pin To Net: NetName=5V Pin=D1-3
Added Pin To Net: NetName=5V Pin=NP1-31
Added Pin To Net: NetName=5V Pin=NP1-33
Added Pin To Net: NetName=5V Pin=R1-2
Added Pin To Net: NetName=5V Pin=R13-1
Added Pin To Net: NetName=5V Pin=U4-1
Added Pin To Net: NetName=5V Pin=U4-3
Added Pin To Net: NetName=5V Pin=U5-1
Added Pin To Net: NetName=5V Pin=U5-3
Added Pin To Net: NetName=5V Pin=U6-6
Added Net: Name=5V
Added Pin To Net: NetName=AGND Pin=C36-2
Added Pin To Net: NetName=AGND Pin=C39-2
Added Pin To Net: NetName=AGND Pin=C40-1
Added Pin To Net: NetName=AGND Pin=C41-1
Added Pin To Net: NetName=AGND Pin=C42-1
Added Pin To Net: NetName=AGND Pin=C43-1
Added Pin To Net: NetName=AGND Pin=C44-1
Added Pin To Net: NetName=AGND Pin=C45-1
Added Pin To Net: NetName=AGND Pin=C47-1
Added Pin To Net: NetName=AGND Pin=C48-1
Added Pin To Net: NetName=AGND Pin=J1-3
Added Pin To Net: NetName=AGND Pin=J2-3
Added Pin To Net: NetName=AGND Pin=R16-1
Added Pin To Net: NetName=AGND Pin=R17-2
Added Pin To Net: NetName=AGND Pin=U1-4
Added Pin To Net: NetName=AGND Pin=U1-11
Added Pin To Net: NetName=AGND Pin=U1-18
Added Pin To Net: NetName=AGND Pin=U1-22
Added Pin To Net: NetName=AGND Pin=U1-24
Added Pin To Net: NetName=AGND Pin=U1-26
Added Pin To Net: NetName=AGND Pin=U6-3
Added Pin To Net: NetName=AGND Pin=U6-7
Added Pin To Net: NetName=AGND Pin=X_2-2
Added Pin To Net: NetName=AGND Pin=X_2-4
Added Net: Name=AGND
Added Pin To Net: NetName=GND Pin=ANT1-S
Added Pin To Net: NetName=GND Pin=ANT1-S
Added Pin To Net: NetName=GND Pin=ANT1-S
Added Pin To Net: NetName=GND Pin=ANT1-S
Added Pin To Net: NetName=GND Pin=ANT2-GND
Added Pin To Net: NetName=GND Pin=ANT2-GND
Added Pin To Net: NetName=GND Pin=C1-1
Added Pin To Net: NetName=GND Pin=C2-1
Added Pin To Net: NetName=GND Pin=C3-1
Added Pin To Net: NetName=GND Pin=C4-1
Added Pin To Net: NetName=GND Pin=C5-1
Added Pin To Net: NetName=GND Pin=C6-1
Added Pin To Net: NetName=GND Pin=C7-1
Added Pin To Net: NetName=GND Pin=C8-1
Added Pin To Net: NetName=GND Pin=C9-1
Added Pin To Net: NetName=GND Pin=C10-1
Added Pin To Net: NetName=GND Pin=C11-1
Added Pin To Net: NetName=GND Pin=C12-1
Added Pin To Net: NetName=GND Pin=C13-2
Added Pin To Net: NetName=GND Pin=C14-2
Added Pin To Net: NetName=GND Pin=C15-2
Added Pin To Net: NetName=GND Pin=C16-2
Added Pin To Net: NetName=GND Pin=C17-1
Added Pin To Net: NetName=GND Pin=C18-1
Added Pin To Net: NetName=GND Pin=C19-1
Added Pin To Net: NetName=GND Pin=C21-1
Added Pin To Net: NetName=GND Pin=C22-1
Added Pin To Net: NetName=GND Pin=C23-2
Added Pin To Net: NetName=GND Pin=C24-2
Added Pin To Net: NetName=GND Pin=C25-2
Added Pin To Net: NetName=GND Pin=C27-2
Added Pin To Net: NetName=GND Pin=C28-2
Added Pin To Net: NetName=GND Pin=C29-2
Added Pin To Net: NetName=GND Pin=C30-2
Added Pin To Net: NetName=GND Pin=C31-2
Added Pin To Net: NetName=GND Pin=C32-1
Added Pin To Net: NetName=GND Pin=C33-1
Added Pin To Net: NetName=GND Pin=C49-1
Added Pin To Net: NetName=GND Pin=J3-4
Added Pin To Net: NetName=GND Pin=J4-4
Added Pin To Net: NetName=GND Pin=J5-5
Added Pin To Net: NetName=GND Pin=L3-2
Added Pin To Net: NetName=GND Pin=L4-2
Added Pin To Net: NetName=GND Pin=L5-2
Added Pin To Net: NetName=GND Pin=L6-2
Added Pin To Net: NetName=GND Pin=L7-2
Added Pin To Net: NetName=GND Pin=NP1-3
Added Pin To Net: NetName=GND Pin=NP1-7
Added Pin To Net: NetName=GND Pin=NP1-10
Added Pin To Net: NetName=GND Pin=NP1-17
Added Pin To Net: NetName=GND Pin=NP1-32
Added Pin To Net: NetName=GND Pin=NP1-44
Added Pin To Net: NetName=GND Pin=NP1-46
Added Pin To Net: NetName=GND Pin=P6-1
Added Pin To Net: NetName=GND Pin=R4-1
Added Pin To Net: NetName=GND Pin=R5-1
Added Pin To Net: NetName=GND Pin=R7-2
Added Pin To Net: NetName=GND Pin=R17-1
Added Pin To Net: NetName=GND Pin=R19-1
Added Pin To Net: NetName=GND Pin=R20-1
Added Pin To Net: NetName=GND Pin=SW1-A
Added Pin To Net: NetName=GND Pin=SW1-A
Added Pin To Net: NetName=GND Pin=U2-7
Added Pin To Net: NetName=GND Pin=U2-8
Added Pin To Net: NetName=GND Pin=U2-9
Added Pin To Net: NetName=GND Pin=U2-32
Added Pin To Net: NetName=GND Pin=U2-33
Added Pin To Net: NetName=GND Pin=U2-35
Added Pin To Net: NetName=GND Pin=U2-41
Added Pin To Net: NetName=GND Pin=U3-1
Added Pin To Net: NetName=GND Pin=U3-4
Added Pin To Net: NetName=GND Pin=U3-9
Added Pin To Net: NetName=GND Pin=U3-11
Added Pin To Net: NetName=GND Pin=U3-12
Added Pin To Net: NetName=GND Pin=U3-16
Added Pin To Net: NetName=GND Pin=U3-17
Added Pin To Net: NetName=GND Pin=X_1-2
Added Pin To Net: NetName=GND Pin=X_1-4
Added Net: Name=GND
Added Pin To Net: NetName=IOVDD Pin=C6-2
Added Pin To Net: NetName=IOVDD Pin=C13-1
Added Pin To Net: NetName=IOVDD Pin=C14-1
Added Pin To Net: NetName=IOVDD Pin=C15-1
Added Pin To Net: NetName=IOVDD Pin=C16-1
Added Pin To Net: NetName=IOVDD Pin=L2-2
Added Pin To Net: NetName=IOVDD Pin=U2-10
Added Pin To Net: NetName=IOVDD Pin=U2-12
Added Pin To Net: NetName=IOVDD Pin=U2-18
Added Pin To Net: NetName=IOVDD Pin=U2-37
Added Net: Name=IOVDD
Added Pin To Net: NetName=NetANT1_1 Pin=ANT1-1
Added Pin To Net: NetName=NetANT1_1 Pin=R9-1
Added Net: Name=NetANT1_1
Added Pin To Net: NetName=NetANT2_ANT Pin=ANT2-ANT
Added Pin To Net: NetName=NetANT2_ANT Pin=C31-1
Added Pin To Net: NetName=NetANT2_ANT Pin=L15-2
Added Net: Name=NetANT2_ANT
Added Pin To Net: NetName=NetC2_2 Pin=C2-2
Added Pin To Net: NetName=NetC2_2 Pin=P1-1
Added Pin To Net: NetName=NetC2_2 Pin=U4-5
Added Net: Name=NetC2_2
Added Pin To Net: NetName=NetC4_2 Pin=C4-2
Added Pin To Net: NetName=NetC4_2 Pin=P2-1
Added Pin To Net: NetName=NetC4_2 Pin=U5-5
Added Net: Name=NetC4_2
Added Pin To Net: NetName=NetC17_2 Pin=C17-2
Added Pin To Net: NetName=NetC17_2 Pin=U2-39
Added Net: Name=NetC17_2
Added Pin To Net: NetName=NetC23_1 Pin=C23-1
Added Pin To Net: NetName=NetC23_1 Pin=C24-1
Added Pin To Net: NetName=NetC23_1 Pin=C25-1
Added Pin To Net: NetName=NetC23_1 Pin=L12-2
Added Net: Name=NetC23_1
Added Pin To Net: NetName=NetC26_1 Pin=C26-1
Added Pin To Net: NetName=NetC26_1 Pin=R8-1
Added Pin To Net: NetName=NetC26_1 Pin=R9-2
Added Net: Name=NetC26_1
Added Pin To Net: NetName=NetC26_2 Pin=C26-2
Added Pin To Net: NetName=NetC26_2 Pin=C29-1
Added Pin To Net: NetName=NetC26_2 Pin=L14-2
Added Net: Name=NetC26_2
Added Pin To Net: NetName=NetC27_1 Pin=C27-1
Added Pin To Net: NetName=NetC27_1 Pin=L12-1
Added Pin To Net: NetName=NetC27_1 Pin=L13-1
Added Pin To Net: NetName=NetC27_1 Pin=U3-10
Added Net: Name=NetC27_1
Added Pin To Net: NetName=NetC28_1 Pin=C28-1
Added Pin To Net: NetName=NetC28_1 Pin=L13-2
Added Pin To Net: NetName=NetC28_1 Pin=L14-1
Added Net: Name=NetC28_1
Added Pin To Net: NetName=NetC30_1 Pin=C30-1
Added Pin To Net: NetName=NetC30_1 Pin=L15-1
Added Pin To Net: NetName=NetC30_1 Pin=R8-2
Added Net: Name=NetC30_1
Added Pin To Net: NetName=NetC34_1 Pin=C34-1
Added Pin To Net: NetName=NetC34_1 Pin=U1-12
Added Net: Name=NetC34_1
Added Pin To Net: NetName=NetC34_2 Pin=C34-2
Added Pin To Net: NetName=NetC34_2 Pin=P4-1
Added Net: Name=NetC34_2
Added Pin To Net: NetName=NetC35_1 Pin=C35-1
Added Pin To Net: NetName=NetC35_1 Pin=U1-16
Added Net: Name=NetC35_1
Added Pin To Net: NetName=NetC35_2 Pin=C35-2
Added Pin To Net: NetName=NetC35_2 Pin=P5-1
Added Net: Name=NetC35_2
Added Pin To Net: NetName=NetC36_1 Pin=C36-1
Added Pin To Net: NetName=NetC36_1 Pin=C45-2
Added Pin To Net: NetName=NetC36_1 Pin=C46-2
Added Pin To Net: NetName=NetC36_1 Pin=R14-2
Added Pin To Net: NetName=NetC36_1 Pin=U1-10
Added Pin To Net: NetName=NetC36_1 Pin=U6-1
Added Net: Name=NetC36_1
Added Pin To Net: NetName=NetC37_1 Pin=C37-1
Added Pin To Net: NetName=NetC37_1 Pin=U1-13
Added Net: Name=NetC37_1
Added Pin To Net: NetName=NetC37_2 Pin=C37-2
Added Pin To Net: NetName=NetC37_2 Pin=P4-2
Added Net: Name=NetC37_2
Added Pin To Net: NetName=NetC38_1 Pin=C38-1
Added Pin To Net: NetName=NetC38_1 Pin=U1-15
Added Net: Name=NetC38_1
Added Pin To Net: NetName=NetC38_2 Pin=C38-2
Added Pin To Net: NetName=NetC38_2 Pin=P5-2
Added Net: Name=NetC38_2
Added Pin To Net: NetName=NetC39_1 Pin=C39-1
Added Pin To Net: NetName=NetC39_1 Pin=U1-14
Added Net: Name=NetC39_1
Added Pin To Net: NetName=NetC40_2 Pin=C40-2
Added Pin To Net: NetName=NetC40_2 Pin=U1-17
Added Net: Name=NetC40_2
Added Pin To Net: NetName=NetC41_2 Pin=C41-2
Added Pin To Net: NetName=NetC41_2 Pin=U1-19
Added Net: Name=NetC41_2
Added Pin To Net: NetName=NetC42_2 Pin=C42-2
Added Pin To Net: NetName=NetC42_2 Pin=U1-23
Added Net: Name=NetC42_2
Added Pin To Net: NetName=NetC43_2 Pin=C43-2
Added Pin To Net: NetName=NetC43_2 Pin=R10-2
Added Pin To Net: NetName=NetC43_2 Pin=U1-8
Added Pin To Net: NetName=NetC43_2 Pin=U1-9
Added Pin To Net: NetName=NetC43_2 Pin=U1-27
Added Net: Name=NetC43_2
Added Pin To Net: NetName=NetC46_1 Pin=C46-1
Added Pin To Net: NetName=NetC46_1 Pin=R14-1
Added Pin To Net: NetName=NetC46_1 Pin=R16-2
Added Pin To Net: NetName=NetC46_1 Pin=U6-2
Added Net: Name=NetC46_1
Added Pin To Net: NetName=NetC47_2 Pin=C47-2
Added Pin To Net: NetName=NetC47_2 Pin=R15-1
Added Pin To Net: NetName=NetC47_2 Pin=U1-20
Added Pin To Net: NetName=NetC47_2 Pin=X_2-1
Added Net: Name=NetC47_2
Added Pin To Net: NetName=NetC48_2 Pin=C48-2
Added Pin To Net: NetName=NetC48_2 Pin=R15-2
Added Pin To Net: NetName=NetC48_2 Pin=U1-21
Added Pin To Net: NetName=NetC48_2 Pin=X_2-3
Added Net: Name=NetC48_2
Added Pin To Net: NetName=NetC49_2 Pin=C49-2
Added Pin To Net: NetName=NetC49_2 Pin=J5-S
Added Pin To Net: NetName=NetC49_2 Pin=J5-S
Added Pin To Net: NetName=NetC49_2 Pin=J5-S
Added Pin To Net: NetName=NetC49_2 Pin=J5-S
Added Pin To Net: NetName=NetC49_2 Pin=J5-S
Added Pin To Net: NetName=NetC49_2 Pin=J5-S
Added Pin To Net: NetName=NetC49_2 Pin=R20-2
Added Net: Name=NetC49_2
Added Pin To Net: NetName=NetD1_1 Pin=D1-1
Added Pin To Net: NetName=NetD1_1 Pin=R19-2
Added Net: Name=NetD1_1
Added Pin To Net: NetName=NetD1_2 Pin=D1-2
Added Pin To Net: NetName=NetD1_2 Pin=R18-2
Added Net: Name=NetD1_2
Added Pin To Net: NetName=NetD1_4 Pin=D1-4
Added Pin To Net: NetName=NetD1_4 Pin=R3-2
Added Net: Name=NetD1_4
Added Pin To Net: NetName=NetJ1_1 Pin=J1-1
Added Pin To Net: NetName=NetJ1_1 Pin=P4-3
Added Net: Name=NetJ1_1
Added Pin To Net: NetName=NetJ1_2 Pin=J1-2
Added Pin To Net: NetName=NetJ1_2 Pin=P4-4
Added Net: Name=NetJ1_2
Added Pin To Net: NetName=NetJ2_1 Pin=J2-1
Added Pin To Net: NetName=NetJ2_1 Pin=P5-3
Added Net: Name=NetJ2_1
Added Pin To Net: NetName=NetJ2_2 Pin=J2-2
Added Pin To Net: NetName=NetJ2_2 Pin=P5-4
Added Net: Name=NetJ2_2
Added Pin To Net: NetName=NetJ3_2 Pin=J3-2
Added Pin To Net: NetName=NetJ3_2 Pin=J4-3
Added Pin To Net: NetName=NetJ3_2 Pin=R1-1
Added Pin To Net: NetName=NetJ3_2 Pin=R2-1
Added Net: Name=NetJ3_2
Added Pin To Net: NetName=NetJ3_3 Pin=J3-3
Added Net: Name=NetJ3_3
Added Pin To Net: NetName=NetJ4_2 Pin=J4-2
Added Pin To Net: NetName=NetJ4_2 Pin=P3-2
Added Net: Name=NetJ4_2
Added Pin To Net: NetName=NetL3_1 Pin=L3-1
Added Pin To Net: NetName=NetL3_1 Pin=U2-13
Added Net: Name=NetL3_1
Added Pin To Net: NetName=NetL4_1 Pin=L4-1
Added Pin To Net: NetName=NetL4_1 Pin=U2-14
Added Net: Name=NetL4_1
Added Pin To Net: NetName=NetL5_1 Pin=L5-1
Added Pin To Net: NetName=NetL5_1 Pin=U2-15
Added Net: Name=NetL5_1
Added Pin To Net: NetName=NetL6_1 Pin=L6-1
Added Pin To Net: NetName=NetL6_1 Pin=U2-16
Added Net: Name=NetL6_1
Added Pin To Net: NetName=NetL7_1 Pin=L7-1
Added Pin To Net: NetName=NetL7_1 Pin=U2-17
Added Net: Name=NetL7_1
Added Pin To Net: NetName=NetL8_1 Pin=L8-1
Added Pin To Net: NetName=NetL8_1 Pin=U2-36
Added Net: Name=NetL8_1
Added Pin To Net: NetName=NetL8_2 Pin=L8-2
Added Pin To Net: NetName=NetL8_2 Pin=R4-2
Added Pin To Net: NetName=NetL8_2 Pin=U3-5
Added Net: Name=NetL8_2
Added Pin To Net: NetName=NetL9_1 Pin=L9-1
Added Pin To Net: NetName=NetL9_1 Pin=U2-38
Added Net: Name=NetL9_1
Added Pin To Net: NetName=NetL9_2 Pin=L9-2
Added Pin To Net: NetName=NetL9_2 Pin=U3-6
Added Net: Name=NetL9_2
Added Pin To Net: NetName=NetL10_1 Pin=L10-1
Added Pin To Net: NetName=NetL10_1 Pin=U2-30
Added Net: Name=NetL10_1
Added Pin To Net: NetName=NetL10_2 Pin=L10-2
Added Pin To Net: NetName=NetL10_2 Pin=R5-2
Added Net: Name=NetL10_2
Added Pin To Net: NetName=NetL11_1 Pin=L11-1
Added Pin To Net: NetName=NetL11_1 Pin=P6-7
Added Net: Name=NetL11_1
Added Pin To Net: NetName=NetL11_2 Pin=L11-2
Added Pin To Net: NetName=NetL11_2 Pin=U2-11
Added Net: Name=NetL11_2
Added Pin To Net: NetName=NetNP1_16 Pin=NP1-16
Added Pin To Net: NetName=NetNP1_16 Pin=R18-1
Added Net: Name=NetNP1_16
Added Pin To Net: NetName=NetNP1_25 Pin=NP1-25
Added Pin To Net: NetName=NetNP1_25 Pin=P4-5
Added Net: Name=NetNP1_25
Added Pin To Net: NetName=NetNP1_26 Pin=NP1-26
Added Pin To Net: NetName=NetNP1_26 Pin=P4-6
Added Net: Name=NetNP1_26
Added Pin To Net: NetName=NetNP1_27 Pin=NP1-27
Added Pin To Net: NetName=NetNP1_27 Pin=P5-6
Added Net: Name=NetNP1_27
Added Pin To Net: NetName=NetNP1_28 Pin=NP1-28
Added Pin To Net: NetName=NetNP1_28 Pin=P5-5
Added Net: Name=NetNP1_28
Added Pin To Net: NetName=NetNP1_39 Pin=NP1-39
Added Pin To Net: NetName=NetNP1_39 Pin=P3-3
Added Net: Name=NetNP1_39
Added Pin To Net: NetName=NetP3_1 Pin=P3-1
Added Net: Name=NetP3_1
Added Pin To Net: NetName=NetP6_5 Pin=P6-5
Added Pin To Net: NetName=NetP6_5 Pin=SW1-B
Added Pin To Net: NetName=NetP6_5 Pin=SW1-B
Added Pin To Net: NetName=NetP6_5 Pin=U2-3
Added Net: Name=NetP6_5
Added Pin To Net: NetName=NetP6_6 Pin=P6-6
Added Pin To Net: NetName=NetP6_6 Pin=U2-4
Added Net: Name=NetP6_6
Added Pin To Net: NetName=NetP6_8 Pin=P6-8
Added Pin To Net: NetName=NetP6_8 Pin=U2-5
Added Net: Name=NetP6_8
Added Pin To Net: NetName=NetP6_10 Pin=P6-10
Added Pin To Net: NetName=NetP6_10 Pin=U2-6
Added Net: Name=NetP6_10
Added Pin To Net: NetName=NetR3_1 Pin=R3-1
Added Pin To Net: NetName=NetR3_1 Pin=U2-34
Added Net: Name=NetR3_1
Added Pin To Net: NetName=NetR6_1 Pin=R6-1
Added Pin To Net: NetName=NetR6_1 Pin=U3-7
Added Net: Name=NetR6_1
Added Pin To Net: NetName=NetR7_1 Pin=R7-1
Added Pin To Net: NetName=NetR7_1 Pin=U3-8
Added Net: Name=NetR7_1
Added Pin To Net: NetName=NetR10_1 Pin=R10-1
Added Pin To Net: NetName=NetR10_1 Pin=R11-2
Added Pin To Net: NetName=NetR10_1 Pin=U1-1
Added Net: Name=NetR10_1
Added Pin To Net: NetName=NetR12_2 Pin=R12-2
Added Pin To Net: NetName=NetR12_2 Pin=U1-2
Added Net: Name=NetR12_2
Added Pin To Net: NetName=NetR13_2 Pin=R13-2
Added Pin To Net: NetName=NetR13_2 Pin=U1-3
Added Net: Name=NetR13_2
Added Pin To Net: NetName=NetU1_28 Pin=U1-28
Added Pin To Net: NetName=NetU1_28 Pin=U6-4
Added Net: Name=NetU1_28
Added Pin To Net: NetName=NetU2_19 Pin=U2-19
Added Net: Name=NetU2_19
Added Pin To Net: NetName=RF_N Pin=C20-2
Added Pin To Net: NetName=RF_N Pin=U2-25
Added Pin To Net: NetName=RF_N Pin=U3-2
Added Net: Name=RF_N
Added Pin To Net: NetName=RF_P Pin=C20-1
Added Pin To Net: NetName=RF_P Pin=U2-24
Added Pin To Net: NetName=RF_P Pin=U3-3
Added Net: Name=RF_P
Added Pin To Net: NetName=USB1_N Pin=NP1-35
Added Pin To Net: NetName=USB1_N Pin=U2-1
Added Net: Name=USB1_N
Added Pin To Net: NetName=USB1_P Pin=NP1-34
Added Pin To Net: NetName=USB1_P Pin=U2-2
Added Net: Name=USB1_P
Added Pin To Net: NetName=USB2_N Pin=NP1-37
Added Pin To Net: NetName=USB2_N Pin=R12-1
Added Net: Name=USB2_N
Added Pin To Net: NetName=USB2_P Pin=NP1-36
Added Pin To Net: NetName=USB2_P Pin=R11-1
Added Net: Name=USB2_P
Added Pin To Net: NetName=VDD Pin=C5-2
Added Pin To Net: NetName=VDD Pin=C7-2
Added Pin To Net: NetName=VDD Pin=C8-2
Added Pin To Net: NetName=VDD Pin=C9-2
Added Pin To Net: NetName=VDD Pin=C10-2
Added Pin To Net: NetName=VDD Pin=C11-2
Added Pin To Net: NetName=VDD Pin=C12-2
Added Pin To Net: NetName=VDD Pin=L1-2
Added Pin To Net: NetName=VDD Pin=U2-20
Added Pin To Net: NetName=VDD Pin=U2-23
Added Pin To Net: NetName=VDD Pin=U2-26
Added Pin To Net: NetName=VDD Pin=U2-27
Added Pin To Net: NetName=VDD Pin=U2-28
Added Pin To Net: NetName=VDD Pin=U2-31
Added Pin To Net: NetName=VDD Pin=U2-40
Added Net: Name=VDD
Added Pin To Net: NetName=X_N Pin=C18-2
Added Pin To Net: NetName=X_N Pin=U2-21
Added Pin To Net: NetName=X_N Pin=X_1-1
Added Net: Name=X_N
Added Pin To Net: NetName=X_P Pin=C19-2
Added Pin To Net: NetName=X_P Pin=U2-22
Added Pin To Net: NetName=X_P Pin=X_1-3
Added Net: Name=X_P
Added Differential Pair: Name=RF
Added Differential Pair: Name=USB1
Added Differential Pair: Name=USB2
Added Member To Class: ClassName=connectors_and_power Member=Component C49 
Added Member To Class: ClassName=connectors_and_power Member=Component R18 Res1
Added Member To Class: ClassName=connectors_and_power Member=Component R19 Res1
Added Member To Class: ClassName=connectors_and_power Member=Component R20 Res1
Added Room: Name=audio_usb
Added Room: Name=connectors_and_power
Added Room: Name=purepath
Added Room: Name=rf_frontend
