Added Component: Designator=P3(HDR1X4)
Add component. Clean all parameters for all variants
Add component (AddParameter): Name = "LatestRevisionDate"; Value = "17-Jul-2002"; VariantName = "[No Variations]"
Add component (AddParameter): Name = "LatestRevisionNote"; Value = "Re-released for DXP Platform."; VariantName = "[No Variations]"
Add component (AddParameter): Name = "Publisher"; Value = "Altium Limited"; VariantName = "[No Variations]"
Added Component: Designator=P4(HDR1X4)
Add component. Clean all parameters for all variants
Add component (AddParameter): Name = "LatestRevisionDate"; Value = "17-Jul-2002"; VariantName = "[No Variations]"
Add component (AddParameter): Name = "LatestRevisionNote"; Value = "Re-released for DXP Platform."; VariantName = "[No Variations]"
Add component (AddParameter): Name = "Publisher"; Value = "Altium Limited"; VariantName = "[No Variations]"
Added Pin To Net: NetName=NetD2_2 Pin=P3-1
Added Pin To Net: NetName=NetD2_2 Pin=P3-2
Added Pin To Net: NetName=NetD4_2 Pin=P3-3
Added Pin To Net: NetName=NetD4_2 Pin=P3-4
Added Pin To Net: NetName=VDDDC5V Pin=P4-1
Added Pin To Net: NetName=VDDDC5V Pin=P4-2
Added Pin To Net: NetName=GND2 Pin=P4-3
Added Pin To Net: NetName=GND2 Pin=P4-4
Added Member To Class: ClassName=pwr_brk Member=Component P3 Header 4
Added Member To Class: ClassName=pwr_brk Member=Component P4 Header 4
