Removed Pin From Net: NetName=AGND Pin=U1-24
Added Component: Designator=C51(C_0402)
Add component. Clean all parameters for all variants
Add component (AddParameter): Name = "Value"; Value = "100nF"; VariantName = "[No Variations]"
Added Component: Designator=C52(C_0402)
Add component. Clean all parameters for all variants
Add component (AddParameter): Name = "Value"; Value = "1uF"; VariantName = "[No Variations]"
Added Component: Designator=C53(C_0402)
Add component. Clean all parameters for all variants
Add component (AddParameter): Name = "Value"; Value = "1uF"; VariantName = "[No Variations]"
Added Pin To Net: NetName=AGND Pin=C51-1
Added Pin To Net: NetName=NetC36_1 Pin=C51-2
Added Pin To Net: NetName=GND Pin=C52-1
Added Pin To Net: NetName=NetJ3_2 Pin=C52-2
Added Pin To Net: NetName=GND Pin=C53-1
Added Pin To Net: NetName=NetJ3_2 Pin=C53-2
Added Pin To Net: NetName=NetJ3_3 Pin=U1-24
Added Pin To Net: NetName=NetP3_1 Pin=U1-25
Change Net Name : Old Net Name=NetJ3_2 New Net Name=NetC52_2
Added Member To Class: ClassName=audio_usb Member=Component C51 
Added Member To Class: ClassName=connectors_and_power Member=Component C52 
Added Member To Class: ClassName=connectors_and_power Member=Component C53 
Added Room: Name=audio_usb
Added Room: Name=connectors_and_power
Added Room: Name=purepath
Added Room: Name=rf_frontend
