Removed Pin From Net: NetName=USB1_N Pin=U2-1
Removed Pin From Net: NetName=USB1_P Pin=U2-2
Added Component: Designator=C54(C_0402)
Add component. Clean all parameters for all variants
Add component (AddParameter): Name = "Value"; Value = "NM"; VariantName = "[No Variations]"
Added Component: Designator=C55(C_0402)
Add component. Clean all parameters for all variants
Add component (AddParameter): Name = "Value"; Value = "NM"; VariantName = "[No Variations]"
Added Component: Designator=R21(R_0402)
Add component. Clean all parameters for all variants
Add component (AddParameter): Name = "Value"; Value = "NM"; VariantName = "[No Variations]"
Added Component: Designator=R22(R_0402)
Add component. Clean all parameters for all variants
Add component (AddParameter): Name = "Value"; Value = "0"; VariantName = "[No Variations]"
Added Component: Designator=R23(R_0402)
Add component. Clean all parameters for all variants
Add component (AddParameter): Name = "Value"; Value = "10k (ev mindre)"; VariantName = "[No Variations]"
Added Component: Designator=R24(R_0402)
Add component. Clean all parameters for all variants
Add component (AddParameter): Name = "Value"; Value = "33, NM"; VariantName = "[No Variations]"
Added Component: Designator=R25(R_0402)
Add component. Clean all parameters for all variants
Add component (AddParameter): Name = "Value"; Value = "33, NM"; VariantName = "[No Variations]"
Added Pin To Net: NetName=GND Pin=C54-1
Added Pin To Net: NetName=GND Pin=C55-1
Added Pin To Net: NetName=VDD Pin=R21-2
Added Pin To Net: NetName=NetU2_19 Pin=R22-1
Added Pin To Net: NetName=USB1_P Pin=R23-1
Added Pin To Net: NetName=USB1_P Pin=R24-2
Added Pin To Net: NetName=USB1_N Pin=R25-2
Change Net Name : Old Net Name=NetU2_19 New Net Name=NetR22_1
Added Pin To Net: NetName=NetC54_2 Pin=C54-2
Added Pin To Net: NetName=NetC54_2 Pin=R25-1
Added Pin To Net: NetName=NetC54_2 Pin=U2-1
Added Net: Name=NetC54_2
Added Pin To Net: NetName=NetC55_2 Pin=C55-2
Added Pin To Net: NetName=NetC55_2 Pin=R24-1
Added Pin To Net: NetName=NetC55_2 Pin=U2-2
Added Net: Name=NetC55_2
Added Pin To Net: NetName=NetR21_1 Pin=R21-1
Added Pin To Net: NetName=NetR21_1 Pin=R22-2
Added Pin To Net: NetName=NetR21_1 Pin=R23-2
Added Net: Name=NetR21_1
Added Member To Class: ClassName=purepath Member=Component C54 
Added Member To Class: ClassName=purepath Member=Component C55 
Added Member To Class: ClassName=purepath Member=Component R21 Res1
Added Member To Class: ClassName=purepath Member=Component R22 Res1
Added Member To Class: ClassName=purepath Member=Component R23 Res1
Added Member To Class: ClassName=purepath Member=Component R24 Res1
Added Member To Class: ClassName=purepath Member=Component R25 Res1
Added Room: Name=audio_usb
Added Room: Name=connectors_and_power
Added Room: Name=purepath
Added Room: Name=rf_frontend
