Replace Part C5 Cap in D:\git\Hardware\AltiumDesigner\NanoPi_Neo2_audio_hub\purepath.SchDoc with Cap from Miscellaneous Devices.IntLib
Replace Part C6 Cap in D:\git\Hardware\AltiumDesigner\NanoPi_Neo2_audio_hub\purepath.SchDoc with Cap from Miscellaneous Devices.IntLib
Replace Part C7 Cap in D:\git\Hardware\AltiumDesigner\NanoPi_Neo2_audio_hub\purepath.SchDoc with Cap from Miscellaneous Devices.IntLib
Replace Part C8 Cap in D:\git\Hardware\AltiumDesigner\NanoPi_Neo2_audio_hub\purepath.SchDoc with Cap from Miscellaneous Devices.IntLib
Replace Part C9 Cap in D:\git\Hardware\AltiumDesigner\NanoPi_Neo2_audio_hub\purepath.SchDoc with Cap from Miscellaneous Devices.IntLib
Replace Part C10 Cap in D:\git\Hardware\AltiumDesigner\NanoPi_Neo2_audio_hub\purepath.SchDoc with Cap from Miscellaneous Devices.IntLib
Replace Part C11 Cap in D:\git\Hardware\AltiumDesigner\NanoPi_Neo2_audio_hub\purepath.SchDoc with Cap from Miscellaneous Devices.IntLib
Replace Part C12 Cap in D:\git\Hardware\AltiumDesigner\NanoPi_Neo2_audio_hub\purepath.SchDoc with Cap from Miscellaneous Devices.IntLib
Replace Part C13 Cap in D:\git\Hardware\AltiumDesigner\NanoPi_Neo2_audio_hub\purepath.SchDoc with Cap from Miscellaneous Devices.IntLib
Replace Part C14 Cap in D:\git\Hardware\AltiumDesigner\NanoPi_Neo2_audio_hub\purepath.SchDoc with Cap from Miscellaneous Devices.IntLib
Replace Part C15 Cap in D:\git\Hardware\AltiumDesigner\NanoPi_Neo2_audio_hub\purepath.SchDoc with Cap from Miscellaneous Devices.IntLib
Replace Part C16 Cap in D:\git\Hardware\AltiumDesigner\NanoPi_Neo2_audio_hub\purepath.SchDoc with Cap from Miscellaneous Devices.IntLib
Replace Part C17 Cap in D:\git\Hardware\AltiumDesigner\NanoPi_Neo2_audio_hub\purepath.SchDoc with Cap from Miscellaneous Devices.IntLib
Replace Part C18 Cap in D:\git\Hardware\AltiumDesigner\NanoPi_Neo2_audio_hub\purepath.SchDoc with Cap from Miscellaneous Devices.IntLib
Replace Part C19 Cap in D:\git\Hardware\AltiumDesigner\NanoPi_Neo2_audio_hub\purepath.SchDoc with Cap from Miscellaneous Devices.IntLib
Replace Part L1 Inductor in D:\git\Hardware\AltiumDesigner\NanoPi_Neo2_audio_hub\purepath.SchDoc with Inductor from Miscellaneous Devices.IntLib
Replace Part L2 Inductor in D:\git\Hardware\AltiumDesigner\NanoPi_Neo2_audio_hub\purepath.SchDoc with Inductor from Miscellaneous Devices.IntLib
Replace Part L3 Inductor in D:\git\Hardware\AltiumDesigner\NanoPi_Neo2_audio_hub\purepath.SchDoc with Inductor from Miscellaneous Devices.IntLib
Replace Part L4 Inductor in D:\git\Hardware\AltiumDesigner\NanoPi_Neo2_audio_hub\purepath.SchDoc with Inductor from Miscellaneous Devices.IntLib
Replace Part L5 Inductor in D:\git\Hardware\AltiumDesigner\NanoPi_Neo2_audio_hub\purepath.SchDoc with Inductor from Miscellaneous Devices.IntLib
Replace Part L6 Inductor in D:\git\Hardware\AltiumDesigner\NanoPi_Neo2_audio_hub\purepath.SchDoc with Inductor from Miscellaneous Devices.IntLib
Replace Part L7 Inductor in D:\git\Hardware\AltiumDesigner\NanoPi_Neo2_audio_hub\purepath.SchDoc with Inductor from Miscellaneous Devices.IntLib
Replace Part L8 Inductor in D:\git\Hardware\AltiumDesigner\NanoPi_Neo2_audio_hub\purepath.SchDoc with Inductor from Miscellaneous Devices.IntLib
Replace Part L9 Inductor in D:\git\Hardware\AltiumDesigner\NanoPi_Neo2_audio_hub\purepath.SchDoc with Inductor from Miscellaneous Devices.IntLib
Replace Part L10 Inductor in D:\git\Hardware\AltiumDesigner\NanoPi_Neo2_audio_hub\purepath.SchDoc with Inductor from Miscellaneous Devices.IntLib
Replace Part L11 Inductor in D:\git\Hardware\AltiumDesigner\NanoPi_Neo2_audio_hub\purepath.SchDoc with Inductor from Miscellaneous Devices.IntLib
Replace Part R3 Res1 in D:\git\Hardware\AltiumDesigner\NanoPi_Neo2_audio_hub\purepath.SchDoc with Res1 from Miscellaneous Devices.IntLib
Replace Part R4 Res1 in D:\git\Hardware\AltiumDesigner\NanoPi_Neo2_audio_hub\purepath.SchDoc with Res1 from Miscellaneous Devices.IntLib
Replace Part R5 Res1 in D:\git\Hardware\AltiumDesigner\NanoPi_Neo2_audio_hub\purepath.SchDoc with Res1 from Miscellaneous Devices.IntLib
Replace Part SW1 Edge switch in D:\git\Hardware\AltiumDesigner\NanoPi_Neo2_audio_hub\purepath.SchDoc with Edge switch from Connectors.SchLib
Replace Part U2 CC8531RHAR in D:\git\Hardware\AltiumDesigner\NanoPi_Neo2_audio_hub\purepath.SchDoc with CC8531RHAR from CC8531.SchLib
Replace Part X_1 X_48 in D:\git\Hardware\AltiumDesigner\NanoPi_Neo2_audio_hub\purepath.SchDoc with X_48 from Active Components.SchLib
