Removed Pin From Net: NetName=GND Pin=P1-1
Removed Pin From Net: NetName=3V3 Pin=P1-2
Removed Pin From Net: NetName=NetP1_5 Pin=P1-5
Removed Pin From Net: NetName=NetP1_6 Pin=P1-6
Removed Pin From Net: NetName=NetL12_1 Pin=P1-7
Removed Pin From Net: NetName=NetP1_8 Pin=P1-8
Removed Pin From Net: NetName=NetP1_10 Pin=P1-10
Added Component: Designator=TRANS1(audio combojack)
Add component. Clean all parameters for all variants
Added Pin To Net: NetName=3V3 Pin=P1-1
Added Pin To Net: NetName=GND Pin=P1-1
Added Pin To Net: NetName=3V3 Pin=P1-2
Added Pin To Net: NetName=NetP1_5 Pin=P1-5
Added Pin To Net: NetName=GND Pin=P1-6
Added Pin To Net: NetName=NetP1_6 Pin=P1-6
Added Pin To Net: NetName=NetL12_1 Pin=P1-7
Added Pin To Net: NetName=NetP1_8 Pin=P1-8
Added Pin To Net: NetName=NetP1_10 Pin=P1-10
Added Pin To Net: NetName=NetP2_2_4 Pin=TRANS1-2
Added Pin To Net: NetName=NetP2_2_3 Pin=TRANS1-3
Added Pin To Net: NetName=GND Pin=TRANS1-4
Added Pin To Net: NetName=GND Pin=TRANS1-GND
Added Pin To Net: NetName=NetP2_1_7 Pin=TRANS1-SIG
Added Pin To Net: NetName=3V3 Pin=TRANS1-VCC
Added Member To Class: ClassName=nanopiair_audiohat Member=Component P1 Header 12X2
Added Member To Class: ClassName=nanopiair_audiohat Member=Component R? Res1
Added Member To Class: ClassName=nanopiair_audiohat Member=Component R? Res1
Added Member To Class: ClassName=nanopiair_audiohat Member=Component R? Res1
Added Member To Class: ClassName=nanopiair_audiohat Member=Component TRANS1 newComboJack
