Removed Pin From Net: NetName=GND Pin=P1-3
Removed Pin From Net: NetName=GND Pin=P1-4
Removed Pin From Net: NetName=GND Pin=P1-9
Removed Pin From Net: NetName=GND Pin=P2-3
Removed Pin From Net: NetName=GND Pin=P2-5
Removed Pin From Net: NetName=GND Pin=P2-7
Removed Pin From Net: NetName=GND Pin=P2-8
Removed Pin From Net: NetName=GND Pin=P2-10
Removed Pin From Net: NetName=GND Pin=P2-11
Removed Pin From Net: NetName=GND Pin=P2-12
Removed Pin From Net: NetName=GND Pin=P2-13
Removed Pin From Net: NetName=GND Pin=P2-15
Removed Pin From Net: NetName=GND Pin=P2-19
Removed Pin From Net: NetName=GND Pin=P2-21
Removed Pin From Net: NetName=GND Pin=P2-22
Removed Pin From Net: NetName=GND Pin=P2-23
Removed Pin From Net: NetName=GND Pin=P2-24
Removed Pin From Net: NetName=GND Pin=P2_1-6
Removed Pin From Net: NetName=GND Pin=P2_1-8
Removed Pin From Net: NetName=GND Pin=P2_1-9
Removed Pin From Net: NetName=GND Pin=P2_1-10
Removed Pin From Net: NetName=GND Pin=P2_1-11
Removed Pin From Net: NetName=GND Pin=P2_2-1
Removed Pin From Net: NetName=GND Pin=P2_2-2
Removed Pin From Net: NetName=GND Pin=P2_2-5
Removed Pin From Net: NetName=GND Pin=P2_2-6
Removed Pin From Net: NetName=GND Pin=P2_2-7
Removed Pin From Net: NetName=GND Pin=TRANS1-1
Removed Pin From Net: NetName=GND Pin=TRANS1-5
Removed Pin From Net: NetName=GND Pin=U1-29
Removed Pin From Net: NetName=GND Pin=U1-V
Removed Pin From Net: NetName=GND Pin=U1-V
Removed Pin From Net: NetName=GND Pin=U1-V
Removed Pin From Net: NetName=GND Pin=U1-V
Removed Pin From Net: NetName=GND Pin=U1-V
Removed Pin From Net: NetName=GND Pin=U1-V
Removed Pin From Net: NetName=GND Pin=U1-V
Removed Pin From Net: NetName=GND Pin=U1-V
Removed Pin From Net: NetName=GND Pin=U1-V
Removed Pin From Net: NetName=GND Pin=U1-V
Removed Pin From Net: NetName=GND Pin=U1-V
Removed Pin From Net: NetName=GND Pin=U1-V
Removed Pin From Net: NetName=GND Pin=U2-3
Removed Pin From Net: NetName=GND Pin=U2-V
Removed Pin From Net: NetName=GND Pin=U2-V
Removed Pin From Net: NetName=GND Pin=U2-V
Removed Pin From Net: NetName=GND Pin=U2-V
Added Pin To Net: NetName=NetR1_1 Pin=P2-12
Change Net Name : Old Net Name=NetR1_1 New Net Name=NetP2_12
Added Room: Name=nanopiair_audiohat
