Added Component: Designator=ANT1(UFL_ANT)
Add component. Clean all parameters for all variants
Added Component: Designator=C1(C_0402)
Add component. Clean all parameters for all variants
Add component (AddParameter): Name = "Value"; Value = "2.2uF"; VariantName = "[No Variations]"
Added Component: Designator=C2(C_0402)
Add component. Clean all parameters for all variants
Add component (AddParameter): Name = "Value"; Value = "2.2uF"; VariantName = "[No Variations]"
Added Component: Designator=C3(C_0402)
Add component. Clean all parameters for all variants
Add component (AddParameter): Name = "Value"; Value = "2.2uF"; VariantName = "[No Variations]"
Added Component: Designator=C4(C_0402)
Add component. Clean all parameters for all variants
Add component (AddParameter): Name = "Value"; Value = "100nF"; VariantName = "[No Variations]"
Added Component: Designator=C5(C_0402)
Add component. Clean all parameters for all variants
Add component (AddParameter): Name = "Value"; Value = "100nF"; VariantName = "[No Variations]"
Added Component: Designator=C6(C_0402)
Add component. Clean all parameters for all variants
Add component (AddParameter): Name = "Value"; Value = "220pF"; VariantName = "[No Variations]"
Added Component: Designator=C7(C_0402)
Add component. Clean all parameters for all variants
Add component (AddParameter): Name = "Value"; Value = "100nF"; VariantName = "[No Variations]"
Added Component: Designator=C8(C_0402)
Add component. Clean all parameters for all variants
Add component (AddParameter): Name = "Value"; Value = "100nF"; VariantName = "[No Variations]"
Added Component: Designator=C9(C_0402)
Add component. Clean all parameters for all variants
Add component (AddParameter): Name = "Value"; Value = "1uF"; VariantName = "[No Variations]"
Added Component: Designator=C10(C_0402)
Add component. Clean all parameters for all variants
Add component (AddParameter): Name = "Value"; Value = "100nF"; VariantName = "[No Variations]"
Added Component: Designator=C11(C_0402)
Add component. Clean all parameters for all variants
Add component (AddParameter): Name = "Value"; Value = "100nF"; VariantName = "[No Variations]"
Added Component: Designator=C12(C_0402)
Add component. Clean all parameters for all variants
Add component (AddParameter): Name = "Value"; Value = "100nF"; VariantName = "[No Variations]"
Added Component: Designator=C13(C_0402)
Add component. Clean all parameters for all variants
Add component (AddParameter): Name = "Value"; Value = "100nF"; VariantName = "[No Variations]"
Added Component: Designator=C14(C_0402)
Add component. Clean all parameters for all variants
Add component (AddParameter): Name = "Value"; Value = "1uF"; VariantName = "[No Variations]"
Added Component: Designator=C15(C_0402)
Add component. Clean all parameters for all variants
Add component (AddParameter): Name = "Value"; Value = "47pF"; VariantName = "[No Variations]"
Added Component: Designator=C16(C_0402)
Add component. Clean all parameters for all variants
Add component (AddParameter): Name = "Value"; Value = "47pF"; VariantName = "[No Variations]"
Added Component: Designator=C17(C_0402)
Add component. Clean all parameters for all variants
Add component (AddParameter): Name = "Value"; Value = "12pF"; VariantName = "[No Variations]"
Added Component: Designator=C18(C_0402)
Add component. Clean all parameters for all variants
Add component (AddParameter): Name = "Value"; Value = "12pF"; VariantName = "[No Variations]"
Added Component: Designator=C19(C_0402_RF_IN)
Add component. Clean all parameters for all variants
Add component (AddParameter): Name = "Value"; Value = "6.8pF"; VariantName = "[No Variations]"
Added Component: Designator=C20(C_0402_RF_IN_OUT)
Add component. Clean all parameters for all variants
Add component (AddParameter): Name = "Value"; Value = "1.2pF"; VariantName = "[No Variations]"
Added Component: Designator=C21(C_0402_RF_IN_OUT)
Add component. Clean all parameters for all variants
Add component (AddParameter): Name = "Value"; Value = "1.8pF"; VariantName = "[No Variations]"
Added Component: Designator=C22(C_0402)
Add component. Clean all parameters for all variants
Add component (AddParameter): Name = "Value"; Value = "1nF"; VariantName = "[No Variations]"
Added Component: Designator=C23(C_0402)
Add component. Clean all parameters for all variants
Add component (AddParameter): Name = "Value"; Value = "1nF"; VariantName = "[No Variations]"
Added Component: Designator=C24(C_0402)
Add component. Clean all parameters for all variants
Add component (AddParameter): Name = "Value"; Value = "1nF"; VariantName = "[No Variations]"
Added Component: Designator=C25(C_0402)
Add component. Clean all parameters for all variants
Add component (AddParameter): Name = "Value"; Value = "18pF"; VariantName = "[No Variations]"
Added Component: Designator=C_L1(C_0402)
Add component. Clean all parameters for all variants
Add component (AddParameter): Name = "Value"; Value = "0.1uF"; VariantName = "[No Variations]"
Added Component: Designator=D1(J1-0603)
Add component. Clean all parameters for all variants
Add component (AddParameter): Name = "LatestRevisionDate"; Value = "08-Jul-2005"; VariantName = "[No Variations]"
Add component (AddParameter): Name = "LatestRevisionNote"; Value = "Mech Layer 1 removed."; VariantName = "[No Variations]"
Add component (AddParameter): Name = "PackageDescription"; Value = "LED; 2 Leads"; VariantName = "[No Variations]"
Add component (AddParameter): Name = "PackageReference"; Value = "LED-1"; VariantName = "[No Variations]"
Add component (AddParameter): Name = "Published"; Value = "8-Jun-2000"; VariantName = "[No Variations]"
Add component (AddParameter): Name = "Publisher"; Value = "Altium Limited"; VariantName = "[No Variations]"
Added Component: Designator=D2(RGB)
Add component. Clean all parameters for all variants
Added Component: Designator=JACK1(audio jack)
Add component. Clean all parameters for all variants
Added Component: Designator=L1(L_0402)
Add component. Clean all parameters for all variants
Add component (AddParameter): Name = "Value"; Value = "EMI HF block"; VariantName = "[No Variations]"
Added Component: Designator=L2(L_0402)
Add component. Clean all parameters for all variants
Add component (AddParameter): Name = "Value"; Value = "EMI HF block"; VariantName = "[No Variations]"
Added Component: Designator=L3(L_0402)
Add component. Clean all parameters for all variants
Add component (AddParameter): Name = "Value"; Value = "EMI HF block"; VariantName = "[No Variations]"
Added Component: Designator=L4(L_0402)
Add component. Clean all parameters for all variants
Add component (AddParameter): Name = "Value"; Value = "6.8nF"; VariantName = "[No Variations]"
Added Component: Designator=L5(L_0402)
Add component. Clean all parameters for all variants
Add component (AddParameter): Name = "Value"; Value = "6.8nF"; VariantName = "[No Variations]"
Added Component: Designator=L6(L_0402)
Add component. Clean all parameters for all variants
Add component (AddParameter): Name = "Value"; Value = "6.8nF"; VariantName = "[No Variations]"
Added Component: Designator=L7(L_0402)
Add component. Clean all parameters for all variants
Add component (AddParameter): Name = "Value"; Value = "6.8nF"; VariantName = "[No Variations]"
Added Component: Designator=L8(L_0402)
Add component. Clean all parameters for all variants
Add component (AddParameter): Name = "Value"; Value = "6.8nF"; VariantName = "[No Variations]"
Added Component: Designator=L9(L_0402)
Add component. Clean all parameters for all variants
Add component (AddParameter): Name = "Value"; Value = "6.8nF"; VariantName = "[No Variations]"
Added Component: Designator=L10(L_0402)
Add component. Clean all parameters for all variants
Add component (AddParameter): Name = "Value"; Value = "6.8nF"; VariantName = "[No Variations]"
Added Component: Designator=L11(L_0402)
Add component. Clean all parameters for all variants
Add component (AddParameter): Name = "Value"; Value = "6.8nF"; VariantName = "[No Variations]"
Added Component: Designator=L12(L_0402)
Add component. Clean all parameters for all variants
Add component (AddParameter): Name = "Value"; Value = "6.8nF"; VariantName = "[No Variations]"
Added Component: Designator=L13(L_0402_RF_IN)
Add component. Clean all parameters for all variants
Add component (AddParameter): Name = "Value"; Value = "2.2nH RF"; VariantName = "[No Variations]"
Added Component: Designator=L14(L_0402_RF_IN)
Add component. Clean all parameters for all variants
Add component (AddParameter): Name = "Value"; Value = "3.9nH RF"; VariantName = "[No Variations]"
Added Component: Designator=L15(L_0402_RF_IN_OUT)
Add component. Clean all parameters for all variants
Add component (AddParameter): Name = "Value"; Value = "1.5nH RF"; VariantName = "[No Variations]"
Added Component: Designator=P1(HDR2X12)
Add component. Clean all parameters for all variants
Add component (AddParameter): Name = "LatestRevisionDate"; Value = "17-Jul-2002"; VariantName = "[No Variations]"
Add component (AddParameter): Name = "LatestRevisionNote"; Value = "Re-released for DXP Platform."; VariantName = "[No Variations]"
Add component (AddParameter): Name = "Publisher"; Value = "Altium Limited"; VariantName = "[No Variations]"
Added Component: Designator=P2_1(HDR1X12)
Add component. Clean all parameters for all variants
Add component (AddParameter): Name = "LatestRevisionDate"; Value = "17-Jul-2002"; VariantName = "[No Variations]"
Add component (AddParameter): Name = "LatestRevisionNote"; Value = "Re-released for DXP Platform."; VariantName = "[No Variations]"
Add component (AddParameter): Name = "Publisher"; Value = "Altium Limited"; VariantName = "[No Variations]"
Added Component: Designator=P2_2(HDR1X8)
Add component. Clean all parameters for all variants
Add component (AddParameter): Name = "LatestRevisionDate"; Value = "17-Jul-2002"; VariantName = "[No Variations]"
Add component (AddParameter): Name = "LatestRevisionNote"; Value = "Re-released for DXP Platform."; VariantName = "[No Variations]"
Add component (AddParameter): Name = "Publisher"; Value = "Altium Limited"; VariantName = "[No Variations]"
Added Component: Designator=R1(R_0402)
Add component. Clean all parameters for all variants
Add component (AddParameter): Name = "Value"; Value = "330"; VariantName = "[No Variations]"
Added Component: Designator=R2(R_0402)
Add component. Clean all parameters for all variants
Add component (AddParameter): Name = "Value"; Value = "10k"; VariantName = "[No Variations]"
Added Component: Designator=R3(R_0402)
Add component. Clean all parameters for all variants
Add component (AddParameter): Name = "Value"; Value = "NM"; VariantName = "[No Variations]"
Added Component: Designator=R4(R_0402)
Add component. Clean all parameters for all variants
Add component (AddParameter): Name = "Value"; Value = "0"; VariantName = "[No Variations]"
Added Component: Designator=R5(R_0402)
Add component. Clean all parameters for all variants
Add component (AddParameter): Name = "Value"; Value = "56k"; VariantName = "[No Variations]"
Added Component: Designator=R6(R_0402)
Add component. Clean all parameters for all variants
Add component (AddParameter): Name = "Value"; Value = "10k (ev mindre)"; VariantName = "[No Variations]"
Added Component: Designator=R7(R_0402)
Add component. Clean all parameters for all variants
Add component (AddParameter): Name = "Value"; Value = "33"; VariantName = "[No Variations]"
Added Component: Designator=R8(R_0402)
Add component. Clean all parameters for all variants
Add component (AddParameter): Name = "Value"; Value = "33"; VariantName = "[No Variations]"
Added Component: Designator=R9(R_0402)
Add component. Clean all parameters for all variants
Add component (AddParameter): Name = "Value"; Value = "4.3k"; VariantName = "[No Variations]"
Added Component: Designator=R10(R_0402)
Add component. Clean all parameters for all variants
Add component (AddParameter): Name = "Value"; Value = "4.3k"; VariantName = "[No Variations]"
Added Component: Designator=R11(R_0402)
Add component. Clean all parameters for all variants
Add component (AddParameter): Name = "Value"; Value = "330"; VariantName = "[No Variations]"
Added Component: Designator=R?(R_0402)
Add component. Clean all parameters for all variants
Add component (AddParameter): Name = "Value"; Value = "0"; VariantName = "[No Variations]"
Added Component: Designator=R?(R_0402)
Add component. Clean all parameters for all variants
Add component (AddParameter): Name = "Value"; Value = "0"; VariantName = "[No Variations]"
Added Component: Designator=R?(R_0402)
Add component. Clean all parameters for all variants
Add component (AddParameter): Name = "Value"; Value = "0"; VariantName = "[No Variations]"
Added Component: Designator=R?(R_0402)
Add component. Clean all parameters for all variants
Add component (AddParameter): Name = "Value"; Value = "0"; VariantName = "[No Variations]"
Added Component: Designator=SW1(edge swich)
Add component. Clean all parameters for all variants
Added Component: Designator=U1(RHA0040H)
Add component. Clean all parameters for all variants
Add component (AddParameter): Name = "Manufacturer"; Value = "Texas Instruments"; VariantName = "[No Variations]"
Add component (AddParameter): Name = "PartNumber"; Value = "CC8531RHAR"; VariantName = "[No Variations]"
Add component (AddParameter): Name = "RefDes"; Value = "RefDes"; VariantName = "[No Variations]"
Add component (AddParameter): Name = "TYPE"; Value = "TYPE"; VariantName = "[No Variations]"
Add component (AddParameter): Name = "Value"; Value = "Value"; VariantName = "[No Variations]"
Added Component: Designator=U2(RGV0016A)
Add component. Clean all parameters for all variants
Add component (AddParameter): Name = "Manufacturer"; Value = "Texas Instruments"; VariantName = "[No Variations]"
Add component (AddParameter): Name = "PartNumber"; Value = "CC2590RGVR"; VariantName = "[No Variations]"
Add component (AddParameter): Name = "RefDes"; Value = "RefDes"; VariantName = "[No Variations]"
Add component (AddParameter): Name = "TYPE"; Value = "TYPE"; VariantName = "[No Variations]"
Add component (AddParameter): Name = "Value"; Value = "Value"; VariantName = "[No Variations]"
Added Component: Designator=X_1(48Mhz 2x1.6mm SMD)
Add component. Clean all parameters for all variants
Added Pin To Net: NetName=3V3 Pin=C_L1-2
Added Pin To Net: NetName=3V3 Pin=D1-1
Added Pin To Net: NetName=3V3 Pin=L1-1
Added Pin To Net: NetName=3V3 Pin=L2-1
Added Pin To Net: NetName=3V3 Pin=L3-1
Added Pin To Net: NetName=3V3 Pin=P1-1
Added Pin To Net: NetName=3V3 Pin=P1-2
Added Pin To Net: NetName=3V3 Pin=P1-17
Added Pin To Net: NetName=3V3 Pin=R3-2
Added Net: Name=3V3
Added Pin To Net: NetName=5V Pin=D2-3
Added Net: Name=5V
Added Pin To Net: NetName=GND Pin=ANT1-1
Added Pin To Net: NetName=GND Pin=ANT1-2
Added Pin To Net: NetName=GND Pin=C1-1
Added Pin To Net: NetName=GND Pin=C2-1
Added Pin To Net: NetName=GND Pin=C3-1
Added Pin To Net: NetName=GND Pin=C4-1
Added Pin To Net: NetName=GND Pin=C5-1
Added Pin To Net: NetName=GND Pin=C6-1
Added Pin To Net: NetName=GND Pin=C7-1
Added Pin To Net: NetName=GND Pin=C8-1
Added Pin To Net: NetName=GND Pin=C9-1
Added Pin To Net: NetName=GND Pin=C10-2
Added Pin To Net: NetName=GND Pin=C11-1
Added Pin To Net: NetName=GND Pin=C12-1
Added Pin To Net: NetName=GND Pin=C13-1
Added Pin To Net: NetName=GND Pin=C14-1
Added Pin To Net: NetName=GND Pin=C15-1
Added Pin To Net: NetName=GND Pin=C16-1
Added Pin To Net: NetName=GND Pin=C17-1
Added Pin To Net: NetName=GND Pin=C18-1
Added Pin To Net: NetName=GND Pin=C20-2
Added Pin To Net: NetName=GND Pin=C21-2
Added Pin To Net: NetName=GND Pin=C22-1
Added Pin To Net: NetName=GND Pin=C23-1
Added Pin To Net: NetName=GND Pin=C24-1
Added Pin To Net: NetName=GND Pin=C25-1
Added Pin To Net: NetName=GND Pin=C_L1-1
Added Pin To Net: NetName=GND Pin=L4-2
Added Pin To Net: NetName=GND Pin=L5-2
Added Pin To Net: NetName=GND Pin=L6-2
Added Pin To Net: NetName=GND Pin=L7-2
Added Pin To Net: NetName=GND Pin=L8-2
Added Pin To Net: NetName=GND Pin=L15-2
Added Pin To Net: NetName=GND Pin=P1-1
Added Pin To Net: NetName=GND Pin=P1-6
Added Pin To Net: NetName=GND Pin=P1-9
Added Pin To Net: NetName=GND Pin=P1-14
Added Pin To Net: NetName=GND Pin=P1-20
Added Pin To Net: NetName=GND Pin=P2_1-12
Added Pin To Net: NetName=GND Pin=P2_2-8
Added Pin To Net: NetName=GND Pin=R2-1
Added Pin To Net: NetName=GND Pin=R5-1
Added Pin To Net: NetName=GND Pin=R10-1
Added Pin To Net: NetName=GND Pin=R11-2
Added Pin To Net: NetName=GND Pin=SW1-A
Added Pin To Net: NetName=GND Pin=SW1-A
Added Pin To Net: NetName=GND Pin=U1-7
Added Pin To Net: NetName=GND Pin=U1-8
Added Pin To Net: NetName=GND Pin=U1-9
Added Pin To Net: NetName=GND Pin=U1-32
Added Pin To Net: NetName=GND Pin=U1-33
Added Pin To Net: NetName=GND Pin=U1-35
Added Pin To Net: NetName=GND Pin=U1-41
Added Pin To Net: NetName=GND Pin=U2-8
Added Pin To Net: NetName=GND Pin=U2-9
Added Pin To Net: NetName=GND Pin=U2-12
Added Pin To Net: NetName=GND Pin=U2-14
Added Pin To Net: NetName=GND Pin=U2-17
Added Pin To Net: NetName=GND Pin=X_1-2
Added Pin To Net: NetName=GND Pin=X_1-4
Added Net: Name=GND
Added Pin To Net: NetName=IOVDD Pin=C2-2
Added Pin To Net: NetName=IOVDD Pin=C10-1
Added Pin To Net: NetName=IOVDD Pin=C11-2
Added Pin To Net: NetName=IOVDD Pin=C12-2
Added Pin To Net: NetName=IOVDD Pin=C13-2
Added Pin To Net: NetName=IOVDD Pin=L2-2
Added Pin To Net: NetName=IOVDD Pin=U1-10
Added Pin To Net: NetName=IOVDD Pin=U1-12
Added Pin To Net: NetName=IOVDD Pin=U1-18
Added Pin To Net: NetName=IOVDD Pin=U1-37
Added Net: Name=IOVDD
Added Pin To Net: NetName=NetANT1_3 Pin=ANT1-3
Added Pin To Net: NetName=NetANT1_3 Pin=C19-1
Added Pin To Net: NetName=NetANT1_3 Pin=C21-1
Added Pin To Net: NetName=NetANT1_3 Pin=L15-1
Added Net: Name=NetANT1_3
Added Pin To Net: NetName=NetC14_2 Pin=C14-2
Added Pin To Net: NetName=NetC14_2 Pin=U1-39
Added Net: Name=NetC14_2
Added Pin To Net: NetName=NetC15_2 Pin=C15-2
Added Pin To Net: NetName=NetC15_2 Pin=R7-2
Added Pin To Net: NetName=NetC15_2 Pin=R?-2
Added Pin To Net: NetName=NetC15_2 Pin=R?-2
Added Net: Name=NetC15_2
Added Pin To Net: NetName=NetC16_2 Pin=C16-2
Added Pin To Net: NetName=NetC16_2 Pin=R6-1
Added Pin To Net: NetName=NetC16_2 Pin=R8-2
Added Pin To Net: NetName=NetC16_2 Pin=R?-2
Added Pin To Net: NetName=NetC16_2 Pin=R?-2
Added Net: Name=NetC16_2
Added Pin To Net: NetName=NetC19_2 Pin=C19-2
Added Pin To Net: NetName=NetC19_2 Pin=L14-1
Added Net: Name=NetC19_2
Added Pin To Net: NetName=NetC20_1 Pin=C20-1
Added Pin To Net: NetName=NetC20_1 Pin=L13-2
Added Pin To Net: NetName=NetC20_1 Pin=L14-2
Added Net: Name=NetC20_1
Added Pin To Net: NetName=NetD1_2 Pin=D1-2
Added Pin To Net: NetName=NetD1_2 Pin=R1-2
Added Net: Name=NetD1_2
Added Pin To Net: NetName=NetD2_1 Pin=D2-1
Added Pin To Net: NetName=NetD2_1 Pin=R11-1
Added Net: Name=NetD2_1
Added Pin To Net: NetName=NetD2_4 Pin=D2-4
Added Net: Name=NetD2_4
Added Pin To Net: NetName=NetL4_1 Pin=L4-1
Added Pin To Net: NetName=NetL4_1 Pin=U1-13
Added Net: Name=NetL4_1
Added Pin To Net: NetName=NetL5_1 Pin=L5-1
Added Pin To Net: NetName=NetL5_1 Pin=U1-14
Added Net: Name=NetL5_1
Added Pin To Net: NetName=NetL6_1 Pin=L6-1
Added Pin To Net: NetName=NetL6_1 Pin=U1-15
Added Net: Name=NetL6_1
Added Pin To Net: NetName=NetL7_1 Pin=L7-1
Added Pin To Net: NetName=NetL7_1 Pin=U1-16
Added Net: Name=NetL7_1
Added Pin To Net: NetName=NetL8_1 Pin=L8-1
Added Pin To Net: NetName=NetL8_1 Pin=U1-17
Added Net: Name=NetL8_1
Added Pin To Net: NetName=NetL9_1 Pin=L9-1
Added Pin To Net: NetName=NetL9_1 Pin=U1-36
Added Net: Name=NetL9_1
Added Pin To Net: NetName=NetL9_2 Pin=L9-2
Added Pin To Net: NetName=NetL9_2 Pin=R2-2
Added Pin To Net: NetName=NetL9_2 Pin=U2-5
Added Net: Name=NetL9_2
Added Pin To Net: NetName=NetL10_1 Pin=L10-1
Added Pin To Net: NetName=NetL10_1 Pin=U1-38
Added Net: Name=NetL10_1
Added Pin To Net: NetName=NetL10_2 Pin=L10-2
Added Pin To Net: NetName=NetL10_2 Pin=U2-6
Added Net: Name=NetL10_2
Added Pin To Net: NetName=NetL11_1 Pin=L11-1
Added Pin To Net: NetName=NetL11_1 Pin=U1-30
Added Net: Name=NetL11_1
Added Pin To Net: NetName=NetL11_2 Pin=L11-2
Added Pin To Net: NetName=NetL11_2 Pin=R5-2
Added Net: Name=NetL11_2
Added Pin To Net: NetName=NetL12_1 Pin=L12-1
Added Pin To Net: NetName=NetL12_1 Pin=P1-7
Added Net: Name=NetL12_1
Added Pin To Net: NetName=NetL12_2 Pin=L12-2
Added Pin To Net: NetName=NetL12_2 Pin=U1-11
Added Net: Name=NetL12_2
Added Pin To Net: NetName=NetL13_1 Pin=L13-1
Added Pin To Net: NetName=NetL13_1 Pin=U2-11
Added Net: Name=NetL13_1
Added Pin To Net: NetName=NetP1_5 Pin=P1-5
Added Pin To Net: NetName=NetP1_5 Pin=SW1-B
Added Pin To Net: NetName=NetP1_5 Pin=SW1-B
Added Pin To Net: NetName=NetP1_5 Pin=U1-3
Added Net: Name=NetP1_5
Added Pin To Net: NetName=NetP1_6 Pin=P1-6
Added Pin To Net: NetName=NetP1_6 Pin=U1-4
Added Net: Name=NetP1_6
Added Pin To Net: NetName=NetP1_8 Pin=P1-8
Added Pin To Net: NetName=NetP1_8 Pin=U1-5
Added Net: Name=NetP1_8
Added Pin To Net: NetName=NetP1_10 Pin=P1-10
Added Pin To Net: NetName=NetP1_10 Pin=U1-6
Added Net: Name=NetP1_10
Added Pin To Net: NetName=NetP2_1_2 Pin=P2_1-2
Added Pin To Net: NetName=NetP2_1_2 Pin=R?-1
Added Net: Name=NetP2_1_2
Added Pin To Net: NetName=NetP2_1_3 Pin=P2_1-3
Added Pin To Net: NetName=NetP2_1_3 Pin=R?-1
Added Net: Name=NetP2_1_3
Added Pin To Net: NetName=NetP2_1_4 Pin=P2_1-4
Added Pin To Net: NetName=NetP2_1_4 Pin=R?-1
Added Net: Name=NetP2_1_4
Added Pin To Net: NetName=NetP2_1_5 Pin=P2_1-5
Added Pin To Net: NetName=NetP2_1_5 Pin=R?-1
Added Net: Name=NetP2_1_5
Added Pin To Net: NetName=NetP2_1_7 Pin=P2_1-7
Added Net: Name=NetP2_1_7
Added Pin To Net: NetName=NetP2_2_3 Pin=P2_2-3
Added Net: Name=NetP2_2_3
Added Pin To Net: NetName=NetP2_2_4 Pin=P2_2-4
Added Net: Name=NetP2_2_4
Added Pin To Net: NetName=NetR1_1 Pin=R1-1
Added Pin To Net: NetName=NetR1_1 Pin=U1-34
Added Net: Name=NetR1_1
Added Pin To Net: NetName=NetR3_1 Pin=R3-1
Added Pin To Net: NetName=NetR3_1 Pin=R4-2
Added Pin To Net: NetName=NetR3_1 Pin=R6-2
Added Net: Name=NetR3_1
Added Pin To Net: NetName=NetR4_1 Pin=R4-1
Added Pin To Net: NetName=NetR4_1 Pin=U1-19
Added Net: Name=NetR4_1
Added Pin To Net: NetName=NetR7_1 Pin=R7-1
Added Pin To Net: NetName=NetR7_1 Pin=U1-1
Added Net: Name=NetR7_1
Added Pin To Net: NetName=NetR8_1 Pin=R8-1
Added Pin To Net: NetName=NetR8_1 Pin=U1-2
Added Net: Name=NetR8_1
Added Pin To Net: NetName=NetR9_1 Pin=R9-1
Added Pin To Net: NetName=NetR9_1 Pin=U2-7
Added Net: Name=NetR9_1
Added Pin To Net: NetName=NetR10_2 Pin=R10-2
Added Pin To Net: NetName=NetR10_2 Pin=U2-15
Added Net: Name=NetR10_2
Added Pin To Net: NetName=RF_N Pin=U1-25
Added Pin To Net: NetName=RF_N Pin=U2-2
Added Net: Name=RF_N
Added Pin To Net: NetName=RF_P Pin=U1-24
Added Pin To Net: NetName=RF_P Pin=U2-4
Added Net: Name=RF_P
Added Pin To Net: NetName=VDD_CC2590 Pin=C3-2
Added Pin To Net: NetName=VDD_CC2590 Pin=C22-2
Added Pin To Net: NetName=VDD_CC2590 Pin=C23-2
Added Pin To Net: NetName=VDD_CC2590 Pin=C24-2
Added Pin To Net: NetName=VDD_CC2590 Pin=C25-2
Added Pin To Net: NetName=VDD_CC2590 Pin=L3-2
Added Pin To Net: NetName=VDD_CC2590 Pin=R9-2
Added Pin To Net: NetName=VDD_CC2590 Pin=U2-1
Added Pin To Net: NetName=VDD_CC2590 Pin=U2-10
Added Pin To Net: NetName=VDD_CC2590 Pin=U2-13
Added Pin To Net: NetName=VDD_CC2590 Pin=U2-16
Added Net: Name=VDD_CC2590
Added Pin To Net: NetName=VDD Pin=C1-2
Added Pin To Net: NetName=VDD Pin=C4-2
Added Pin To Net: NetName=VDD Pin=C5-2
Added Pin To Net: NetName=VDD Pin=C6-2
Added Pin To Net: NetName=VDD Pin=C7-2
Added Pin To Net: NetName=VDD Pin=C8-2
Added Pin To Net: NetName=VDD Pin=C9-2
Added Pin To Net: NetName=VDD Pin=L1-2
Added Pin To Net: NetName=VDD Pin=U1-20
Added Pin To Net: NetName=VDD Pin=U1-23
Added Pin To Net: NetName=VDD Pin=U1-26
Added Pin To Net: NetName=VDD Pin=U1-27
Added Pin To Net: NetName=VDD Pin=U1-28
Added Pin To Net: NetName=VDD Pin=U1-31
Added Pin To Net: NetName=VDD Pin=U1-40
Added Net: Name=VDD
Added Pin To Net: NetName=X_N Pin=C17-2
Added Pin To Net: NetName=X_N Pin=U1-21
Added Pin To Net: NetName=X_N Pin=X_1-1
Added Net: Name=X_N
Added Pin To Net: NetName=X_P Pin=C18-2
Added Pin To Net: NetName=X_P Pin=U1-22
Added Pin To Net: NetName=X_P Pin=X_1-3
Added Net: Name=X_P
Added Class: Name=nanopiair_audiohat
Added Differential Pair: Name=RF
Added Room: Name=nanopiair_audiohat
