Removed Pin From Net: NetName=3V3 Pin=R1-2
Removed Pin From Net: NetName=NetD2_1 Pin=R11-1
Removed Pin From Net: NetName=GND Pin=R11-2
Removed Pin From Net: NetName=GND Pin=U1-V
Removed Pin From Net: NetName=GND Pin=U1-V
Removed Pin From Net: NetName=GND Pin=U1-V
Removed Pin From Net: NetName=GND Pin=U1-V
Removed Pin From Net: NetName=GND Pin=U1-V
Removed Pin From Net: NetName=GND Pin=U1-V
Removed Pin From Net: NetName=GND Pin=U1-V
Removed Pin From Net: NetName=GND Pin=U1-V
Removed Pin From Net: NetName=GND Pin=U1-V
Removed Pin From Net: NetName=GND Pin=U1-V
Removed Pin From Net: NetName=GND Pin=U1-V
Removed Pin From Net: NetName=GND Pin=U1-V
Removed Pin From Net: NetName=GND Pin=U2-V
Removed Pin From Net: NetName=GND Pin=U2-V
Removed Pin From Net: NetName=GND Pin=U2-V
Removed Pin From Net: NetName=GND Pin=U2-V
Removed Member From Class: ClassName=nanopiair_audiohat Member=R11
Change component parameters: Designator = "C19"; Footprint = "C_0402_RF_IN"; UniqueID = "\GLIYTRTD"
Change component parameters. Clean all parameters for all variants
Change component parameters (AddParameter): Name = "Value"; Value = "20pF"; VariantName = "[No Variations]"
Change component parameters: Designator = "C20"; Footprint = "C_0402_RF_IN_OUT"; UniqueID = "\JGWUWIXK"
Change component parameters. Clean all parameters for all variants
Change component parameters (AddParameter): Name = "Value"; Value = "1.6pF"; VariantName = "[No Variations]"
Change component parameters: Designator = "C21"; Footprint = "C_0402_RF_IN_OUT"; UniqueID = "\EDBMVDHS"
Change component parameters. Clean all parameters for all variants
Change component parameters (AddParameter): Name = "Value"; Value = "1.3pF"; VariantName = "[No Variations]"
Change component parameters: Designator = "L15"; Footprint = "L_0402_RF_IN_OUT"; UniqueID = "\FLLSJXBM"
Change component parameters. Clean all parameters for all variants
Change component parameters (AddParameter): Name = "Value"; Value = "1.5nH DNM"; VariantName = "[No Variations]"
Change component parameters: Designator = "R1"; Footprint = "R_0402"; UniqueID = "\PKPRALAC"
Change component parameters. Clean all parameters for all variants
Change component parameters (AddParameter): Name = ""; Value = "330"; VariantName = "[No Variations]"
Added Pin To Net: NetName=NetD2_1 Pin=R1-2
Added Member To Class: ClassName=nanopiair_audiohat Member=Component C19 
Added Member To Class: ClassName=nanopiair_audiohat Member=Component L15 Inductor
Added Member To Class: ClassName=nanopiair_audiohat Member=Component R6 Res1
Added Room: Name=nanopiair_audiohat
