Removed Pin From Net: NetName=NetD2_4 Pin=R1-2
Change Component Designator: OldDesignator=P? NewDesignator=P2
Change component parameters: Designator = "R1"; Footprint = "R_0402"; UniqueID = "\PKPRALAC"
Change component parameters. Clean all parameters for all variants
Change component parameters (AddParameter): Name = "Value"; Value = "10k"; VariantName = "[No Variations]"
Added Component: Designator=Q1(SOT-23B_N)
Add component. Clean all parameters for all variants
Add component (AddParameter): Name = "LatestRevisionDate"; Value = "29-May-2009"; VariantName = "[No Variations]"
Add component (AddParameter): Name = "LatestRevisionNote"; Value = "IPC-7351 Footprint Added."; VariantName = "[No Variations]"
Add component (AddParameter): Name = "PackageDescription"; Value = "3-Pin SOT-23 Package 0.95 mm Pitch, 2.4 mm Lead Span"; VariantName = "[No Variations]"
Add component (AddParameter): Name = "PackageReference"; Value = "SOT-23B"; VariantName = "[No Variations]"
Add component (AddParameter): Name = "PackageVersion"; Value = "Aug-1999"; VariantName = "[No Variations]"
Add component (AddParameter): Name = "Published"; Value = "8-Jun-2000"; VariantName = "[No Variations]"
Add component (AddParameter): Name = "Publisher"; Value = "Altium Limited"; VariantName = "[No Variations]"
Added Component: Designator=Q2(SOT-23B_N)
Add component. Clean all parameters for all variants
Add component (AddParameter): Name = "LatestRevisionDate"; Value = "29-May-2009"; VariantName = "[No Variations]"
Add component (AddParameter): Name = "LatestRevisionNote"; Value = "IPC-7351 Footprint Added."; VariantName = "[No Variations]"
Add component (AddParameter): Name = "PackageDescription"; Value = "3-Pin SOT-23 Package 0.95 mm Pitch, 2.4 mm Lead Span"; VariantName = "[No Variations]"
Add component (AddParameter): Name = "PackageReference"; Value = "SOT-23B"; VariantName = "[No Variations]"
Add component (AddParameter): Name = "PackageVersion"; Value = "Aug-1999"; VariantName = "[No Variations]"
Add component (AddParameter): Name = "Published"; Value = "8-Jun-2000"; VariantName = "[No Variations]"
Add component (AddParameter): Name = "Publisher"; Value = "Altium Limited"; VariantName = "[No Variations]"
Added Component: Designator=R16(R_0402)
Add component. Clean all parameters for all variants
Add component (AddParameter): Name = "Value"; Value = "330"; VariantName = "[No Variations]"
Added Component: Designator=R17(R_0402)
Add component. Clean all parameters for all variants
Add component (AddParameter): Name = "Value"; Value = "330"; VariantName = "[No Variations]"
Added Pin To Net: NetName=5V Pin=P2-2
Added Pin To Net: NetName=5V Pin=P2-4
Added Pin To Net: NetName=5V Pin=P2_1-1
Added Pin To Net: NetName=GND Pin=Q1-2
Added Pin To Net: NetName=GND Pin=Q2-2
Added Pin To Net: NetName=3V3 Pin=R1-2
Added Pin To Net: NetName=NetD2_4 Pin=R16-1
Added Pin To Net: NetName=NetD2_2 Pin=D2-2
Added Pin To Net: NetName=NetD2_2 Pin=R17-1
Added Net: Name=NetD2_2
Added Pin To Net: NetName=NetP2_16 Pin=P2-16
Added Pin To Net: NetName=NetP2_16 Pin=Q2-1
Added Net: Name=NetP2_16
Added Pin To Net: NetName=NetP2_18 Pin=P2-18
Added Pin To Net: NetName=NetP2_18 Pin=Q1-1
Added Net: Name=NetP2_18
Added Pin To Net: NetName=NetQ1_3 Pin=Q1-3
Added Pin To Net: NetName=NetQ1_3 Pin=R16-2
Added Net: Name=NetQ1_3
Added Pin To Net: NetName=NetQ2_3 Pin=Q2-3
Added Pin To Net: NetName=NetQ2_3 Pin=R17-2
Added Net: Name=NetQ2_3
Added Member To Class: ClassName=nanopiair_audiohat Member=Component Q1 QNPN
Added Member To Class: ClassName=nanopiair_audiohat Member=Component Q2 QNPN
Added Member To Class: ClassName=nanopiair_audiohat Member=Component R16 Res1
Added Member To Class: ClassName=nanopiair_audiohat Member=Component R17 Res1
Added Room: Name=nanopiair_audiohat
